[setup_microenvironment] ECM impedance correction mode: dt-aware DRUG ONLY (O2/TGFb/SHH legacy)
[ThresholdConfig] Loaded from XML:  HIF1A O2=15 mmHg  Necrosis O2=5 mmHg  TGFB=0.1  SHH=1e-05
[setup_microenvironment] Loaded calibration profile: AsPC-1
[setup_microenvironment] Substrate indices: oxygen=0 tgfb=1 shh=2 ecm_density=4 drug=3
[setup_microenvironment] Completed in 1.38316 ms
[create_cell_types] Completed in 6.79143 ms

================================================================
 §8.1  Baseline Validation Suite — Tumor-Intrinsic Traits v1.0 
================================================================
  [PASS]  Trait 1:  Constitutive Paracrine Secretion
  [PASS]  Trait 2:  TGF-beta Insensitivity (Arrest Arm Only)
  [PASS]  Trait 3:  Rapid Proliferation / Broken Checkpoints
  [PASS]  Trait 4:  Apoptotic Resistance at Baseline
  [PASS]  Trait 5:  Inducible EMT Under Stress  (Spatial)
  [PASS]  Trait 6:  Hypoxia-Responsive Phenotype Switching
  [PASS]  Trait 7:  Drug-Inducible Efflux  (Not Constitutive)
  [PASS]  Trait 8:  ECM Compaction  (Passive / Mechanical)
  [PASS]  Trait 9:  13-Knob Partition + AsPC-1/PANC-1 Knob 2
  [PASS]  Trait 10:  SHH Paradox Fast Invariants
----------------------------------------------------------------
  Result: 10/10 passed — ALL PASS.  Baseline is validated.
================================================================

[setup_tissue] No intervention JSON provided; using active calibration defaults.
[setup_tissue] Placed tumor=60 stromal=20 cluster_radius=60um stroma_ring=[80,120]um in 1.88527 ms

[DIAG_T360_STROMAL] === One-time stromal diagnostic at t=360 ===
[DIAG_T360_STROMAL] Total live stromal: 20  PSCs(acta2=0): 20  CAFs(acta2=1): 0
[DIAG_T360_STROMAL] PSC #0  ID=61  transition_rate(0,0)=0  acta2_active=0  activation_mode=0  mechanical_pressure[16]=0.0970796
[DIAG_T360_STROMAL] PSC #1  ID=66  transition_rate(0,0)=0  acta2_active=0  activation_mode=0  mechanical_pressure[16]=0
[DIAG_T360_STROMAL] PSC #2  ID=76  transition_rate(0,0)=0  acta2_active=0  activation_mode=0  mechanical_pressure[16]=0.146721
[DIAG_T360_STROMAL] PSC #3  ID=60  transition_rate(0,0)=0  acta2_active=0  activation_mode=0  mechanical_pressure[16]=0.157058
[DIAG_T360_STROMAL] PSC #4  ID=65  transition_rate(0,0)=0  acta2_active=0  activation_mode=0  mechanical_pressure[16]=0.103424
[DIAG_T360_MECH_VERIFY] Checking mechanical_pressure for 3 random stromal cells:
[DIAG_T360_MECH_VERIFY]   cell ID=68  idx[16]=0  name_lookup=0  simple_pressure=0  STILL_ZERO
[DIAG_T360_MECH_VERIFY]   cell ID=72  idx[16]=0.0452647  name_lookup=0.0452647  simple_pressure=0.0924623  OK
[DIAG_T360_MECH_VERIFY]   cell ID=75  idx[16]=0.121143  name_lookup=0.121143  simple_pressure=0.2466  OK
[DIAG_T360_STROMAL] === end diagnostic ===

[perf] custom_function avg = 10.2093 us over 50000 calls
[perf] custom_function avg = 10.136 us over 100000 calls
[perf] custom_function avg = 10.0897 us over 150000 calls
[perf] custom_function avg = 10.1247 us over 200000 calls
[perf] custom_function avg = 10.1704 us over 250000 calls
[perf] custom_function avg = 10.2297 us over 300000 calls
[DRUG_SCHEDULE] t=20166 Drug ON  concentration=0.1
[CUSTOM_DATA_DEBUG] drug present. cell_type=tumor_cell n_vars=62
  [0] KRAS = 1
  [1] MYC = 0.5
  [2] EGFR = 0.5
  [3] TP53 = 0
  [4] CDKN2A = 0.8
  [5] SMAD4 = 0
  [6] RB1 = 0
  [7] BCL_XL = 0
  [8] BAX = 0.5
  [9] ZEB1 = 0
  [10] CDH1 = 1
  [11] MMP2 = 0
  [12] TGFB1_expr = 0.8
  [13] SHH_expr = 0.7
  [14] HIF1A = 0.3
  [15] NRF2 = 9.1763e-44
  [16] ABCB1 = 0.0451791
  [17] is_mesenchymal = 0
  [18] stress_level = 0
  [19] drug_sensitivity = 0
  [20] apoptosis_threshold = 0
  [21] cell_id = 304
  [22] parent_id = 294
  [23] gene_state_KRAS = 1
  [24] gene_state_TP53 = 2
  [25] gene_state_CDKN2A = 2
  [26] gene_state_SMAD4 = 2
  [27] gene_state_BCL_XL = 1
  [28] gene_state_MYC = 0
  [29] gene_state_EGFR = 0
  [30] gene_state_RB1 = 0
  [31] gene_state_BAX = 0
  [32] gene_state_ZEB1 = 0
  [33] gene_state_CDH1 = 0
  [34] gene_state_MMP2 = 0
  [35] gene_state_TGFB1 = 0
  [36] gene_state_SHH = 0
  [37] gene_state_HIF1A = 0
  [38] gene_state_NRF2 = 0
  [39] gene_state_ABCB1 = 0
  [40] gene_state_HAS2 = 0
  [41] gene_state_COL1A1 = 0
  [42] gene_state_GLI1 = 0
  [43] gene_state_ACTA2 = 0
  [44] hif1a_active = 0
  [45] zeb1_active = 0
  [46] cdh1_expressed = 1
  [47] nrf2_active = 9.1763e-44
  [48] abcb1_active = 0.0451791
  [49] mmp2_active = 0
  [50] intracellular_drug = 0
  [51] time_since_drug_exposure = -1
  [52] time_alive = 0
  [53] emt_extent = 0
  [54] mechanical_pressure = 15.793
  [55] emt_signal_time = 0
  [56] emt_activation_time = 0
  [57] final_prolif_rate = 0.00048
  [58] time_since_drug_withdrawal = -1
  [59] in_resistance_memory = 0
  [60] nrf2_withdrawal_anchor = 0
  [61] abcb1_withdrawal_anchor = 0
  idx[intracellular_drug]=50
  idx[nrf2_active]=47
  idx[abcb1_active]=48
  idx[NRF2]=15
  idx[ABCB1]=16
  idx[time_since_drug_exposure]=51
  idx[mechanical_pressure]=54
  idx[drug_uptake_rate]=-1
[perf] custom_function avg = 10.2639 us over 350000 calls
[perf] custom_function avg = 10.2501 us over 400000 calls
[perf] custom_function avg = 10.2191 us over 450000 calls
[DRUG_SCHEDULE] t=40326 Drug WITHDRAWN (BC→0, interior dissipates)
[perf] custom_function avg = 10.1822 us over 500000 calls
