[setup_microenvironment] ECM impedance correction mode: dt-aware DRUG ONLY (O2/TGFb/SHH legacy)
[ThresholdConfig] Loaded from XML:  HIF1A O2=15 mmHg  Necrosis O2=5 mmHg  TGFB=0.1  SHH=1e-05
[setup_microenvironment] Loaded calibration profile: AsPC-1
[setup_microenvironment] Substrate indices: oxygen=0 tgfb=1 shh=2 ecm_density=4 drug=3
[setup_microenvironment] Completed in 6.6671 ms
[create_cell_types] Completed in 6.28213 ms

================================================================
 §8.1  Baseline Validation Suite — Tumor-Intrinsic Traits v1.0 
================================================================
  [PASS]  Trait 1:  Constitutive Paracrine Secretion
  [PASS]  Trait 2:  TGF-beta Insensitivity (Arrest Arm Only)
  [PASS]  Trait 3:  Rapid Proliferation / Broken Checkpoints
  [PASS]  Trait 4:  Apoptotic Resistance at Baseline
  [PASS]  Trait 5:  Inducible EMT Under Stress  (Spatial)
  [PASS]  Trait 6:  Hypoxia-Responsive Phenotype Switching
  [PASS]  Trait 7:  Drug-Inducible Efflux  (Not Constitutive)
  [PASS]  Trait 8:  ECM Compaction  (Passive / Mechanical)
  [PASS]  Trait 9:  13-Knob Partition + AsPC-1/PANC-1 Knob 2
  [PASS]  Trait 10:  SHH Paradox Fast Invariants
----------------------------------------------------------------
  Result: 10/10 passed — ALL PASS.  Baseline is validated.
================================================================

[setup_tissue] No intervention JSON provided; using active calibration defaults.
[setup_tissue] Placed tumor=50 stromal=500 cluster_radius=100um stroma_ring=[100,300]um in 7.71391 ms

[DIAG_T360_STROMAL] === One-time stromal diagnostic at t=366 ===
[DIAG_T360_STROMAL] Total live stromal: 508  PSCs(acta2=0): 355  CAFs(acta2=1): 153
[DIAG_T360_STROMAL] PSC #0  ID=163  transition_rate(0,0)=0  acta2_active=0  activation_mode=0  mechanical_pressure[16]=0.0951095
[DIAG_T360_STROMAL] PSC #1  ID=492  transition_rate(0,0)=0  acta2_active=0  activation_mode=0  mechanical_pressure[16]=0.130123
[DIAG_T360_STROMAL] PSC #2  ID=480  transition_rate(0,0)=0  acta2_active=0  activation_mode=0  mechanical_pressure[16]=0.07786
[DIAG_T360_STROMAL] PSC #3  ID=82  transition_rate(0,0)=0  acta2_active=0  activation_mode=0  mechanical_pressure[16]=0.229196
[DIAG_T360_STROMAL] PSC #4  ID=458  transition_rate(0,0)=0  acta2_active=0  activation_mode=0  mechanical_pressure[16]=0.256518
[DIAG_T360_STROMAL] CAF #0  ID=51  transition_rate(0,0)=0.000107916  acta2_active=1  activation_mode=1  mechanical_pressure[16]=0.111872
[DIAG_T360_STROMAL] CAF #1  ID=60  transition_rate(0,0)=0.000122173  acta2_active=1  activation_mode=1  mechanical_pressure[16]=1.39239e-05
[DIAG_T360_STROMAL] CAF #2  ID=61  transition_rate(0,0)=0.0001  acta2_active=1  activation_mode=1  mechanical_pressure[16]=0.171441
[DIAG_T360_MECH_VERIFY] Checking mechanical_pressure for 3 random stromal cells:
[DIAG_T360_MECH_VERIFY]   cell ID=433  idx[16]=0.258142  name_lookup=0.258142  simple_pressure=0.860472  OK
[DIAG_T360_MECH_VERIFY]   cell ID=296  idx[16]=0.0987017  name_lookup=0.0987017  simple_pressure=0.329006  OK
[DIAG_T360_MECH_VERIFY]   cell ID=479  idx[16]=0  name_lookup=0  simple_pressure=0  STILL_ZERO
[DIAG_T360_STROMAL] === end diagnostic ===

[perf] custom_function avg = 10.7393 us over 50000 calls
[perf] custom_function avg = 10.7701 us over 100000 calls
[perf] custom_function avg = 10.8561 us over 150000 calls
[perf] custom_function avg = 10.9623 us over 200000 calls
[perf] custom_function avg = 11.056 us over 250000 calls
[perf] custom_function avg = 11.118 us over 300000 calls
[perf] custom_function avg = 11.1646 us over 350000 calls
[perf] custom_function avg = 11.2166 us over 400000 calls
[perf] custom_function avg = 11.2579 us over 450000 calls
[perf] custom_function avg = 11.2954 us over 500000 calls
[perf] custom_function avg = 11.3328 us over 550000 calls
[perf] custom_function avg = 11.3758 us over 600000 calls
[perf] custom_function avg = 11.4106 us over 650000 calls
[perf] custom_function avg = 11.4499 us over 700000 calls
[perf] custom_function avg = 11.4883 us over 750000 calls
[perf] custom_function avg = 11.5204 us over 800000 calls
[perf] custom_function avg = 11.5487 us over 850000 calls
[perf] custom_function avg = 11.5784 us over 900000 calls
[perf] custom_function avg = 11.6104 us over 950000 calls
[perf] custom_function avg = 11.6348 us over 1000000 calls
[perf] custom_function avg = 11.6575 us over 1050000 calls
[perf] custom_function avg = 11.675 us over 1100000 calls
[perf] custom_function avg = 11.6944 us over 1150000 calls
[perf] custom_function avg = 11.7162 us over 1200000 calls
[perf] custom_function avg = 11.7412 us over 1250000 calls
[perf] custom_function avg = 11.7677 us over 1300000 calls
[perf] custom_function avg = 11.7932 us over 1350000 calls
[perf] custom_function avg = 11.8228 us over 1400000 calls
[perf] custom_function avg = 11.8492 us over 1450000 calls
[perf] custom_function avg = 11.8753 us over 1500000 calls
[perf] custom_function avg = 11.8985 us over 1550000 calls
[perf] custom_function avg = 11.9235 us over 1600000 calls
[perf] custom_function avg = 11.9493 us over 1650000 calls
[perf] custom_function avg = 11.9725 us over 1700000 calls
[perf] custom_function avg = 11.9983 us over 1750000 calls
[perf] custom_function avg = 12.0232 us over 1800000 calls
[perf] custom_function avg = 12.0486 us over 1850000 calls
[perf] custom_function avg = 12.0729 us over 1900000 calls
[perf] custom_function avg = 12.0961 us over 1950000 calls
[perf] custom_function avg = 12.109 us over 2000000 calls
[perf] custom_function avg = 12.1235 us over 2050000 calls
[perf] custom_function avg = 12.1387 us over 2100000 calls
[perf] custom_function avg = 12.1564 us over 2150000 calls
[perf] custom_function avg = 12.1743 us over 2200000 calls
[perf] custom_function avg = 12.1923 us over 2250000 calls
[perf] custom_function avg = 12.2101 us over 2300000 calls
[perf] custom_function avg = 12.2265 us over 2350000 calls
[perf] custom_function avg = 12.2427 us over 2400000 calls
[perf] custom_function avg = 12.2575 us over 2450000 calls
[perf] custom_function avg = 12.2738 us over 2500000 calls
[perf] custom_function avg = 12.2894 us over 2550000 calls
[perf] custom_function avg = 12.3037 us over 2600000 calls
[perf] custom_function avg = 12.3169 us over 2650000 calls
[perf] custom_function avg = 12.331 us over 2700000 calls
[perf] custom_function avg = 12.3445 us over 2750000 calls
[perf] custom_function avg = 12.3584 us over 2800000 calls
[perf] custom_function avg = 12.3708 us over 2850000 calls
[perf] custom_function avg = 12.3837 us over 2900000 calls
[perf] custom_function avg = 12.396 us over 2950000 calls
[perf] custom_function avg = 12.4083 us over 3000000 calls
[perf] custom_function avg = 12.4192 us over 3050000 calls
[perf] custom_function avg = 12.4305 us over 3100000 calls
[perf] custom_function avg = 12.4405 us over 3150000 calls
[perf] custom_function avg = 12.4517 us over 3200000 calls
[perf] custom_function avg = 12.4613 us over 3250000 calls
[perf] custom_function avg = 12.4688 us over 3300000 calls
[perf] custom_function avg = 12.4772 us over 3350000 calls
[perf] custom_function avg = 12.4854 us over 3400000 calls
[perf] custom_function avg = 12.4935 us over 3450000 calls
[perf] custom_function avg = 12.5014 us over 3500000 calls
[perf] custom_function avg = 12.5094 us over 3550000 calls
[perf] custom_function avg = 12.5163 us over 3600000 calls
[perf] custom_function avg = 12.5233 us over 3650000 calls
[perf] custom_function avg = 12.531 us over 3700000 calls
[perf] custom_function avg = 12.5387 us over 3750000 calls
[perf] custom_function avg = 12.5468 us over 3800000 calls
[perf] custom_function avg = 12.5531 us over 3850000 calls
[perf] custom_function avg = 12.5594 us over 3900000 calls
[perf] custom_function avg = 12.5648 us over 3950000 calls
[perf] custom_function avg = 12.5697 us over 4000000 calls
[DRUG_SCHEDULE] t=20166 Drug ON  concentration=0.1
[CUSTOM_DATA_DEBUG] drug present. cell_type=tumor_cell n_vars=62
  [0] KRAS = 1
  [1] MYC = 0.5
  [2] EGFR = 0.5
  [3] TP53 = 0
  [4] CDKN2A = 0.8
  [5] SMAD4 = 0
  [6] RB1 = 0
  [7] BCL_XL = 0
  [8] BAX = 0.5
  [9] ZEB1 = 1
  [10] CDH1 = 0
  [11] MMP2 = 1
  [12] TGFB1_expr = 0.8
  [13] SHH_expr = 0.7
  [14] HIF1A = 0.3
  [15] NRF2 = 4.98646e-198
  [16] ABCB1 = 0.000333693
  [17] is_mesenchymal = 1
  [18] stress_level = 0
  [19] drug_sensitivity = 0
  [20] apoptosis_threshold = 0
  [21] cell_id = 1541
  [22] parent_id = 1081
  [23] gene_state_KRAS = 1
  [24] gene_state_TP53 = 2
  [25] gene_state_CDKN2A = 2
  [26] gene_state_SMAD4 = 2
  [27] gene_state_BCL_XL = 1
  [28] gene_state_MYC = 0
  [29] gene_state_EGFR = 0
  [30] gene_state_RB1 = 0
  [31] gene_state_BAX = 0
  [32] gene_state_ZEB1 = 0
  [33] gene_state_CDH1 = 0
  [34] gene_state_MMP2 = 0
  [35] gene_state_TGFB1 = 0
  [36] gene_state_SHH = 0
  [37] gene_state_HIF1A = 0
  [38] gene_state_NRF2 = 0
  [39] gene_state_ABCB1 = 0
  [40] gene_state_HAS2 = 0
  [41] gene_state_COL1A1 = 0
  [42] gene_state_GLI1 = 0
  [43] gene_state_ACTA2 = 0
  [44] hif1a_active = 0
  [45] zeb1_active = 1
  [46] cdh1_expressed = 0
  [47] nrf2_active = 4.98646e-198
  [48] abcb1_active = 0.000333693
  [49] mmp2_active = 1
  [50] intracellular_drug = 0.00277934
  [51] time_since_drug_exposure = 6
  [52] time_alive = 0
  [53] emt_extent = 3
  [54] mechanical_pressure = 0
  [55] emt_signal_time = 360
  [56] emt_activation_time = 13140
  [57] final_prolif_rate = 2.4e-05
  [58] time_since_drug_withdrawal = 0
  [59] in_resistance_memory = 0
  [60] nrf2_withdrawal_anchor = 4.98646e-198
  [61] abcb1_withdrawal_anchor = 0.000333693
  idx[intracellular_drug]=50
  idx[nrf2_active]=47
  idx[abcb1_active]=48
  idx[NRF2]=15
  idx[ABCB1]=16
  idx[time_since_drug_exposure]=51
  idx[mechanical_pressure]=54
  idx[drug_uptake_rate]=-1
[perf] custom_function avg = 12.5752 us over 4050000 calls
[perf] custom_function avg = 12.5784 us over 4100000 calls
[perf] custom_function avg = 12.5819 us over 4150000 calls
[perf] custom_function avg = 12.5842 us over 4200000 calls
[perf] custom_function avg = 12.586 us over 4250000 calls
[perf] custom_function avg = 12.5878 us over 4300000 calls
[perf] custom_function avg = 12.5891 us over 4350000 calls
[perf] custom_function avg = 12.5909 us over 4400000 calls
[perf] custom_function avg = 12.5919 us over 4450000 calls
[perf] custom_function avg = 12.5922 us over 4500000 calls
[perf] custom_function avg = 12.5924 us over 4550000 calls
[perf] custom_function avg = 12.5919 us over 4600000 calls
[perf] custom_function avg = 12.5916 us over 4650000 calls
[perf] custom_function avg = 12.5913 us over 4700000 calls
[perf] custom_function avg = 12.5911 us over 4750000 calls
[perf] custom_function avg = 12.5909 us over 4800000 calls
[perf] custom_function avg = 12.5904 us over 4850000 calls
[perf] custom_function avg = 12.5901 us over 4900000 calls
[perf] custom_function avg = 12.5902 us over 4950000 calls
[perf] custom_function avg = 12.5895 us over 5000000 calls
[perf] custom_function avg = 12.5886 us over 5050000 calls
[perf] custom_function avg = 12.5874 us over 5100000 calls
[perf] custom_function avg = 12.5855 us over 5150000 calls
[perf] custom_function avg = 12.5838 us over 5200000 calls
[perf] custom_function avg = 12.5823 us over 5250000 calls
[perf] custom_function avg = 12.5808 us over 5300000 calls
[perf] custom_function avg = 12.5795 us over 5350000 calls
[perf] custom_function avg = 12.5782 us over 5400000 calls
[perf] custom_function avg = 12.5762 us over 5450000 calls
[perf] custom_function avg = 12.5738 us over 5500000 calls
[perf] custom_function avg = 12.5715 us over 5550000 calls
[perf] custom_function avg = 12.569 us over 5600000 calls
[perf] custom_function avg = 12.5665 us over 5650000 calls
[perf] custom_function avg = 12.5643 us over 5700000 calls
[perf] custom_function avg = 12.5619 us over 5750000 calls
[perf] custom_function avg = 12.5592 us over 5800000 calls
[perf] custom_function avg = 12.5571 us over 5850000 calls
[perf] custom_function avg = 12.5539 us over 5900000 calls
[perf] custom_function avg = 12.5506 us over 5950000 calls
[perf] custom_function avg = 12.5475 us over 6000000 calls
[perf] custom_function avg = 12.5439 us over 6050000 calls
[perf] custom_function avg = 12.5396 us over 6100000 calls
[perf] custom_function avg = 12.536 us over 6150000 calls
[perf] custom_function avg = 12.5318 us over 6200000 calls
[perf] custom_function avg = 12.5273 us over 6250000 calls
[perf] custom_function avg = 12.5232 us over 6300000 calls
[perf] custom_function avg = 12.5195 us over 6350000 calls
[perf] custom_function avg = 12.5151 us over 6400000 calls
[perf] custom_function avg = 12.5109 us over 6450000 calls
[perf] custom_function avg = 12.5069 us over 6500000 calls
[perf] custom_function avg = 12.5031 us over 6550000 calls
[perf] custom_function avg = 12.4992 us over 6600000 calls
[perf] custom_function avg = 12.4957 us over 6650000 calls
[perf] custom_function avg = 12.4919 us over 6700000 calls
[perf] custom_function avg = 12.488 us over 6750000 calls
[perf] custom_function avg = 12.4842 us over 6800000 calls
[perf] custom_function avg = 12.4806 us over 6850000 calls
[perf] custom_function avg = 12.4772 us over 6900000 calls
[perf] custom_function avg = 12.4735 us over 6950000 calls
[perf] custom_function avg = 12.4703 us over 7000000 calls
[perf] custom_function avg = 12.4663 us over 7050000 calls
[perf] custom_function avg = 12.4627 us over 7100000 calls
[perf] custom_function avg = 12.459 us over 7150000 calls
[perf] custom_function avg = 12.4556 us over 7200000 calls
[perf] custom_function avg = 12.4523 us over 7250000 calls
[perf] custom_function avg = 12.4487 us over 7300000 calls
[perf] custom_function avg = 12.4448 us over 7350000 calls
[perf] custom_function avg = 12.4412 us over 7400000 calls
[perf] custom_function avg = 12.4372 us over 7450000 calls
[perf] custom_function avg = 12.4335 us over 7500000 calls
[perf] custom_function avg = 12.4294 us over 7550000 calls
[perf] custom_function avg = 12.4261 us over 7600000 calls
[perf] custom_function avg = 12.4224 us over 7650000 calls
[perf] custom_function avg = 12.4186 us over 7700000 calls
[perf] custom_function avg = 12.4146 us over 7750000 calls
[perf] custom_function avg = 12.4106 us over 7800000 calls
[perf] custom_function avg = 12.4063 us over 7850000 calls
[perf] custom_function avg = 12.4019 us over 7900000 calls
[perf] custom_function avg = 12.3978 us over 7950000 calls
[perf] custom_function avg = 12.3937 us over 8000000 calls
[perf] custom_function avg = 12.3896 us over 8050000 calls
[perf] custom_function avg = 12.3855 us over 8100000 calls
[perf] custom_function avg = 12.3818 us over 8150000 calls
[perf] custom_function avg = 12.3779 us over 8200000 calls
[perf] custom_function avg = 12.3741 us over 8250000 calls
[perf] custom_function avg = 12.3702 us over 8300000 calls
[perf] custom_function avg = 12.3663 us over 8350000 calls
[perf] custom_function avg = 12.3627 us over 8400000 calls
[perf] custom_function avg = 12.3591 us over 8450000 calls
[perf] custom_function avg = 12.3552 us over 8500000 calls
[perf] custom_function avg = 12.3513 us over 8550000 calls
[perf] custom_function avg = 12.3479 us over 8600000 calls
[perf] custom_function avg = 12.3442 us over 8650000 calls
[perf] custom_function avg = 12.3406 us over 8700000 calls
[perf] custom_function avg = 12.3369 us over 8750000 calls
[perf] custom_function avg = 12.3334 us over 8800000 calls
[perf] custom_function avg = 12.3297 us over 8850000 calls
[perf] custom_function avg = 12.3257 us over 8900000 calls
[perf] custom_function avg = 12.3217 us over 8950000 calls
[perf] custom_function avg = 12.318 us over 9000000 calls
[perf] custom_function avg = 12.3141 us over 9050000 calls
[perf] custom_function avg = 12.3102 us over 9100000 calls
[perf] custom_function avg = 12.3063 us over 9150000 calls
[perf] custom_function avg = 12.3022 us over 9200000 calls
[perf] custom_function avg = 12.2982 us over 9250000 calls
[perf] custom_function avg = 12.2942 us over 9300000 calls
[perf] custom_function avg = 12.2904 us over 9350000 calls
[perf] custom_function avg = 12.2865 us over 9400000 calls
[perf] custom_function avg = 12.2829 us over 9450000 calls
[perf] custom_function avg = 12.2789 us over 9500000 calls
[perf] custom_function avg = 12.275 us over 9550000 calls
[perf] custom_function avg = 12.2711 us over 9600000 calls
[perf] custom_function avg = 12.2672 us over 9650000 calls
[perf] custom_function avg = 12.2634 us over 9700000 calls
[perf] custom_function avg = 12.2593 us over 9750000 calls
[perf] custom_function avg = 12.2555 us over 9800000 calls
[perf] custom_function avg = 12.2517 us over 9850000 calls
[perf] custom_function avg = 12.248 us over 9900000 calls
[perf] custom_function avg = 12.2445 us over 9950000 calls
[perf] custom_function avg = 12.2406 us over 10000000 calls
[perf] custom_function avg = 12.237 us over 10050000 calls
[perf] custom_function avg = 12.2334 us over 10100000 calls
[perf] custom_function avg = 12.2299 us over 10150000 calls
[perf] custom_function avg = 12.2262 us over 10200000 calls
[perf] custom_function avg = 12.2226 us over 10250000 calls
[perf] custom_function avg = 12.2189 us over 10300000 calls
[perf] custom_function avg = 12.2153 us over 10350000 calls
[perf] custom_function avg = 12.2116 us over 10400000 calls
[perf] custom_function avg = 12.2076 us over 10450000 calls
[perf] custom_function avg = 12.2036 us over 10500000 calls
[perf] custom_function avg = 12.1996 us over 10550000 calls
[perf] custom_function avg = 12.1955 us over 10600000 calls
[perf] custom_function avg = 12.1918 us over 10650000 calls
[perf] custom_function avg = 12.1879 us over 10700000 calls
[perf] custom_function avg = 12.1839 us over 10750000 calls
[perf] custom_function avg = 12.1806 us over 10800000 calls
[perf] custom_function avg = 12.1775 us over 10850000 calls
[perf] custom_function avg = 12.1742 us over 10900000 calls
[perf] custom_function avg = 12.1703 us over 10950000 calls
[perf] custom_function avg = 12.1663 us over 11000000 calls
[perf] custom_function avg = 12.1623 us over 11050000 calls
[perf] custom_function avg = 12.1585 us over 11100000 calls
[perf] custom_function avg = 12.1546 us over 11150000 calls
[perf] custom_function avg = 12.1506 us over 11200000 calls
[perf] custom_function avg = 12.1466 us over 11250000 calls
[perf] custom_function avg = 12.1411 us over 11300000 calls
[perf] custom_function avg = 12.1356 us over 11350000 calls
[perf] custom_function avg = 12.1305 us over 11400000 calls
[perf] custom_function avg = 12.1251 us over 11450000 calls
[perf] custom_function avg = 12.1195 us over 11500000 calls
[perf] custom_function avg = 12.1138 us over 11550000 calls
[perf] custom_function avg = 12.108 us over 11600000 calls
[perf] custom_function avg = 12.1024 us over 11650000 calls
[perf] custom_function avg = 12.0967 us over 11700000 calls
[perf] custom_function avg = 12.091 us over 11750000 calls
[perf] custom_function avg = 12.0854 us over 11800000 calls
[perf] custom_function avg = 12.0799 us over 11850000 calls
[perf] custom_function avg = 12.0745 us over 11900000 calls
[perf] custom_function avg = 12.0691 us over 11950000 calls
[perf] custom_function avg = 12.0638 us over 12000000 calls
[perf] custom_function avg = 12.0585 us over 12050000 calls
[perf] custom_function avg = 12.0532 us over 12100000 calls
[perf] custom_function avg = 12.0481 us over 12150000 calls
[perf] custom_function avg = 12.0432 us over 12200000 calls
[perf] custom_function avg = 12.0382 us over 12250000 calls
[perf] custom_function avg = 12.0331 us over 12300000 calls
[perf] custom_function avg = 12.0279 us over 12350000 calls
[perf] custom_function avg = 12.0229 us over 12400000 calls
[perf] custom_function avg = 12.018 us over 12450000 calls
[perf] custom_function avg = 12.0129 us over 12500000 calls
[perf] custom_function avg = 12.0079 us over 12550000 calls
[perf] custom_function avg = 12.0032 us over 12600000 calls
[perf] custom_function avg = 11.9984 us over 12650000 calls
[perf] custom_function avg = 11.9935 us over 12700000 calls
[perf] custom_function avg = 11.9889 us over 12750000 calls
[perf] custom_function avg = 11.9842 us over 12800000 calls
[perf] custom_function avg = 11.9796 us over 12850000 calls
[perf] custom_function avg = 11.9748 us over 12900000 calls
[perf] custom_function avg = 11.9701 us over 12950000 calls
[perf] custom_function avg = 11.9654 us over 13000000 calls
[perf] custom_function avg = 11.9609 us over 13050000 calls
[perf] custom_function avg = 11.9561 us over 13100000 calls
[perf] custom_function avg = 11.9515 us over 13150000 calls
[perf] custom_function avg = 11.9468 us over 13200000 calls
[perf] custom_function avg = 11.9424 us over 13250000 calls
[perf] custom_function avg = 11.938 us over 13300000 calls
[perf] custom_function avg = 11.9338 us over 13350000 calls
[perf] custom_function avg = 11.9295 us over 13400000 calls
[perf] custom_function avg = 11.9252 us over 13450000 calls
[perf] custom_function avg = 11.921 us over 13500000 calls
[perf] custom_function avg = 11.9168 us over 13550000 calls
[perf] custom_function avg = 11.913 us over 13600000 calls
[perf] custom_function avg = 11.909 us over 13650000 calls
[perf] custom_function avg = 11.9048 us over 13700000 calls
[perf] custom_function avg = 11.9007 us over 13750000 calls
[perf] custom_function avg = 11.8967 us over 13800000 calls
[perf] custom_function avg = 11.8927 us over 13850000 calls
[perf] custom_function avg = 11.8889 us over 13900000 calls
[perf] custom_function avg = 11.8848 us over 13950000 calls
[perf] custom_function avg = 11.8807 us over 14000000 calls
[perf] custom_function avg = 11.8767 us over 14050000 calls
[perf] custom_function avg = 11.8727 us over 14100000 calls
[perf] custom_function avg = 11.8688 us over 14150000 calls
[perf] custom_function avg = 11.865 us over 14200000 calls
[perf] custom_function avg = 11.861 us over 14250000 calls
[perf] custom_function avg = 11.8572 us over 14300000 calls
[perf] custom_function avg = 11.8533 us over 14350000 calls
[perf] custom_function avg = 11.8495 us over 14400000 calls
[perf] custom_function avg = 11.8458 us over 14450000 calls
[perf] custom_function avg = 11.8423 us over 14500000 calls
[perf] custom_function avg = 11.8388 us over 14550000 calls
[perf] custom_function avg = 11.8353 us over 14600000 calls
[perf] custom_function avg = 11.8317 us over 14650000 calls
[perf] custom_function avg = 11.8283 us over 14700000 calls
[perf] custom_function avg = 11.8249 us over 14750000 calls
[perf] custom_function avg = 11.8216 us over 14800000 calls
[perf] custom_function avg = 11.8183 us over 14850000 calls
[perf] custom_function avg = 11.815 us over 14900000 calls
[perf] custom_function avg = 11.8116 us over 14950000 calls
[perf] custom_function avg = 11.8082 us over 15000000 calls
[perf] custom_function avg = 11.8047 us over 15050000 calls
[perf] custom_function avg = 11.8012 us over 15100000 calls
[perf] custom_function avg = 11.7978 us over 15150000 calls
[perf] custom_function avg = 11.7945 us over 15200000 calls
[perf] custom_function avg = 11.791 us over 15250000 calls
[perf] custom_function avg = 11.7876 us over 15300000 calls
[perf] custom_function avg = 11.7841 us over 15350000 calls
[perf] custom_function avg = 11.7808 us over 15400000 calls
[perf] custom_function avg = 11.7775 us over 15450000 calls
[perf] custom_function avg = 11.774 us over 15500000 calls
[perf] custom_function avg = 11.7706 us over 15550000 calls
[perf] custom_function avg = 11.7672 us over 15600000 calls
[perf] custom_function avg = 11.7638 us over 15650000 calls
[perf] custom_function avg = 11.7605 us over 15700000 calls
[perf] custom_function avg = 11.7572 us over 15750000 calls
[perf] custom_function avg = 11.754 us over 15800000 calls
[perf] custom_function avg = 11.7508 us over 15850000 calls
[perf] custom_function avg = 11.7475 us over 15900000 calls
[perf] custom_function avg = 11.7442 us over 15950000 calls
[perf] custom_function avg = 11.7411 us over 16000000 calls
[perf] custom_function avg = 11.7377 us over 16050000 calls
[perf] custom_function avg = 11.7346 us over 16100000 calls
[DRUG_SCHEDULE] t=40326 Drug WITHDRAWN (BC→0, interior dissipates)
[perf] custom_function avg = 11.7315 us over 16150000 calls
[perf] custom_function avg = 11.7284 us over 16200000 calls
[perf] custom_function avg = 11.7253 us over 16250000 calls
[perf] custom_function avg = 11.7221 us over 16300000 calls
[perf] custom_function avg = 11.7189 us over 16350000 calls
[perf] custom_function avg = 11.7158 us over 16400000 calls
[perf] custom_function avg = 11.7128 us over 16450000 calls
[perf] custom_function avg = 11.7098 us over 16500000 calls
[perf] custom_function avg = 11.707 us over 16550000 calls
[perf] custom_function avg = 11.704 us over 16600000 calls
[perf] custom_function avg = 11.7012 us over 16650000 calls
[perf] custom_function avg = 11.6983 us over 16700000 calls
[perf] custom_function avg = 11.6952 us over 16750000 calls
[perf] custom_function avg = 11.6923 us over 16800000 calls
[perf] custom_function avg = 11.6893 us over 16850000 calls
[perf] custom_function avg = 11.6863 us over 16900000 calls
[perf] custom_function avg = 11.6834 us over 16950000 calls
[perf] custom_function avg = 11.6804 us over 17000000 calls
[perf] custom_function avg = 11.6773 us over 17050000 calls
[perf] custom_function avg = 11.6742 us over 17100000 calls
[perf] custom_function avg = 11.6712 us over 17150000 calls
[perf] custom_function avg = 11.6683 us over 17200000 calls
[perf] custom_function avg = 11.6652 us over 17250000 calls
[perf] custom_function avg = 11.6622 us over 17300000 calls
[perf] custom_function avg = 11.6592 us over 17350000 calls
[perf] custom_function avg = 11.6562 us over 17400000 calls
[perf] custom_function avg = 11.6533 us over 17450000 calls
[perf] custom_function avg = 11.6505 us over 17500000 calls
[perf] custom_function avg = 11.6476 us over 17550000 calls
[perf] custom_function avg = 11.6447 us over 17600000 calls
[perf] custom_function avg = 11.6418 us over 17650000 calls
[perf] custom_function avg = 11.6389 us over 17700000 calls
[perf] custom_function avg = 11.6362 us over 17750000 calls
[perf] custom_function avg = 11.6334 us over 17800000 calls
[perf] custom_function avg = 11.6307 us over 17850000 calls
[perf] custom_function avg = 11.6279 us over 17900000 calls
[perf] custom_function avg = 11.6252 us over 17950000 calls
[perf] custom_function avg = 11.6225 us over 18000000 calls
[perf] custom_function avg = 11.6198 us over 18050000 calls
[perf] custom_function avg = 11.6171 us over 18100000 calls
[perf] custom_function avg = 11.6143 us over 18150000 calls
[perf] custom_function avg = 11.6118 us over 18200000 calls
[perf] custom_function avg = 11.6091 us over 18250000 calls
[perf] custom_function avg = 11.6064 us over 18300000 calls
[perf] custom_function avg = 11.6037 us over 18350000 calls
[perf] custom_function avg = 11.6011 us over 18400000 calls
[perf] custom_function avg = 11.5984 us over 18450000 calls
[perf] custom_function avg = 11.5957 us over 18500000 calls
[perf] custom_function avg = 11.5931 us over 18550000 calls
[perf] custom_function avg = 11.5907 us over 18600000 calls
[perf] custom_function avg = 11.5881 us over 18650000 calls
[perf] custom_function avg = 11.5855 us over 18700000 calls
[perf] custom_function avg = 11.5831 us over 18750000 calls
[perf] custom_function avg = 11.5805 us over 18800000 calls
[perf] custom_function avg = 11.578 us over 18850000 calls
[perf] custom_function avg = 11.5755 us over 18900000 calls
[perf] custom_function avg = 11.573 us over 18950000 calls
[perf] custom_function avg = 11.5705 us over 19000000 calls
[perf] custom_function avg = 11.5677 us over 19050000 calls
[perf] custom_function avg = 11.5648 us over 19100000 calls
[perf] custom_function avg = 11.562 us over 19150000 calls
[perf] custom_function avg = 11.5592 us over 19200000 calls
[perf] custom_function avg = 11.5562 us over 19250000 calls
[perf] custom_function avg = 11.5534 us over 19300000 calls
[perf] custom_function avg = 11.5507 us over 19350000 calls
[perf] custom_function avg = 11.5479 us over 19400000 calls
[perf] custom_function avg = 11.5451 us over 19450000 calls
[perf] custom_function avg = 11.5424 us over 19500000 calls
[perf] custom_function avg = 11.5397 us over 19550000 calls
[perf] custom_function avg = 11.537 us over 19600000 calls
[perf] custom_function avg = 11.5342 us over 19650000 calls
[perf] custom_function avg = 11.5316 us over 19700000 calls
[perf] custom_function avg = 11.5289 us over 19750000 calls
[perf] custom_function avg = 11.5262 us over 19800000 calls
[perf] custom_function avg = 11.5235 us over 19850000 calls
[perf] custom_function avg = 11.5208 us over 19900000 calls
[perf] custom_function avg = 11.5181 us over 19950000 calls
[perf] custom_function avg = 11.5153 us over 20000000 calls
[perf] custom_function avg = 11.5126 us over 20050000 calls
[perf] custom_function avg = 11.51 us over 20100000 calls
[perf] custom_function avg = 11.5073 us over 20150000 calls
[perf] custom_function avg = 11.5047 us over 20200000 calls
[perf] custom_function avg = 11.502 us over 20250000 calls
[perf] custom_function avg = 11.4994 us over 20300000 calls
[perf] custom_function avg = 11.4967 us over 20350000 calls
[perf] custom_function avg = 11.4941 us over 20400000 calls
[perf] custom_function avg = 11.4915 us over 20450000 calls
[perf] custom_function avg = 11.489 us over 20500000 calls
[perf] custom_function avg = 11.4865 us over 20550000 calls
[perf] custom_function avg = 11.4839 us over 20600000 calls
[perf] custom_function avg = 11.4814 us over 20650000 calls
[perf] custom_function avg = 11.4789 us over 20700000 calls
[perf] custom_function avg = 11.4764 us over 20750000 calls
[perf] custom_function avg = 11.474 us over 20800000 calls
[perf] custom_function avg = 11.4715 us over 20850000 calls
[perf] custom_function avg = 11.4692 us over 20900000 calls
[perf] custom_function avg = 11.4668 us over 20950000 calls
[perf] custom_function avg = 11.4644 us over 21000000 calls
[perf] custom_function avg = 11.462 us over 21050000 calls
[perf] custom_function avg = 11.4596 us over 21100000 calls
[perf] custom_function avg = 11.4572 us over 21150000 calls
[perf] custom_function avg = 11.4548 us over 21200000 calls
[perf] custom_function avg = 11.4525 us over 21250000 calls
[perf] custom_function avg = 11.4502 us over 21300000 calls
[perf] custom_function avg = 11.4479 us over 21350000 calls
[perf] custom_function avg = 11.4455 us over 21400000 calls
[perf] custom_function avg = 11.4431 us over 21450000 calls
[perf] custom_function avg = 11.4407 us over 21500000 calls
[perf] custom_function avg = 11.4383 us over 21550000 calls
[perf] custom_function avg = 11.436 us over 21600000 calls
[perf] custom_function avg = 11.4336 us over 21650000 calls
[perf] custom_function avg = 11.4315 us over 21700000 calls
[perf] custom_function avg = 11.4292 us over 21750000 calls
[perf] custom_function avg = 11.4269 us over 21800000 calls
[perf] custom_function avg = 11.4245 us over 21850000 calls
[perf] custom_function avg = 11.4222 us over 21900000 calls
[perf] custom_function avg = 11.4199 us over 21950000 calls
[perf] custom_function avg = 11.4176 us over 22000000 calls
[perf] custom_function avg = 11.4154 us over 22050000 calls
[perf] custom_function avg = 11.4132 us over 22100000 calls
[perf] custom_function avg = 11.4109 us over 22150000 calls
[perf] custom_function avg = 11.4087 us over 22200000 calls
[perf] custom_function avg = 11.4064 us over 22250000 calls
[perf] custom_function avg = 11.4042 us over 22300000 calls
[perf] custom_function avg = 11.402 us over 22350000 calls
[perf] custom_function avg = 11.3997 us over 22400000 calls
[perf] custom_function avg = 11.3975 us over 22450000 calls
[perf] custom_function avg = 11.3953 us over 22500000 calls
[perf] custom_function avg = 11.3932 us over 22550000 calls
[perf] custom_function avg = 11.391 us over 22600000 calls
[perf] custom_function avg = 11.3889 us over 22650000 calls
[perf] custom_function avg = 11.3867 us over 22700000 calls
[perf] custom_function avg = 11.3845 us over 22750000 calls
[perf] custom_function avg = 11.3824 us over 22800000 calls
[perf] custom_function avg = 11.3802 us over 22850000 calls
[perf] custom_function avg = 11.378 us over 22900000 calls
[perf] custom_function avg = 11.3759 us over 22950000 calls
[perf] custom_function avg = 11.3738 us over 23000000 calls
[perf] custom_function avg = 11.3717 us over 23050000 calls
[perf] custom_function avg = 11.3696 us over 23100000 calls
[perf] custom_function avg = 11.3675 us over 23150000 calls
[perf] custom_function avg = 11.3655 us over 23200000 calls
[perf] custom_function avg = 11.3633 us over 23250000 calls
[perf] custom_function avg = 11.3613 us over 23300000 calls
[perf] custom_function avg = 11.3592 us over 23350000 calls
[perf] custom_function avg = 11.3573 us over 23400000 calls
[perf] custom_function avg = 11.3552 us over 23450000 calls
[perf] custom_function avg = 11.3532 us over 23500000 calls
[perf] custom_function avg = 11.3512 us over 23550000 calls
[perf] custom_function avg = 11.3491 us over 23600000 calls
[perf] custom_function avg = 11.3471 us over 23650000 calls
[perf] custom_function avg = 11.3451 us over 23700000 calls
[perf] custom_function avg = 11.343 us over 23750000 calls
[perf] custom_function avg = 11.341 us over 23800000 calls
[perf] custom_function avg = 11.3392 us over 23850000 calls
[perf] custom_function avg = 11.3372 us over 23900000 calls
[perf] custom_function avg = 11.3353 us over 23950000 calls
[perf] custom_function avg = 11.3334 us over 24000000 calls
[perf] custom_function avg = 11.3315 us over 24050000 calls
[perf] custom_function avg = 11.3296 us over 24100000 calls
[perf] custom_function avg = 11.3276 us over 24150000 calls
[perf] custom_function avg = 11.3257 us over 24200000 calls
[perf] custom_function avg = 11.3238 us over 24250000 calls
[perf] custom_function avg = 11.322 us over 24300000 calls
[perf] custom_function avg = 11.3201 us over 24350000 calls
[perf] custom_function avg = 11.3182 us over 24400000 calls
[perf] custom_function avg = 11.3164 us over 24450000 calls
[perf] custom_function avg = 11.3145 us over 24500000 calls
[perf] custom_function avg = 11.3126 us over 24550000 calls
[perf] custom_function avg = 11.3108 us over 24600000 calls
[perf] custom_function avg = 11.3088 us over 24650000 calls
[perf] custom_function avg = 11.307 us over 24700000 calls
[perf] custom_function avg = 11.3053 us over 24750000 calls
[perf] custom_function avg = 11.3035 us over 24800000 calls
[perf] custom_function avg = 11.3016 us over 24850000 calls
[perf] custom_function avg = 11.2998 us over 24900000 calls
[perf] custom_function avg = 11.2981 us over 24950000 calls
[perf] custom_function avg = 11.2963 us over 25000000 calls
[perf] custom_function avg = 11.2944 us over 25050000 calls
[perf] custom_function avg = 11.2926 us over 25100000 calls
[perf] custom_function avg = 11.2909 us over 25150000 calls
[perf] custom_function avg = 11.2892 us over 25200000 calls
[perf] custom_function avg = 11.2874 us over 25250000 calls
[perf] custom_function avg = 11.2857 us over 25300000 calls
[perf] custom_function avg = 11.284 us over 25350000 calls
[perf] custom_function avg = 11.2822 us over 25400000 calls
[perf] custom_function avg = 11.2804 us over 25450000 calls
[perf] custom_function avg = 11.2787 us over 25500000 calls
[perf] custom_function avg = 11.277 us over 25550000 calls
[perf] custom_function avg = 11.2753 us over 25600000 calls
[perf] custom_function avg = 11.2736 us over 25650000 calls
[perf] custom_function avg = 11.2719 us over 25700000 calls
[perf] custom_function avg = 11.2702 us over 25750000 calls
[perf] custom_function avg = 11.2685 us over 25800000 calls
[perf] custom_function avg = 11.2668 us over 25850000 calls
[perf] custom_function avg = 11.2651 us over 25900000 calls
[perf] custom_function avg = 11.2634 us over 25950000 calls
[perf] custom_function avg = 11.2617 us over 26000000 calls
[perf] custom_function avg = 11.2601 us over 26050000 calls
[perf] custom_function avg = 11.2584 us over 26100000 calls
[perf] custom_function avg = 11.2567 us over 26150000 calls
[perf] custom_function avg = 11.255 us over 26200000 calls
[perf] custom_function avg = 11.2534 us over 26250000 calls
[perf] custom_function avg = 11.2518 us over 26300000 calls
[perf] custom_function avg = 11.2501 us over 26350000 calls
[perf] custom_function avg = 11.2484 us over 26400000 calls
[perf] custom_function avg = 11.2468 us over 26450000 calls
[perf] custom_function avg = 11.2452 us over 26500000 calls
[perf] custom_function avg = 11.2436 us over 26550000 calls
[perf] custom_function avg = 11.2421 us over 26600000 calls
[perf] custom_function avg = 11.2406 us over 26650000 calls
[perf] custom_function avg = 11.239 us over 26700000 calls
[perf] custom_function avg = 11.2374 us over 26750000 calls
[perf] custom_function avg = 11.2359 us over 26800000 calls
[perf] custom_function avg = 11.2343 us over 26850000 calls
[perf] custom_function avg = 11.2328 us over 26900000 calls
[perf] custom_function avg = 11.2312 us over 26950000 calls
[perf] custom_function avg = 11.2296 us over 27000000 calls
[perf] custom_function avg = 11.228 us over 27050000 calls
[perf] custom_function avg = 11.2266 us over 27100000 calls
[perf] custom_function avg = 11.2251 us over 27150000 calls
[perf] custom_function avg = 11.2235 us over 27200000 calls
[perf] custom_function avg = 11.222 us over 27250000 calls
[perf] custom_function avg = 11.2204 us over 27300000 calls
[perf] custom_function avg = 11.2189 us over 27350000 calls
[perf] custom_function avg = 11.2174 us over 27400000 calls
[perf] custom_function avg = 11.2158 us over 27450000 calls
[perf] custom_function avg = 11.2143 us over 27500000 calls
[perf] custom_function avg = 11.2128 us over 27550000 calls
[perf] custom_function avg = 11.2114 us over 27600000 calls
[perf] custom_function avg = 11.2099 us over 27650000 calls
[perf] custom_function avg = 11.2084 us over 27700000 calls
[perf] custom_function avg = 11.2069 us over 27750000 calls
[perf] custom_function avg = 11.2054 us over 27800000 calls
[perf] custom_function avg = 11.2038 us over 27850000 calls
[perf] custom_function avg = 11.2023 us over 27900000 calls
[perf] custom_function avg = 11.2007 us over 27950000 calls
[perf] custom_function avg = 11.1992 us over 28000000 calls
[perf] custom_function avg = 11.1976 us over 28050000 calls
[perf] custom_function avg = 11.1963 us over 28100000 calls
[perf] custom_function avg = 11.1948 us over 28150000 calls
[perf] custom_function avg = 11.1933 us over 28200000 calls
[perf] custom_function avg = 11.1918 us over 28250000 calls
[perf] custom_function avg = 11.1904 us over 28300000 calls
[perf] custom_function avg = 11.1889 us over 28350000 calls
[perf] custom_function avg = 11.1874 us over 28400000 calls
[perf] custom_function avg = 11.1859 us over 28450000 calls
[perf] custom_function avg = 11.1845 us over 28500000 calls
[perf] custom_function avg = 11.183 us over 28550000 calls
[perf] custom_function avg = 11.1815 us over 28600000 calls
[perf] custom_function avg = 11.1801 us over 28650000 calls
[perf] custom_function avg = 11.1786 us over 28700000 calls
[perf] custom_function avg = 11.1772 us over 28750000 calls
[perf] custom_function avg = 11.1758 us over 28800000 calls
[perf] custom_function avg = 11.1744 us over 28850000 calls
[perf] custom_function avg = 11.173 us over 28900000 calls
[perf] custom_function avg = 11.1716 us over 28950000 calls
[perf] custom_function avg = 11.1703 us over 29000000 calls
[perf] custom_function avg = 11.1689 us over 29050000 calls
[perf] custom_function avg = 11.1676 us over 29100000 calls
[perf] custom_function avg = 11.1662 us over 29150000 calls
[perf] custom_function avg = 11.1648 us over 29200000 calls
[perf] custom_function avg = 11.1635 us over 29250000 calls
[perf] custom_function avg = 11.1621 us over 29300000 calls
[perf] custom_function avg = 11.1607 us over 29350000 calls
[perf] custom_function avg = 11.1594 us over 29400000 calls
[perf] custom_function avg = 11.158 us over 29450000 calls
[perf] custom_function avg = 11.1567 us over 29500000 calls
[perf] custom_function avg = 11.1554 us over 29550000 calls
[perf] custom_function avg = 11.1541 us over 29600000 calls
[perf] custom_function avg = 11.1528 us over 29650000 calls
[perf] custom_function avg = 11.1515 us over 29700000 calls
[perf] custom_function avg = 11.1501 us over 29750000 calls
[perf] custom_function avg = 11.1488 us over 29800000 calls
[perf] custom_function avg = 11.1475 us over 29850000 calls
[perf] custom_function avg = 11.1462 us over 29900000 calls
[perf] custom_function avg = 11.145 us over 29950000 calls
[perf] custom_function avg = 11.1437 us over 30000000 calls
[perf] custom_function avg = 11.1424 us over 30050000 calls
[perf] custom_function avg = 11.1412 us over 30100000 calls
[perf] custom_function avg = 11.1399 us over 30150000 calls
[perf] custom_function avg = 11.1387 us over 30200000 calls
[perf] custom_function avg = 11.1374 us over 30250000 calls
[perf] custom_function avg = 11.1362 us over 30300000 calls
[perf] custom_function avg = 11.1349 us over 30350000 calls
[perf] custom_function avg = 11.1336 us over 30400000 calls
[perf] custom_function avg = 11.1324 us over 30450000 calls
[perf] custom_function avg = 11.1311 us over 30500000 calls
[perf] custom_function avg = 11.1298 us over 30550000 calls
[perf] custom_function avg = 11.1286 us over 30600000 calls
[perf] custom_function avg = 11.1274 us over 30650000 calls
[perf] custom_function avg = 11.1263 us over 30700000 calls
[perf] custom_function avg = 11.1251 us over 30750000 calls
[perf] custom_function avg = 11.1239 us over 30800000 calls
[perf] custom_function avg = 11.1227 us over 30850000 calls
[perf] custom_function avg = 11.1215 us over 30900000 calls
[perf] custom_function avg = 11.1203 us over 30950000 calls
[perf] custom_function avg = 11.1191 us over 31000000 calls
[perf] custom_function avg = 11.1179 us over 31050000 calls
[perf] custom_function avg = 11.1167 us over 31100000 calls
[perf] custom_function avg = 11.1155 us over 31150000 calls
[perf] custom_function avg = 11.1144 us over 31200000 calls
[perf] custom_function avg = 11.1133 us over 31250000 calls
[perf] custom_function avg = 11.1121 us over 31300000 calls
[perf] custom_function avg = 11.1109 us over 31350000 calls
[perf] custom_function avg = 11.1097 us over 31400000 calls
[perf] custom_function avg = 11.1085 us over 31450000 calls
[perf] custom_function avg = 11.1073 us over 31500000 calls
[perf] custom_function avg = 11.1061 us over 31550000 calls
[perf] custom_function avg = 11.1049 us over 31600000 calls
[perf] custom_function avg = 11.1038 us over 31650000 calls
[perf] custom_function avg = 11.1026 us over 31700000 calls
[perf] custom_function avg = 11.1015 us over 31750000 calls
[perf] custom_function avg = 11.1004 us over 31800000 calls
[perf] custom_function avg = 11.0992 us over 31850000 calls
[perf] custom_function avg = 11.0981 us over 31900000 calls
[perf] custom_function avg = 11.097 us over 31950000 calls
[perf] custom_function avg = 11.0959 us over 32000000 calls
[perf] custom_function avg = 11.0947 us over 32050000 calls
[perf] custom_function avg = 11.0936 us over 32100000 calls
[perf] custom_function avg = 11.0926 us over 32150000 calls
[perf] custom_function avg = 11.0915 us over 32200000 calls
[perf] custom_function avg = 11.0904 us over 32250000 calls
[perf] custom_function avg = 11.0893 us over 32300000 calls
[perf] custom_function avg = 11.0882 us over 32350000 calls
[perf] custom_function avg = 11.0872 us over 32400000 calls
[perf] custom_function avg = 11.0861 us over 32450000 calls
[perf] custom_function avg = 11.0851 us over 32500000 calls
[perf] custom_function avg = 11.0839 us over 32550000 calls
[perf] custom_function avg = 11.0828 us over 32600000 calls
[perf] custom_function avg = 11.0817 us over 32650000 calls
[perf] custom_function avg = 11.0806 us over 32700000 calls
[perf] custom_function avg = 11.0796 us over 32750000 calls
[perf] custom_function avg = 11.0785 us over 32800000 calls
[perf] custom_function avg = 11.0774 us over 32850000 calls
[perf] custom_function avg = 11.0764 us over 32900000 calls
[perf] custom_function avg = 11.0753 us over 32950000 calls
[perf] custom_function avg = 11.0743 us over 33000000 calls
[perf] custom_function avg = 11.0733 us over 33050000 calls
[perf] custom_function avg = 11.0722 us over 33100000 calls
[perf] custom_function avg = 11.0711 us over 33150000 calls
[perf] custom_function avg = 11.07 us over 33200000 calls
[perf] custom_function avg = 11.0689 us over 33250000 calls
[perf] custom_function avg = 11.0679 us over 33300000 calls
[perf] custom_function avg = 11.0668 us over 33350000 calls
[perf] custom_function avg = 11.0658 us over 33400000 calls
[perf] custom_function avg = 11.0648 us over 33450000 calls
[perf] custom_function avg = 11.0638 us over 33500000 calls
[perf] custom_function avg = 11.0628 us over 33550000 calls
[perf] custom_function avg = 11.0617 us over 33600000 calls
[perf] custom_function avg = 11.0607 us over 33650000 calls
[perf] custom_function avg = 11.0597 us over 33700000 calls
[perf] custom_function avg = 11.0586 us over 33750000 calls
[perf] custom_function avg = 11.0576 us over 33800000 calls
[perf] custom_function avg = 11.0566 us over 33850000 calls
[perf] custom_function avg = 11.0556 us over 33900000 calls
[perf] custom_function avg = 11.0546 us over 33950000 calls
[perf] custom_function avg = 11.0536 us over 34000000 calls
[perf] custom_function avg = 11.0526 us over 34050000 calls
[perf] custom_function avg = 11.0517 us over 34100000 calls
[perf] custom_function avg = 11.0507 us over 34150000 calls
[perf] custom_function avg = 11.0498 us over 34200000 calls
[perf] custom_function avg = 11.0489 us over 34250000 calls
[perf] custom_function avg = 11.048 us over 34300000 calls
[perf] custom_function avg = 11.047 us over 34350000 calls
[perf] custom_function avg = 11.046 us over 34400000 calls
[perf] custom_function avg = 11.045 us over 34450000 calls
[perf] custom_function avg = 11.044 us over 34500000 calls
[perf] custom_function avg = 11.043 us over 34550000 calls
[perf] custom_function avg = 11.042 us over 34600000 calls
[perf] custom_function avg = 11.0411 us over 34650000 calls
[perf] custom_function avg = 11.0402 us over 34700000 calls
[perf] custom_function avg = 11.0391 us over 34750000 calls
[perf] custom_function avg = 11.0381 us over 34800000 calls
[perf] custom_function avg = 11.0371 us over 34850000 calls
[perf] custom_function avg = 11.0361 us over 34900000 calls
[perf] custom_function avg = 11.0351 us over 34950000 calls
[perf] custom_function avg = 11.0341 us over 35000000 calls
[perf] custom_function avg = 11.0332 us over 35050000 calls
[perf] custom_function avg = 11.0323 us over 35100000 calls
[perf] custom_function avg = 11.0313 us over 35150000 calls
[perf] custom_function avg = 11.0304 us over 35200000 calls
[perf] custom_function avg = 11.0294 us over 35250000 calls
[perf] custom_function avg = 11.0284 us over 35300000 calls
[perf] custom_function avg = 11.0275 us over 35350000 calls
[perf] custom_function avg = 11.0264 us over 35400000 calls
[perf] custom_function avg = 11.0254 us over 35450000 calls
[perf] custom_function avg = 11.0245 us over 35500000 calls
[perf] custom_function avg = 11.0235 us over 35550000 calls
[perf] custom_function avg = 11.0226 us over 35600000 calls
[perf] custom_function avg = 11.0216 us over 35650000 calls
[perf] custom_function avg = 11.0207 us over 35700000 calls
[perf] custom_function avg = 11.0197 us over 35750000 calls
[perf] custom_function avg = 11.0187 us over 35800000 calls
[perf] custom_function avg = 11.0179 us over 35850000 calls
[perf] custom_function avg = 11.0169 us over 35900000 calls
[perf] custom_function avg = 11.016 us over 35950000 calls
[perf] custom_function avg = 11.015 us over 36000000 calls
[perf] custom_function avg = 11.014 us over 36050000 calls
[perf] custom_function avg = 11.0131 us over 36100000 calls
[perf] custom_function avg = 11.0122 us over 36150000 calls
[perf] custom_function avg = 11.0113 us over 36200000 calls
[perf] custom_function avg = 11.0103 us over 36250000 calls
[perf] custom_function avg = 11.0093 us over 36300000 calls
[perf] custom_function avg = 11.0084 us over 36350000 calls
[perf] custom_function avg = 11.0074 us over 36400000 calls
[perf] custom_function avg = 11.0065 us over 36450000 calls
[perf] custom_function avg = 11.0056 us over 36500000 calls
[perf] custom_function avg = 11.0046 us over 36550000 calls
[perf] custom_function avg = 11.0037 us over 36600000 calls
[perf] custom_function avg = 11.0028 us over 36650000 calls
[perf] custom_function avg = 11.0019 us over 36700000 calls
[perf] custom_function avg = 11.001 us over 36750000 calls
[perf] custom_function avg = 11.0001 us over 36800000 calls
[perf] custom_function avg = 10.9991 us over 36850000 calls
[perf] custom_function avg = 10.9982 us over 36900000 calls
[perf] custom_function avg = 10.9973 us over 36950000 calls
[perf] custom_function avg = 10.9964 us over 37000000 calls
[perf] custom_function avg = 10.9956 us over 37050000 calls
[perf] custom_function avg = 10.9947 us over 37100000 calls
[perf] custom_function avg = 10.9938 us over 37150000 calls
[perf] custom_function avg = 10.9929 us over 37200000 calls
[perf] custom_function avg = 10.9919 us over 37250000 calls
[perf] custom_function avg = 10.991 us over 37300000 calls
[perf] custom_function avg = 10.9901 us over 37350000 calls
[perf] custom_function avg = 10.9893 us over 37400000 calls
[perf] custom_function avg = 10.9884 us over 37450000 calls
[perf] custom_function avg = 10.9875 us over 37500000 calls
[perf] custom_function avg = 10.9866 us over 37550000 calls
[perf] custom_function avg = 10.9857 us over 37600000 calls
[perf] custom_function avg = 10.9849 us over 37650000 calls
[perf] custom_function avg = 10.9841 us over 37700000 calls
[perf] custom_function avg = 10.9832 us over 37750000 calls
[perf] custom_function avg = 10.9823 us over 37800000 calls
[perf] custom_function avg = 10.9814 us over 37850000 calls
[perf] custom_function avg = 10.9805 us over 37900000 calls
[perf] custom_function avg = 10.9797 us over 37950000 calls
[perf] custom_function avg = 10.9788 us over 38000000 calls
[perf] custom_function avg = 10.978 us over 38050000 calls
[perf] custom_function avg = 10.9771 us over 38100000 calls
[perf] custom_function avg = 10.9763 us over 38150000 calls
[perf] custom_function avg = 10.9754 us over 38200000 calls
[perf] custom_function avg = 10.9746 us over 38250000 calls
[perf] custom_function avg = 10.9738 us over 38300000 calls
[perf] custom_function avg = 10.9729 us over 38350000 calls
[perf] custom_function avg = 10.972 us over 38400000 calls
[perf] custom_function avg = 10.9711 us over 38450000 calls
[perf] custom_function avg = 10.9703 us over 38500000 calls
[perf] custom_function avg = 10.9694 us over 38550000 calls
[perf] custom_function avg = 10.9685 us over 38600000 calls
[perf] custom_function avg = 10.9677 us over 38650000 calls
[perf] custom_function avg = 10.9668 us over 38700000 calls
[perf] custom_function avg = 10.966 us over 38750000 calls
[perf] custom_function avg = 10.9651 us over 38800000 calls
[perf] custom_function avg = 10.9643 us over 38850000 calls
[perf] custom_function avg = 10.9634 us over 38900000 calls
[perf] custom_function avg = 10.9626 us over 38950000 calls
[perf] custom_function avg = 10.9618 us over 39000000 calls
[perf] custom_function avg = 10.9609 us over 39050000 calls
[perf] custom_function avg = 10.96 us over 39100000 calls
[perf] custom_function avg = 10.9592 us over 39150000 calls
[perf] custom_function avg = 10.9584 us over 39200000 calls
[perf] custom_function avg = 10.9575 us over 39250000 calls
[perf] custom_function avg = 10.9567 us over 39300000 calls
[perf] custom_function avg = 10.9559 us over 39350000 calls
[perf] custom_function avg = 10.955 us over 39400000 calls
[perf] custom_function avg = 10.9542 us over 39450000 calls
[perf] custom_function avg = 10.9534 us over 39500000 calls
[perf] custom_function avg = 10.9525 us over 39550000 calls
[perf] custom_function avg = 10.9518 us over 39600000 calls
[perf] custom_function avg = 10.9509 us over 39650000 calls
[perf] custom_function avg = 10.9501 us over 39700000 calls
[perf] custom_function avg = 10.9493 us over 39750000 calls
[perf] custom_function avg = 10.9484 us over 39800000 calls
[perf] custom_function avg = 10.9476 us over 39850000 calls
[perf] custom_function avg = 10.9468 us over 39900000 calls
[perf] custom_function avg = 10.9459 us over 39950000 calls
[perf] custom_function avg = 10.9451 us over 40000000 calls
[perf] custom_function avg = 10.9443 us over 40050000 calls
[perf] custom_function avg = 10.9435 us over 40100000 calls
[perf] custom_function avg = 10.9426 us over 40150000 calls
[perf] custom_function avg = 10.9437 us over 40200000 calls
[perf] custom_function avg = 10.943 us over 40250000 calls
[perf] custom_function avg = 10.9422 us over 40300000 calls
[perf] custom_function avg = 10.9414 us over 40350000 calls
[perf] custom_function avg = 10.9406 us over 40400000 calls
[perf] custom_function avg = 10.9398 us over 40450000 calls
[perf] custom_function avg = 10.939 us over 40500000 calls
[perf] custom_function avg = 10.9382 us over 40550000 calls
[perf] custom_function avg = 10.9373 us over 40600000 calls
[perf] custom_function avg = 10.9365 us over 40650000 calls
[perf] custom_function avg = 10.9357 us over 40700000 calls
[perf] custom_function avg = 10.935 us over 40750000 calls
[perf] custom_function avg = 10.9342 us over 40800000 calls
[perf] custom_function avg = 10.9334 us over 40850000 calls
[perf] custom_function avg = 10.9326 us over 40900000 calls
[perf] custom_function avg = 10.9319 us over 40950000 calls
[perf] custom_function avg = 10.9311 us over 41000000 calls
[perf] custom_function avg = 10.9303 us over 41050000 calls
[perf] custom_function avg = 10.9295 us over 41100000 calls
[perf] custom_function avg = 10.9287 us over 41150000 calls
[perf] custom_function avg = 10.928 us over 41200000 calls
[perf] custom_function avg = 10.9272 us over 41250000 calls
[perf] custom_function avg = 10.9265 us over 41300000 calls
[perf] custom_function avg = 10.9257 us over 41350000 calls
[perf] custom_function avg = 10.9249 us over 41400000 calls
[perf] custom_function avg = 10.9242 us over 41450000 calls
[perf] custom_function avg = 10.9234 us over 41500000 calls
[perf] custom_function avg = 10.9226 us over 41550000 calls
[perf] custom_function avg = 10.9219 us over 41600000 calls
[perf] custom_function avg = 10.9211 us over 41650000 calls
[perf] custom_function avg = 10.9203 us over 41700000 calls
[perf] custom_function avg = 10.9196 us over 41750000 calls
[perf] custom_function avg = 10.9188 us over 41800000 calls
[perf] custom_function avg = 10.9181 us over 41850000 calls
[perf] custom_function avg = 10.9173 us over 41900000 calls
[perf] custom_function avg = 10.9166 us over 41950000 calls
[perf] custom_function avg = 10.9159 us over 42000000 calls
[perf] custom_function avg = 10.9151 us over 42050000 calls
[perf] custom_function avg = 10.9144 us over 42100000 calls
[perf] custom_function avg = 10.9137 us over 42150000 calls
[perf] custom_function avg = 10.913 us over 42200000 calls
[perf] custom_function avg = 10.9123 us over 42250000 calls
[perf] custom_function avg = 10.9116 us over 42300000 calls
[perf] custom_function avg = 10.9108 us over 42350000 calls
[perf] custom_function avg = 10.9101 us over 42400000 calls
[perf] custom_function avg = 10.9094 us over 42450000 calls
[perf] custom_function avg = 10.9086 us over 42500000 calls
[perf] custom_function avg = 10.9078 us over 42550000 calls
[perf] custom_function avg = 10.9071 us over 42600000 calls
[perf] custom_function avg = 10.9063 us over 42650000 calls
[perf] custom_function avg = 10.9056 us over 42700000 calls
[perf] custom_function avg = 10.9048 us over 42750000 calls
[perf] custom_function avg = 10.9041 us over 42800000 calls
[perf] custom_function avg = 10.9033 us over 42850000 calls
[perf] custom_function avg = 10.9026 us over 42900000 calls
[perf] custom_function avg = 10.9019 us over 42950000 calls
[perf] custom_function avg = 10.9013 us over 43000000 calls
[perf] custom_function avg = 10.9006 us over 43050000 calls
[perf] custom_function avg = 10.8998 us over 43100000 calls
[perf] custom_function avg = 10.8991 us over 43150000 calls
[perf] custom_function avg = 10.8983 us over 43200000 calls
[perf] custom_function avg = 10.8976 us over 43250000 calls
[perf] custom_function avg = 10.8969 us over 43300000 calls
[perf] custom_function avg = 10.8961 us over 43350000 calls
[perf] custom_function avg = 10.8954 us over 43400000 calls
[perf] custom_function avg = 10.8947 us over 43450000 calls
[perf] custom_function avg = 10.8939 us over 43500000 calls
[perf] custom_function avg = 10.8932 us over 43550000 calls
[perf] custom_function avg = 10.8924 us over 43600000 calls
[perf] custom_function avg = 10.8917 us over 43650000 calls
[perf] custom_function avg = 10.891 us over 43700000 calls
[perf] custom_function avg = 10.8903 us over 43750000 calls
[perf] custom_function avg = 10.8896 us over 43800000 calls
[perf] custom_function avg = 10.8889 us over 43850000 calls
[perf] custom_function avg = 10.8881 us over 43900000 calls
[perf] custom_function avg = 10.8874 us over 43950000 calls
[perf] custom_function avg = 10.8867 us over 44000000 calls
[perf] custom_function avg = 10.886 us over 44050000 calls
[perf] custom_function avg = 10.8852 us over 44100000 calls
[perf] custom_function avg = 10.8845 us over 44150000 calls
[perf] custom_function avg = 10.8838 us over 44200000 calls
[perf] custom_function avg = 10.8831 us over 44250000 calls
[perf] custom_function avg = 10.8824 us over 44300000 calls
[perf] custom_function avg = 10.8817 us over 44350000 calls
