[setup_microenvironment] ECM impedance correction mode: dt-aware DRUG ONLY (O2/TGFb/SHH legacy)
[ThresholdConfig] Loaded from XML:  HIF1A O2=15 mmHg  Necrosis O2=5 mmHg  TGFB=0.1  SHH=1e-05
[setup_microenvironment] Loaded calibration profile: AsPC-1
[setup_microenvironment] Substrate indices: oxygen=0 tgfb=1 shh=2 ecm_density=4 drug=3
[setup_microenvironment] Completed in 6.7319 ms
[create_cell_types] Completed in 6.6422 ms

================================================================
 §8.1  Baseline Validation Suite — Tumor-Intrinsic Traits v1.0 
================================================================
  [PASS]  Trait 1:  Constitutive Paracrine Secretion
  [PASS]  Trait 2:  TGF-beta Insensitivity (Arrest Arm Only)
  [PASS]  Trait 3:  Rapid Proliferation / Broken Checkpoints
  [PASS]  Trait 4:  Apoptotic Resistance at Baseline
  [PASS]  Trait 5:  Inducible EMT Under Stress  (Spatial)
  [PASS]  Trait 6:  Hypoxia-Responsive Phenotype Switching
  [PASS]  Trait 7:  Drug-Inducible Efflux  (Not Constitutive)
  [PASS]  Trait 8:  ECM Compaction  (Passive / Mechanical)
  [PASS]  Trait 9:  13-Knob Partition + AsPC-1/PANC-1 Knob 2
  [PASS]  Trait 10:  SHH Paradox Fast Invariants
----------------------------------------------------------------
  Result: 10/10 passed — ALL PASS.  Baseline is validated.
================================================================

[setup_tissue] No intervention JSON provided; using active calibration defaults.
[setup_tissue] Placed tumor=50 stromal=500 cluster_radius=100um stroma_ring=[100,300]um in 7.57859 ms

[DIAG_T360_STROMAL] === One-time stromal diagnostic at t=366 ===
[DIAG_T360_STROMAL] Total live stromal: 508  PSCs(acta2=0): 355  CAFs(acta2=1): 153
[DIAG_T360_STROMAL] PSC #0  ID=163  transition_rate(0,0)=0  acta2_active=0  activation_mode=0  mechanical_pressure[16]=0.0951095
[DIAG_T360_STROMAL] PSC #1  ID=492  transition_rate(0,0)=0  acta2_active=0  activation_mode=0  mechanical_pressure[16]=0.130123
[DIAG_T360_STROMAL] PSC #2  ID=480  transition_rate(0,0)=0  acta2_active=0  activation_mode=0  mechanical_pressure[16]=0.07786
[DIAG_T360_STROMAL] PSC #3  ID=82  transition_rate(0,0)=0  acta2_active=0  activation_mode=0  mechanical_pressure[16]=0.229196
[DIAG_T360_STROMAL] PSC #4  ID=458  transition_rate(0,0)=0  acta2_active=0  activation_mode=0  mechanical_pressure[16]=0.256518
[DIAG_T360_STROMAL] CAF #0  ID=51  transition_rate(0,0)=0.000107906  acta2_active=1  activation_mode=1  mechanical_pressure[16]=0.111872
[DIAG_T360_STROMAL] CAF #1  ID=60  transition_rate(0,0)=0.000122212  acta2_active=1  activation_mode=1  mechanical_pressure[16]=1.39239e-05
[DIAG_T360_STROMAL] CAF #2  ID=61  transition_rate(0,0)=0.0001  acta2_active=1  activation_mode=1  mechanical_pressure[16]=0.171441
[DIAG_T360_MECH_VERIFY] Checking mechanical_pressure for 3 random stromal cells:
[DIAG_T360_MECH_VERIFY]   cell ID=433  idx[16]=0.258142  name_lookup=0.258142  simple_pressure=0.860472  OK
[DIAG_T360_MECH_VERIFY]   cell ID=296  idx[16]=0.0987017  name_lookup=0.0987017  simple_pressure=0.329006  OK
[DIAG_T360_MECH_VERIFY]   cell ID=479  idx[16]=0  name_lookup=0  simple_pressure=0  STILL_ZERO
[DIAG_T360_STROMAL] === end diagnostic ===

[perf] custom_function avg = 10.8045 us over 50000 calls
[perf] custom_function avg = 10.888 us over 100000 calls
[perf] custom_function avg = 10.9523 us over 150000 calls
[perf] custom_function avg = 11.0424 us over 200000 calls
[perf] custom_function avg = 11.1428 us over 250000 calls
[perf] custom_function avg = 11.232 us over 300000 calls
[perf] custom_function avg = 11.3238 us over 350000 calls
[perf] custom_function avg = 11.3833 us over 400000 calls
[perf] custom_function avg = 11.4446 us over 450000 calls
[perf] custom_function avg = 11.5098 us over 500000 calls
[perf] custom_function avg = 11.5661 us over 550000 calls
[perf] custom_function avg = 11.6201 us over 600000 calls
[perf] custom_function avg = 11.6805 us over 650000 calls
[perf] custom_function avg = 11.738 us over 700000 calls
[perf] custom_function avg = 11.7921 us over 750000 calls
[perf] custom_function avg = 11.8405 us over 800000 calls
[perf] custom_function avg = 11.8921 us over 850000 calls
[perf] custom_function avg = 11.9424 us over 900000 calls
[perf] custom_function avg = 11.9913 us over 950000 calls
[perf] custom_function avg = 12.0392 us over 1000000 calls
[perf] custom_function avg = 12.0828 us over 1050000 calls
[perf] custom_function avg = 12.1284 us over 1100000 calls
[perf] custom_function avg = 12.174 us over 1150000 calls
[perf] custom_function avg = 12.2206 us over 1200000 calls
[perf] custom_function avg = 12.2644 us over 1250000 calls
[perf] custom_function avg = 12.3009 us over 1300000 calls
[perf] custom_function avg = 12.3317 us over 1350000 calls
[perf] custom_function avg = 12.3624 us over 1400000 calls
[perf] custom_function avg = 12.3942 us over 1450000 calls
[perf] custom_function avg = 12.4252 us over 1500000 calls
[perf] custom_function avg = 12.4546 us over 1550000 calls
[perf] custom_function avg = 12.4847 us over 1600000 calls
[perf] custom_function avg = 12.5195 us over 1650000 calls
[perf] custom_function avg = 12.5536 us over 1700000 calls
[perf] custom_function avg = 12.5848 us over 1750000 calls
[perf] custom_function avg = 12.6183 us over 1800000 calls
[perf] custom_function avg = 12.6505 us over 1850000 calls
[perf] custom_function avg = 12.6844 us over 1900000 calls
[perf] custom_function avg = 12.7154 us over 1950000 calls
[perf] custom_function avg = 12.7447 us over 2000000 calls
[perf] custom_function avg = 12.7726 us over 2050000 calls
[perf] custom_function avg = 12.7993 us over 2100000 calls
[perf] custom_function avg = 12.8266 us over 2150000 calls
[perf] custom_function avg = 12.8519 us over 2200000 calls
[perf] custom_function avg = 12.8773 us over 2250000 calls
[perf] custom_function avg = 12.9008 us over 2300000 calls
[perf] custom_function avg = 12.9229 us over 2350000 calls
[perf] custom_function avg = 12.9432 us over 2400000 calls
[perf] custom_function avg = 12.9634 us over 2450000 calls
[perf] custom_function avg = 12.9817 us over 2500000 calls
[perf] custom_function avg = 13.0013 us over 2550000 calls
[perf] custom_function avg = 13.0174 us over 2600000 calls
[perf] custom_function avg = 13.0332 us over 2650000 calls
[perf] custom_function avg = 13.0492 us over 2700000 calls
[perf] custom_function avg = 13.0637 us over 2750000 calls
[perf] custom_function avg = 13.0797 us over 2800000 calls
[perf] custom_function avg = 13.0964 us over 2850000 calls
[perf] custom_function avg = 13.1121 us over 2900000 calls
[perf] custom_function avg = 13.1271 us over 2950000 calls
[perf] custom_function avg = 13.1425 us over 3000000 calls
[perf] custom_function avg = 13.1568 us over 3050000 calls
[perf] custom_function avg = 13.1716 us over 3100000 calls
[perf] custom_function avg = 13.1852 us over 3150000 calls
[perf] custom_function avg = 13.1991 us over 3200000 calls
[perf] custom_function avg = 13.2135 us over 3250000 calls
[perf] custom_function avg = 13.226 us over 3300000 calls
[perf] custom_function avg = 13.2385 us over 3350000 calls
[perf] custom_function avg = 13.25 us over 3400000 calls
[perf] custom_function avg = 13.2613 us over 3450000 calls
[perf] custom_function avg = 13.2737 us over 3500000 calls
[perf] custom_function avg = 13.2865 us over 3550000 calls
[perf] custom_function avg = 13.2987 us over 3600000 calls
[perf] custom_function avg = 13.3117 us over 3650000 calls
[perf] custom_function avg = 13.3228 us over 3700000 calls
[perf] custom_function avg = 13.334 us over 3750000 calls
[perf] custom_function avg = 13.3438 us over 3800000 calls
[perf] custom_function avg = 13.353 us over 3850000 calls
[perf] custom_function avg = 13.3624 us over 3900000 calls
[perf] custom_function avg = 13.3703 us over 3950000 calls
[perf] custom_function avg = 13.3784 us over 4000000 calls
[perf] custom_function avg = 13.3863 us over 4050000 calls
[perf] custom_function avg = 13.3932 us over 4100000 calls
[perf] custom_function avg = 13.3984 us over 4150000 calls
[perf] custom_function avg = 13.4036 us over 4200000 calls
[perf] custom_function avg = 13.4076 us over 4250000 calls
[perf] custom_function avg = 13.4114 us over 4300000 calls
[perf] custom_function avg = 13.4158 us over 4350000 calls
[perf] custom_function avg = 13.4192 us over 4400000 calls
[perf] custom_function avg = 13.4228 us over 4450000 calls
[DRUG_SCHEDULE] t=20166 Drug ON  concentration=1
[CUSTOM_DATA_DEBUG] drug present. cell_type=tumor_cell n_vars=62
  [0] KRAS = 1
  [1] MYC = 0.5
  [2] EGFR = 0.5
  [3] TP53 = 0
  [4] CDKN2A = 0.8
  [5] SMAD4 = 0
  [6] RB1 = 0
  [7] BCL_XL = 0
  [8] BAX = 0.5
  [9] ZEB1 = 0
  [10] CDH1 = 1
  [11] MMP2 = 0
  [12] TGFB1_expr = 0.8
  [13] SHH_expr = 0.7
  [14] HIF1A = 0.3
  [15] NRF2 = 0
  [16] ABCB1 = 2.66628e-06
  [17] is_mesenchymal = 0
  [18] stress_level = 0
  [19] drug_sensitivity = 0
  [20] apoptosis_threshold = 0
  [21] cell_id = 735
  [22] parent_id = 699
  [23] gene_state_KRAS = 1
  [24] gene_state_TP53 = 2
  [25] gene_state_CDKN2A = 2
  [26] gene_state_SMAD4 = 2
  [27] gene_state_BCL_XL = 1
  [28] gene_state_MYC = 0
  [29] gene_state_EGFR = 0
  [30] gene_state_RB1 = 0
  [31] gene_state_BAX = 0
  [32] gene_state_ZEB1 = 0
  [33] gene_state_CDH1 = 0
  [34] gene_state_MMP2 = 0
  [35] gene_state_TGFB1 = 0
  [36] gene_state_SHH = 0
  [37] gene_state_HIF1A = 0
  [38] gene_state_NRF2 = 0
  [39] gene_state_ABCB1 = 0
  [40] gene_state_HAS2 = 0
  [41] gene_state_COL1A1 = 0
  [42] gene_state_GLI1 = 0
  [43] gene_state_ACTA2 = 0
  [44] hif1a_active = 0
  [45] zeb1_active = 0
  [46] cdh1_expressed = 1
  [47] nrf2_active = 0
  [48] abcb1_active = 2.66628e-06
  [49] mmp2_active = 0
  [50] intracellular_drug = 0
  [51] time_since_drug_exposure = -1
  [52] time_alive = 0
  [53] emt_extent = 0
  [54] mechanical_pressure = 0
  [55] emt_signal_time = 0
  [56] emt_activation_time = 0
  [57] final_prolif_rate = 0.00048
  [58] time_since_drug_withdrawal = -1
  [59] in_resistance_memory = 0
  [60] nrf2_withdrawal_anchor = 0
  [61] abcb1_withdrawal_anchor = 0
  idx[intracellular_drug]=50
  idx[nrf2_active]=47
  idx[abcb1_active]=48
  idx[NRF2]=15
  idx[ABCB1]=16
  idx[time_since_drug_exposure]=51
  idx[mechanical_pressure]=54
  idx[drug_uptake_rate]=-1
[perf] custom_function avg = 13.4262 us over 4500000 calls
[perf] custom_function avg = 13.4245 us over 4550000 calls
[perf] custom_function avg = 13.4228 us over 4600000 calls
[perf] custom_function avg = 13.4204 us over 4650000 calls
[perf] custom_function avg = 13.4189 us over 4700000 calls
[perf] custom_function avg = 13.4179 us over 4750000 calls
[perf] custom_function avg = 13.4166 us over 4800000 calls
[perf] custom_function avg = 13.4155 us over 4850000 calls
[perf] custom_function avg = 13.4146 us over 4900000 calls
[perf] custom_function avg = 13.414 us over 4950000 calls
[perf] custom_function avg = 13.4125 us over 5000000 calls
[perf] custom_function avg = 13.4108 us over 5050000 calls
[perf] custom_function avg = 13.409 us over 5100000 calls
[perf] custom_function avg = 13.4067 us over 5150000 calls
[perf] custom_function avg = 13.4056 us over 5200000 calls
[perf] custom_function avg = 13.4037 us over 5250000 calls
[perf] custom_function avg = 13.4015 us over 5300000 calls
[perf] custom_function avg = 13.3994 us over 5350000 calls
[perf] custom_function avg = 13.3969 us over 5400000 calls
[perf] custom_function avg = 13.3945 us over 5450000 calls
[perf] custom_function avg = 13.3923 us over 5500000 calls
[perf] custom_function avg = 13.3896 us over 5550000 calls
[perf] custom_function avg = 13.3871 us over 5600000 calls
[perf] custom_function avg = 13.3852 us over 5650000 calls
[perf] custom_function avg = 13.3827 us over 5700000 calls
[perf] custom_function avg = 13.3802 us over 5750000 calls
[perf] custom_function avg = 13.378 us over 5800000 calls
[perf] custom_function avg = 13.3757 us over 5850000 calls
[perf] custom_function avg = 13.3735 us over 5900000 calls
[perf] custom_function avg = 13.3718 us over 5950000 calls
[perf] custom_function avg = 13.3701 us over 6000000 calls
[perf] custom_function avg = 13.3678 us over 6050000 calls
[perf] custom_function avg = 13.3649 us over 6100000 calls
[perf] custom_function avg = 13.3624 us over 6150000 calls
[perf] custom_function avg = 13.3597 us over 6200000 calls
[perf] custom_function avg = 13.3573 us over 6250000 calls
[perf] custom_function avg = 13.3554 us over 6300000 calls
[perf] custom_function avg = 13.3527 us over 6350000 calls
[perf] custom_function avg = 13.3498 us over 6400000 calls
[perf] custom_function avg = 13.3472 us over 6450000 calls
[perf] custom_function avg = 13.3447 us over 6500000 calls
[perf] custom_function avg = 13.342 us over 6550000 calls
[perf] custom_function avg = 13.3392 us over 6600000 calls
[perf] custom_function avg = 13.3365 us over 6650000 calls
[perf] custom_function avg = 13.3343 us over 6700000 calls
[perf] custom_function avg = 13.332 us over 6750000 calls
[perf] custom_function avg = 13.3296 us over 6800000 calls
[perf] custom_function avg = 13.3274 us over 6850000 calls
[perf] custom_function avg = 13.3249 us over 6900000 calls
[perf] custom_function avg = 13.3225 us over 6950000 calls
[perf] custom_function avg = 13.3198 us over 7000000 calls
[perf] custom_function avg = 13.3172 us over 7050000 calls
[perf] custom_function avg = 13.3145 us over 7100000 calls
[perf] custom_function avg = 13.312 us over 7150000 calls
[perf] custom_function avg = 13.3095 us over 7200000 calls
[perf] custom_function avg = 13.3074 us over 7250000 calls
[perf] custom_function avg = 13.3049 us over 7300000 calls
[perf] custom_function avg = 13.3024 us over 7350000 calls
[perf] custom_function avg = 13.2995 us over 7400000 calls
[perf] custom_function avg = 13.2977 us over 7450000 calls
[perf] custom_function avg = 13.2957 us over 7500000 calls
[perf] custom_function avg = 13.2937 us over 7550000 calls
[perf] custom_function avg = 13.2908 us over 7600000 calls
[perf] custom_function avg = 13.2883 us over 7650000 calls
[perf] custom_function avg = 13.2854 us over 7700000 calls
[perf] custom_function avg = 13.2821 us over 7750000 calls
[perf] custom_function avg = 13.2789 us over 7800000 calls
[perf] custom_function avg = 13.2762 us over 7850000 calls
[perf] custom_function avg = 13.2732 us over 7900000 calls
[perf] custom_function avg = 13.2696 us over 7950000 calls
[perf] custom_function avg = 13.2659 us over 8000000 calls
[perf] custom_function avg = 13.2624 us over 8050000 calls
[perf] custom_function avg = 13.2587 us over 8100000 calls
[perf] custom_function avg = 13.2549 us over 8150000 calls
[perf] custom_function avg = 13.2514 us over 8200000 calls
[perf] custom_function avg = 13.2478 us over 8250000 calls
[perf] custom_function avg = 13.245 us over 8300000 calls
[perf] custom_function avg = 13.2416 us over 8350000 calls
[perf] custom_function avg = 13.2383 us over 8400000 calls
[perf] custom_function avg = 13.235 us over 8450000 calls
[perf] custom_function avg = 13.2316 us over 8500000 calls
[perf] custom_function avg = 13.2284 us over 8550000 calls
[perf] custom_function avg = 13.2249 us over 8600000 calls
[perf] custom_function avg = 13.2215 us over 8650000 calls
[perf] custom_function avg = 13.2181 us over 8700000 calls
[perf] custom_function avg = 13.2149 us over 8750000 calls
[perf] custom_function avg = 13.2114 us over 8800000 calls
[perf] custom_function avg = 13.2076 us over 8850000 calls
[perf] custom_function avg = 13.204 us over 8900000 calls
[perf] custom_function avg = 13.2006 us over 8950000 calls
[perf] custom_function avg = 13.1968 us over 9000000 calls
[perf] custom_function avg = 13.1932 us over 9050000 calls
[perf] custom_function avg = 13.1892 us over 9100000 calls
[perf] custom_function avg = 13.1849 us over 9150000 calls
[perf] custom_function avg = 13.181 us over 9200000 calls
[perf] custom_function avg = 13.177 us over 9250000 calls
[perf] custom_function avg = 13.173 us over 9300000 calls
[perf] custom_function avg = 13.169 us over 9350000 calls
[perf] custom_function avg = 13.165 us over 9400000 calls
[perf] custom_function avg = 13.1611 us over 9450000 calls
[perf] custom_function avg = 13.1568 us over 9500000 calls
[perf] custom_function avg = 13.1527 us over 9550000 calls
[perf] custom_function avg = 13.1488 us over 9600000 calls
[perf] custom_function avg = 13.145 us over 9650000 calls
[perf] custom_function avg = 13.1409 us over 9700000 calls
[perf] custom_function avg = 13.1371 us over 9750000 calls
[perf] custom_function avg = 13.1333 us over 9800000 calls
[perf] custom_function avg = 13.1293 us over 9850000 calls
[perf] custom_function avg = 13.1256 us over 9900000 calls
[perf] custom_function avg = 13.1217 us over 9950000 calls
[perf] custom_function avg = 13.1177 us over 10000000 calls
[perf] custom_function avg = 13.1137 us over 10050000 calls
[perf] custom_function avg = 13.1099 us over 10100000 calls
[perf] custom_function avg = 13.1065 us over 10150000 calls
[perf] custom_function avg = 13.1024 us over 10200000 calls
[perf] custom_function avg = 13.0984 us over 10250000 calls
[perf] custom_function avg = 13.0943 us over 10300000 calls
[perf] custom_function avg = 13.0901 us over 10350000 calls
[perf] custom_function avg = 13.0864 us over 10400000 calls
[perf] custom_function avg = 13.0825 us over 10450000 calls
[perf] custom_function avg = 13.0771 us over 10500000 calls
[perf] custom_function avg = 13.0718 us over 10550000 calls
[perf] custom_function avg = 13.0665 us over 10600000 calls
[perf] custom_function avg = 13.0615 us over 10650000 calls
[perf] custom_function avg = 13.0563 us over 10700000 calls
[perf] custom_function avg = 13.051 us over 10750000 calls
[perf] custom_function avg = 13.0461 us over 10800000 calls
[perf] custom_function avg = 13.0408 us over 10850000 calls
[perf] custom_function avg = 13.036 us over 10900000 calls
[perf] custom_function avg = 13.0309 us over 10950000 calls
[perf] custom_function avg = 13.0259 us over 11000000 calls
[perf] custom_function avg = 13.0212 us over 11050000 calls
[perf] custom_function avg = 13.0163 us over 11100000 calls
[perf] custom_function avg = 13.0115 us over 11150000 calls
[perf] custom_function avg = 13.0069 us over 11200000 calls
[perf] custom_function avg = 13.0021 us over 11250000 calls
[perf] custom_function avg = 12.9974 us over 11300000 calls
[perf] custom_function avg = 12.9929 us over 11350000 calls
[perf] custom_function avg = 12.9886 us over 11400000 calls
[perf] custom_function avg = 12.9844 us over 11450000 calls
[perf] custom_function avg = 12.9799 us over 11500000 calls
[perf] custom_function avg = 12.9754 us over 11550000 calls
[perf] custom_function avg = 12.9711 us over 11600000 calls
[perf] custom_function avg = 12.9668 us over 11650000 calls
[perf] custom_function avg = 12.9623 us over 11700000 calls
[perf] custom_function avg = 12.9582 us over 11750000 calls
[perf] custom_function avg = 12.9538 us over 11800000 calls
[perf] custom_function avg = 12.9496 us over 11850000 calls
[perf] custom_function avg = 12.9453 us over 11900000 calls
[perf] custom_function avg = 12.9412 us over 11950000 calls
[perf] custom_function avg = 12.9372 us over 12000000 calls
[perf] custom_function avg = 12.9331 us over 12050000 calls
[perf] custom_function avg = 12.929 us over 12100000 calls
[perf] custom_function avg = 12.9248 us over 12150000 calls
[perf] custom_function avg = 12.9207 us over 12200000 calls
[perf] custom_function avg = 12.9165 us over 12250000 calls
[perf] custom_function avg = 12.9124 us over 12300000 calls
[perf] custom_function avg = 12.9083 us over 12350000 calls
[perf] custom_function avg = 12.9042 us over 12400000 calls
[perf] custom_function avg = 12.9002 us over 12450000 calls
[perf] custom_function avg = 12.8962 us over 12500000 calls
[perf] custom_function avg = 12.8924 us over 12550000 calls
[perf] custom_function avg = 12.8889 us over 12600000 calls
[perf] custom_function avg = 12.8851 us over 12650000 calls
[perf] custom_function avg = 12.8811 us over 12700000 calls
[perf] custom_function avg = 12.8773 us over 12750000 calls
[perf] custom_function avg = 12.8735 us over 12800000 calls
[perf] custom_function avg = 12.8697 us over 12850000 calls
[perf] custom_function avg = 12.8661 us over 12900000 calls
[perf] custom_function avg = 12.8625 us over 12950000 calls
[perf] custom_function avg = 12.8588 us over 13000000 calls
[perf] custom_function avg = 12.8551 us over 13050000 calls
[perf] custom_function avg = 12.8514 us over 13100000 calls
[perf] custom_function avg = 12.8476 us over 13150000 calls
[perf] custom_function avg = 12.8441 us over 13200000 calls
[perf] custom_function avg = 12.8406 us over 13250000 calls
[perf] custom_function avg = 12.8369 us over 13300000 calls
[perf] custom_function avg = 12.8334 us over 13350000 calls
[perf] custom_function avg = 12.83 us over 13400000 calls
[perf] custom_function avg = 12.8265 us over 13450000 calls
[perf] custom_function avg = 12.8231 us over 13500000 calls
[perf] custom_function avg = 12.8197 us over 13550000 calls
[perf] custom_function avg = 12.8162 us over 13600000 calls
[perf] custom_function avg = 12.8127 us over 13650000 calls
[perf] custom_function avg = 12.8093 us over 13700000 calls
[perf] custom_function avg = 12.8058 us over 13750000 calls
[perf] custom_function avg = 12.8024 us over 13800000 calls
[perf] custom_function avg = 12.7989 us over 13850000 calls
[perf] custom_function avg = 12.7958 us over 13900000 calls
[perf] custom_function avg = 12.793 us over 13950000 calls
[perf] custom_function avg = 12.7901 us over 14000000 calls
[perf] custom_function avg = 12.7868 us over 14050000 calls
[perf] custom_function avg = 12.7835 us over 14100000 calls
[perf] custom_function avg = 12.7804 us over 14150000 calls
[perf] custom_function avg = 12.7771 us over 14200000 calls
[perf] custom_function avg = 12.7736 us over 14250000 calls
[perf] custom_function avg = 12.7703 us over 14300000 calls
[perf] custom_function avg = 12.767 us over 14350000 calls
[perf] custom_function avg = 12.7636 us over 14400000 calls
[perf] custom_function avg = 12.7604 us over 14450000 calls
[perf] custom_function avg = 12.757 us over 14500000 calls
[perf] custom_function avg = 12.7536 us over 14550000 calls
[perf] custom_function avg = 12.7503 us over 14600000 calls
[perf] custom_function avg = 12.7469 us over 14650000 calls
[perf] custom_function avg = 12.7435 us over 14700000 calls
[perf] custom_function avg = 12.7401 us over 14750000 calls
[perf] custom_function avg = 12.737 us over 14800000 calls
[perf] custom_function avg = 12.7337 us over 14850000 calls
[perf] custom_function avg = 12.7304 us over 14900000 calls
[perf] custom_function avg = 12.727 us over 14950000 calls
[perf] custom_function avg = 12.7237 us over 15000000 calls
[perf] custom_function avg = 12.7204 us over 15050000 calls
[perf] custom_function avg = 12.7174 us over 15100000 calls
[perf] custom_function avg = 12.7142 us over 15150000 calls
[perf] custom_function avg = 12.7109 us over 15200000 calls
[perf] custom_function avg = 12.7077 us over 15250000 calls
[perf] custom_function avg = 12.7046 us over 15300000 calls
[perf] custom_function avg = 12.7014 us over 15350000 calls
[perf] custom_function avg = 12.6982 us over 15400000 calls
[perf] custom_function avg = 12.6952 us over 15450000 calls
[perf] custom_function avg = 12.6921 us over 15500000 calls
[perf] custom_function avg = 12.6891 us over 15550000 calls
[perf] custom_function avg = 12.686 us over 15600000 calls
[perf] custom_function avg = 12.683 us over 15650000 calls
[perf] custom_function avg = 12.6799 us over 15700000 calls
[perf] custom_function avg = 12.6767 us over 15750000 calls
[perf] custom_function avg = 12.6737 us over 15800000 calls
[perf] custom_function avg = 12.6706 us over 15850000 calls
[perf] custom_function avg = 12.6676 us over 15900000 calls
[perf] custom_function avg = 12.6645 us over 15950000 calls
[perf] custom_function avg = 12.6614 us over 16000000 calls
[perf] custom_function avg = 12.6585 us over 16050000 calls
[perf] custom_function avg = 12.6554 us over 16100000 calls
[perf] custom_function avg = 12.6525 us over 16150000 calls
[perf] custom_function avg = 12.6496 us over 16200000 calls
[perf] custom_function avg = 12.6466 us over 16250000 calls
[perf] custom_function avg = 12.6436 us over 16300000 calls
[perf] custom_function avg = 12.6406 us over 16350000 calls
[perf] custom_function avg = 12.6375 us over 16400000 calls
[perf] custom_function avg = 12.6345 us over 16450000 calls
[perf] custom_function avg = 12.6316 us over 16500000 calls
[perf] custom_function avg = 12.6287 us over 16550000 calls
[perf] custom_function avg = 12.6258 us over 16600000 calls
[perf] custom_function avg = 12.6229 us over 16650000 calls
[perf] custom_function avg = 12.6201 us over 16700000 calls
[perf] custom_function avg = 12.6172 us over 16750000 calls
[perf] custom_function avg = 12.6144 us over 16800000 calls
[perf] custom_function avg = 12.6118 us over 16850000 calls
[perf] custom_function avg = 12.6094 us over 16900000 calls
[perf] custom_function avg = 12.6066 us over 16950000 calls
[perf] custom_function avg = 12.6039 us over 17000000 calls
[perf] custom_function avg = 12.6011 us over 17050000 calls
[perf] custom_function avg = 12.5983 us over 17100000 calls
[perf] custom_function avg = 12.5954 us over 17150000 calls
[perf] custom_function avg = 12.5927 us over 17200000 calls
[perf] custom_function avg = 12.59 us over 17250000 calls
[perf] custom_function avg = 12.5872 us over 17300000 calls
[perf] custom_function avg = 12.5844 us over 17350000 calls
[perf] custom_function avg = 12.5817 us over 17400000 calls
[perf] custom_function avg = 12.579 us over 17450000 calls
[perf] custom_function avg = 12.5763 us over 17500000 calls
[perf] custom_function avg = 12.5737 us over 17550000 calls
[perf] custom_function avg = 12.5712 us over 17600000 calls
[perf] custom_function avg = 12.5686 us over 17650000 calls
[perf] custom_function avg = 12.5659 us over 17700000 calls
[perf] custom_function avg = 12.5633 us over 17750000 calls
[perf] custom_function avg = 12.5607 us over 17800000 calls
[perf] custom_function avg = 12.5581 us over 17850000 calls
[perf] custom_function avg = 12.5554 us over 17900000 calls
[perf] custom_function avg = 12.5529 us over 17950000 calls
[perf] custom_function avg = 12.5504 us over 18000000 calls
[perf] custom_function avg = 12.5478 us over 18050000 calls
[perf] custom_function avg = 12.5452 us over 18100000 calls
[perf] custom_function avg = 12.5426 us over 18150000 calls
[perf] custom_function avg = 12.54 us over 18200000 calls
[perf] custom_function avg = 12.5374 us over 18250000 calls
[perf] custom_function avg = 12.5349 us over 18300000 calls
[perf] custom_function avg = 12.5324 us over 18350000 calls
[DRUG_SCHEDULE] t=40326 Drug WITHDRAWN (BC→0, interior dissipates)
[perf] custom_function avg = 12.5301 us over 18400000 calls
[perf] custom_function avg = 12.5276 us over 18450000 calls
[perf] custom_function avg = 12.5251 us over 18500000 calls
[perf] custom_function avg = 12.5226 us over 18550000 calls
[perf] custom_function avg = 12.5201 us over 18600000 calls
[perf] custom_function avg = 12.5176 us over 18650000 calls
[perf] custom_function avg = 12.5152 us over 18700000 calls
[perf] custom_function avg = 12.5129 us over 18750000 calls
[perf] custom_function avg = 12.5105 us over 18800000 calls
[perf] custom_function avg = 12.5081 us over 18850000 calls
[perf] custom_function avg = 12.5057 us over 18900000 calls
[perf] custom_function avg = 12.5034 us over 18950000 calls
[perf] custom_function avg = 12.5011 us over 19000000 calls
[perf] custom_function avg = 12.4987 us over 19050000 calls
[perf] custom_function avg = 12.4964 us over 19100000 calls
[perf] custom_function avg = 12.4942 us over 19150000 calls
[perf] custom_function avg = 12.4919 us over 19200000 calls
[perf] custom_function avg = 12.4896 us over 19250000 calls
[perf] custom_function avg = 12.4873 us over 19300000 calls
[perf] custom_function avg = 12.485 us over 19350000 calls
[perf] custom_function avg = 12.4827 us over 19400000 calls
[perf] custom_function avg = 12.4804 us over 19450000 calls
[perf] custom_function avg = 12.4781 us over 19500000 calls
[perf] custom_function avg = 12.4759 us over 19550000 calls
[perf] custom_function avg = 12.4736 us over 19600000 calls
[perf] custom_function avg = 12.4714 us over 19650000 calls
[perf] custom_function avg = 12.4692 us over 19700000 calls
[perf] custom_function avg = 12.467 us over 19750000 calls
[perf] custom_function avg = 12.4647 us over 19800000 calls
[perf] custom_function avg = 12.4625 us over 19850000 calls
[perf] custom_function avg = 12.4601 us over 19900000 calls
[perf] custom_function avg = 12.4578 us over 19950000 calls
[perf] custom_function avg = 12.4556 us over 20000000 calls
[perf] custom_function avg = 12.4533 us over 20050000 calls
[perf] custom_function avg = 12.4512 us over 20100000 calls
[perf] custom_function avg = 12.449 us over 20150000 calls
[perf] custom_function avg = 12.4469 us over 20200000 calls
[perf] custom_function avg = 12.4448 us over 20250000 calls
[perf] custom_function avg = 12.4427 us over 20300000 calls
[perf] custom_function avg = 12.4405 us over 20350000 calls
[perf] custom_function avg = 12.4384 us over 20400000 calls
[perf] custom_function avg = 12.4362 us over 20450000 calls
[perf] custom_function avg = 12.434 us over 20500000 calls
[perf] custom_function avg = 12.4317 us over 20550000 calls
[perf] custom_function avg = 12.4295 us over 20600000 calls
[perf] custom_function avg = 12.4274 us over 20650000 calls
[perf] custom_function avg = 12.4252 us over 20700000 calls
[perf] custom_function avg = 12.423 us over 20750000 calls
[perf] custom_function avg = 12.421 us over 20800000 calls
[perf] custom_function avg = 12.4186 us over 20850000 calls
[perf] custom_function avg = 12.416 us over 20900000 calls
[perf] custom_function avg = 12.4134 us over 20950000 calls
[perf] custom_function avg = 12.411 us over 21000000 calls
[perf] custom_function avg = 12.4084 us over 21050000 calls
[perf] custom_function avg = 12.4059 us over 21100000 calls
[perf] custom_function avg = 12.4034 us over 21150000 calls
[perf] custom_function avg = 12.4009 us over 21200000 calls
[perf] custom_function avg = 12.3984 us over 21250000 calls
[perf] custom_function avg = 12.396 us over 21300000 calls
[perf] custom_function avg = 12.3935 us over 21350000 calls
[perf] custom_function avg = 12.3909 us over 21400000 calls
[perf] custom_function avg = 12.3884 us over 21450000 calls
[perf] custom_function avg = 12.3861 us over 21500000 calls
[perf] custom_function avg = 12.3836 us over 21550000 calls
[perf] custom_function avg = 12.3812 us over 21600000 calls
[perf] custom_function avg = 12.3789 us over 21650000 calls
[perf] custom_function avg = 12.3765 us over 21700000 calls
[perf] custom_function avg = 12.3741 us over 21750000 calls
[perf] custom_function avg = 12.3717 us over 21800000 calls
[perf] custom_function avg = 12.3693 us over 21850000 calls
[perf] custom_function avg = 12.3669 us over 21900000 calls
[perf] custom_function avg = 12.3645 us over 21950000 calls
[perf] custom_function avg = 12.3622 us over 22000000 calls
[perf] custom_function avg = 12.3598 us over 22050000 calls
[perf] custom_function avg = 12.3575 us over 22100000 calls
[perf] custom_function avg = 12.3552 us over 22150000 calls
[perf] custom_function avg = 12.3529 us over 22200000 calls
[perf] custom_function avg = 12.3505 us over 22250000 calls
[perf] custom_function avg = 12.3482 us over 22300000 calls
[perf] custom_function avg = 12.3457 us over 22350000 calls
[perf] custom_function avg = 12.3435 us over 22400000 calls
[perf] custom_function avg = 12.3411 us over 22450000 calls
[perf] custom_function avg = 12.3388 us over 22500000 calls
[perf] custom_function avg = 12.3368 us over 22550000 calls
[perf] custom_function avg = 12.3349 us over 22600000 calls
[perf] custom_function avg = 12.333 us over 22650000 calls
[perf] custom_function avg = 12.3306 us over 22700000 calls
[perf] custom_function avg = 12.3282 us over 22750000 calls
[perf] custom_function avg = 12.326 us over 22800000 calls
[perf] custom_function avg = 12.3236 us over 22850000 calls
[perf] custom_function avg = 12.3213 us over 22900000 calls
[perf] custom_function avg = 12.319 us over 22950000 calls
[perf] custom_function avg = 12.3167 us over 23000000 calls
[perf] custom_function avg = 12.3145 us over 23050000 calls
[perf] custom_function avg = 12.3122 us over 23100000 calls
[perf] custom_function avg = 12.3099 us over 23150000 calls
[perf] custom_function avg = 12.3076 us over 23200000 calls
[perf] custom_function avg = 12.3053 us over 23250000 calls
[perf] custom_function avg = 12.303 us over 23300000 calls
[perf] custom_function avg = 12.3007 us over 23350000 calls
[perf] custom_function avg = 12.2985 us over 23400000 calls
[perf] custom_function avg = 12.2963 us over 23450000 calls
[perf] custom_function avg = 12.2941 us over 23500000 calls
[perf] custom_function avg = 12.2919 us over 23550000 calls
[perf] custom_function avg = 12.2897 us over 23600000 calls
[perf] custom_function avg = 12.2875 us over 23650000 calls
[perf] custom_function avg = 12.2853 us over 23700000 calls
[perf] custom_function avg = 12.2832 us over 23750000 calls
[perf] custom_function avg = 12.281 us over 23800000 calls
[perf] custom_function avg = 12.2789 us over 23850000 calls
[perf] custom_function avg = 12.2767 us over 23900000 calls
[perf] custom_function avg = 12.2747 us over 23950000 calls
[perf] custom_function avg = 12.2726 us over 24000000 calls
[perf] custom_function avg = 12.2704 us over 24050000 calls
[perf] custom_function avg = 12.2683 us over 24100000 calls
[perf] custom_function avg = 12.2662 us over 24150000 calls
[perf] custom_function avg = 12.264 us over 24200000 calls
[perf] custom_function avg = 12.2619 us over 24250000 calls
[perf] custom_function avg = 12.2598 us over 24300000 calls
[perf] custom_function avg = 12.2577 us over 24350000 calls
[perf] custom_function avg = 12.2556 us over 24400000 calls
[perf] custom_function avg = 12.2536 us over 24450000 calls
[perf] custom_function avg = 12.2516 us over 24500000 calls
[perf] custom_function avg = 12.2495 us over 24550000 calls
[perf] custom_function avg = 12.2474 us over 24600000 calls
[perf] custom_function avg = 12.2453 us over 24650000 calls
[perf] custom_function avg = 12.2432 us over 24700000 calls
[perf] custom_function avg = 12.2411 us over 24750000 calls
[perf] custom_function avg = 12.2391 us over 24800000 calls
[perf] custom_function avg = 12.237 us over 24850000 calls
[perf] custom_function avg = 12.2351 us over 24900000 calls
[perf] custom_function avg = 12.2331 us over 24950000 calls
[perf] custom_function avg = 12.2312 us over 25000000 calls
[perf] custom_function avg = 12.2291 us over 25050000 calls
[perf] custom_function avg = 12.2271 us over 25100000 calls
[perf] custom_function avg = 12.2252 us over 25150000 calls
[perf] custom_function avg = 12.2233 us over 25200000 calls
[perf] custom_function avg = 12.2213 us over 25250000 calls
[perf] custom_function avg = 12.2194 us over 25300000 calls
[perf] custom_function avg = 12.2175 us over 25350000 calls
[perf] custom_function avg = 12.2156 us over 25400000 calls
[perf] custom_function avg = 12.2137 us over 25450000 calls
[perf] custom_function avg = 12.2117 us over 25500000 calls
[perf] custom_function avg = 12.2098 us over 25550000 calls
[perf] custom_function avg = 12.2079 us over 25600000 calls
[perf] custom_function avg = 12.206 us over 25650000 calls
[perf] custom_function avg = 12.2041 us over 25700000 calls
[perf] custom_function avg = 12.2022 us over 25750000 calls
[perf] custom_function avg = 12.2003 us over 25800000 calls
[perf] custom_function avg = 12.1984 us over 25850000 calls
[perf] custom_function avg = 12.1966 us over 25900000 calls
[perf] custom_function avg = 12.1947 us over 25950000 calls
[perf] custom_function avg = 12.1929 us over 26000000 calls
[perf] custom_function avg = 12.1911 us over 26050000 calls
[perf] custom_function avg = 12.1892 us over 26100000 calls
[perf] custom_function avg = 12.1873 us over 26150000 calls
[perf] custom_function avg = 12.1855 us over 26200000 calls
[perf] custom_function avg = 12.1837 us over 26250000 calls
[perf] custom_function avg = 12.1818 us over 26300000 calls
[perf] custom_function avg = 12.18 us over 26350000 calls
[perf] custom_function avg = 12.1782 us over 26400000 calls
[perf] custom_function avg = 12.1764 us over 26450000 calls
[perf] custom_function avg = 12.1746 us over 26500000 calls
[perf] custom_function avg = 12.1727 us over 26550000 calls
[perf] custom_function avg = 12.1709 us over 26600000 calls
[perf] custom_function avg = 12.1691 us over 26650000 calls
[perf] custom_function avg = 12.1672 us over 26700000 calls
[perf] custom_function avg = 12.1654 us over 26750000 calls
[perf] custom_function avg = 12.1637 us over 26800000 calls
[perf] custom_function avg = 12.1619 us over 26850000 calls
[perf] custom_function avg = 12.1602 us over 26900000 calls
[perf] custom_function avg = 12.1584 us over 26950000 calls
[perf] custom_function avg = 12.1567 us over 27000000 calls
[perf] custom_function avg = 12.1549 us over 27050000 calls
[perf] custom_function avg = 12.1531 us over 27100000 calls
[perf] custom_function avg = 12.1514 us over 27150000 calls
[perf] custom_function avg = 12.1497 us over 27200000 calls
[perf] custom_function avg = 12.148 us over 27250000 calls
[perf] custom_function avg = 12.1463 us over 27300000 calls
[perf] custom_function avg = 12.1445 us over 27350000 calls
[perf] custom_function avg = 12.1429 us over 27400000 calls
[perf] custom_function avg = 12.1412 us over 27450000 calls
[perf] custom_function avg = 12.1395 us over 27500000 calls
[perf] custom_function avg = 12.1378 us over 27550000 calls
[perf] custom_function avg = 12.1361 us over 27600000 calls
[perf] custom_function avg = 12.1343 us over 27650000 calls
[perf] custom_function avg = 12.1326 us over 27700000 calls
[perf] custom_function avg = 12.1308 us over 27750000 calls
[perf] custom_function avg = 12.1291 us over 27800000 calls
[perf] custom_function avg = 12.1274 us over 27850000 calls
[perf] custom_function avg = 12.1257 us over 27900000 calls
[perf] custom_function avg = 12.1241 us over 27950000 calls
[perf] custom_function avg = 12.1225 us over 28000000 calls
[perf] custom_function avg = 12.1208 us over 28050000 calls
[perf] custom_function avg = 12.119 us over 28100000 calls
[perf] custom_function avg = 12.1173 us over 28150000 calls
[perf] custom_function avg = 12.1157 us over 28200000 calls
[perf] custom_function avg = 12.114 us over 28250000 calls
[perf] custom_function avg = 12.1123 us over 28300000 calls
[perf] custom_function avg = 12.1106 us over 28350000 calls
[perf] custom_function avg = 12.109 us over 28400000 calls
[perf] custom_function avg = 12.1073 us over 28450000 calls
[perf] custom_function avg = 12.1057 us over 28500000 calls
[perf] custom_function avg = 12.104 us over 28550000 calls
[perf] custom_function avg = 12.1024 us over 28600000 calls
[perf] custom_function avg = 12.1008 us over 28650000 calls
[perf] custom_function avg = 12.0991 us over 28700000 calls
[perf] custom_function avg = 12.0974 us over 28750000 calls
[perf] custom_function avg = 12.0957 us over 28800000 calls
[perf] custom_function avg = 12.0941 us over 28850000 calls
[perf] custom_function avg = 12.0924 us over 28900000 calls
[perf] custom_function avg = 12.0908 us over 28950000 calls
[perf] custom_function avg = 12.0892 us over 29000000 calls
