[setup_microenvironment] ECM impedance correction mode: dt-aware DRUG ONLY (O2/TGFb/SHH legacy)
[ThresholdConfig] Loaded from XML:  HIF1A O2=15 mmHg  Necrosis O2=5 mmHg  TGFB=0.1  SHH=1e-05
[setup_microenvironment] Loaded calibration profile: AsPC-1
[setup_microenvironment] Substrate indices: oxygen=0 tgfb=1 shh=2 ecm_density=4 drug=3
[setup_microenvironment] Completed in 6.6955 ms
[create_cell_types] Completed in 6.32702 ms

================================================================
 §8.1  Baseline Validation Suite — Tumor-Intrinsic Traits v1.0 
================================================================
  [PASS]  Trait 1:  Constitutive Paracrine Secretion
  [PASS]  Trait 2:  TGF-beta Insensitivity (Arrest Arm Only)
  [PASS]  Trait 3:  Rapid Proliferation / Broken Checkpoints
  [PASS]  Trait 4:  Apoptotic Resistance at Baseline
  [PASS]  Trait 5:  Inducible EMT Under Stress  (Spatial)
  [PASS]  Trait 6:  Hypoxia-Responsive Phenotype Switching
  [PASS]  Trait 7:  Drug-Inducible Efflux  (Not Constitutive)
  [PASS]  Trait 8:  ECM Compaction  (Passive / Mechanical)
  [PASS]  Trait 9:  13-Knob Partition + AsPC-1/PANC-1 Knob 2
  [PASS]  Trait 10:  SHH Paradox Fast Invariants
----------------------------------------------------------------
  Result: 10/10 passed — ALL PASS.  Baseline is validated.
================================================================

[setup_tissue] No intervention JSON provided; using active calibration defaults.
[setup_tissue] Placed tumor=50 stromal=500 cluster_radius=100um stroma_ring=[100,300]um in 7.51996 ms

[DIAG_T360_STROMAL] === One-time stromal diagnostic at t=366 ===
[DIAG_T360_STROMAL] Total live stromal: 508  PSCs(acta2=0): 355  CAFs(acta2=1): 153
[DIAG_T360_STROMAL] PSC #0  ID=163  transition_rate(0,0)=0  acta2_active=0  activation_mode=0  mechanical_pressure[16]=0.0951095
[DIAG_T360_STROMAL] PSC #1  ID=492  transition_rate(0,0)=0  acta2_active=0  activation_mode=0  mechanical_pressure[16]=0.142487
[DIAG_T360_STROMAL] PSC #2  ID=480  transition_rate(0,0)=0  acta2_active=0  activation_mode=0  mechanical_pressure[16]=0.07786
[DIAG_T360_STROMAL] PSC #3  ID=82  transition_rate(0,0)=0  acta2_active=0  activation_mode=0  mechanical_pressure[16]=0.229196
[DIAG_T360_STROMAL] PSC #4  ID=458  transition_rate(0,0)=0  acta2_active=0  activation_mode=0  mechanical_pressure[16]=0.256518
[DIAG_T360_STROMAL] CAF #0  ID=51  transition_rate(0,0)=0.000107922  acta2_active=1  activation_mode=1  mechanical_pressure[16]=0.111872
[DIAG_T360_STROMAL] CAF #1  ID=60  transition_rate(0,0)=0.000122198  acta2_active=1  activation_mode=1  mechanical_pressure[16]=1.39239e-05
[DIAG_T360_STROMAL] CAF #2  ID=61  transition_rate(0,0)=0.0001  acta2_active=1  activation_mode=1  mechanical_pressure[16]=0.171441
[DIAG_T360_MECH_VERIFY] Checking mechanical_pressure for 3 random stromal cells:
[DIAG_T360_MECH_VERIFY]   cell ID=433  idx[16]=0.258142  name_lookup=0.258142  simple_pressure=0.860472  OK
[DIAG_T360_MECH_VERIFY]   cell ID=296  idx[16]=0.0987017  name_lookup=0.0987017  simple_pressure=0.329006  OK
[DIAG_T360_MECH_VERIFY]   cell ID=479  idx[16]=0  name_lookup=0  simple_pressure=0  STILL_ZERO
[DIAG_T360_STROMAL] === end diagnostic ===

[perf] custom_function avg = 10.579 us over 50000 calls
[perf] custom_function avg = 10.6533 us over 100000 calls
[perf] custom_function avg = 10.7396 us over 150000 calls
[perf] custom_function avg = 10.8118 us over 200000 calls
[perf] custom_function avg = 10.8785 us over 250000 calls
[perf] custom_function avg = 10.948 us over 300000 calls
[perf] custom_function avg = 11.0419 us over 350000 calls
[perf] custom_function avg = 11.0985 us over 400000 calls
[perf] custom_function avg = 11.1698 us over 450000 calls
[perf] custom_function avg = 11.2731 us over 500000 calls
[perf] custom_function avg = 11.3639 us over 550000 calls
[perf] custom_function avg = 11.4429 us over 600000 calls
[perf] custom_function avg = 11.5017 us over 650000 calls
[perf] custom_function avg = 11.5552 us over 700000 calls
[perf] custom_function avg = 11.5959 us over 750000 calls
[perf] custom_function avg = 11.6386 us over 800000 calls
[perf] custom_function avg = 11.6758 us over 850000 calls
[perf] custom_function avg = 11.7085 us over 900000 calls
[perf] custom_function avg = 11.7338 us over 950000 calls
[perf] custom_function avg = 11.7607 us over 1000000 calls
[perf] custom_function avg = 11.7919 us over 1050000 calls
[perf] custom_function avg = 11.828 us over 1100000 calls
[perf] custom_function avg = 11.8653 us over 1150000 calls
[perf] custom_function avg = 11.8991 us over 1200000 calls
[perf] custom_function avg = 11.9343 us over 1250000 calls
[perf] custom_function avg = 11.9711 us over 1300000 calls
[perf] custom_function avg = 12.0066 us over 1350000 calls
[perf] custom_function avg = 12.02 us over 1400000 calls
[perf] custom_function avg = 12.0376 us over 1450000 calls
[perf] custom_function avg = 12.0569 us over 1500000 calls
[perf] custom_function avg = 12.0762 us over 1550000 calls
[perf] custom_function avg = 12.0977 us over 1600000 calls
[perf] custom_function avg = 12.1193 us over 1650000 calls
[perf] custom_function avg = 12.1407 us over 1700000 calls
[perf] custom_function avg = 12.1624 us over 1750000 calls
[perf] custom_function avg = 12.1873 us over 1800000 calls
[perf] custom_function avg = 12.2082 us over 1850000 calls
[perf] custom_function avg = 12.2291 us over 1900000 calls
[perf] custom_function avg = 12.2499 us over 1950000 calls
[perf] custom_function avg = 12.269 us over 2000000 calls
[perf] custom_function avg = 12.2869 us over 2050000 calls
[perf] custom_function avg = 12.3075 us over 2100000 calls
[perf] custom_function avg = 12.3292 us over 2150000 calls
[perf] custom_function avg = 12.3493 us over 2200000 calls
[perf] custom_function avg = 12.3703 us over 2250000 calls
[perf] custom_function avg = 12.3915 us over 2300000 calls
[perf] custom_function avg = 12.4122 us over 2350000 calls
[perf] custom_function avg = 12.4318 us over 2400000 calls
[perf] custom_function avg = 12.4486 us over 2450000 calls
[perf] custom_function avg = 12.4656 us over 2500000 calls
[perf] custom_function avg = 12.482 us over 2550000 calls
[perf] custom_function avg = 12.5001 us over 2600000 calls
[perf] custom_function avg = 12.5161 us over 2650000 calls
[perf] custom_function avg = 12.533 us over 2700000 calls
[perf] custom_function avg = 12.5485 us over 2750000 calls
[perf] custom_function avg = 12.5643 us over 2800000 calls
[perf] custom_function avg = 12.581 us over 2850000 calls
[perf] custom_function avg = 12.5965 us over 2900000 calls
[perf] custom_function avg = 12.6129 us over 2950000 calls
[perf] custom_function avg = 12.6282 us over 3000000 calls
[perf] custom_function avg = 12.6426 us over 3050000 calls
[perf] custom_function avg = 12.6569 us over 3100000 calls
[perf] custom_function avg = 12.6713 us over 3150000 calls
[perf] custom_function avg = 12.6852 us over 3200000 calls
[perf] custom_function avg = 12.6998 us over 3250000 calls
[perf] custom_function avg = 12.7122 us over 3300000 calls
[perf] custom_function avg = 12.7254 us over 3350000 calls
[perf] custom_function avg = 12.7399 us over 3400000 calls
[perf] custom_function avg = 12.7526 us over 3450000 calls
[perf] custom_function avg = 12.7654 us over 3500000 calls
[perf] custom_function avg = 12.7774 us over 3550000 calls
[perf] custom_function avg = 12.79 us over 3600000 calls
[perf] custom_function avg = 12.8001 us over 3650000 calls
[perf] custom_function avg = 12.8085 us over 3700000 calls
[perf] custom_function avg = 12.8183 us over 3750000 calls
[perf] custom_function avg = 12.8268 us over 3800000 calls
[perf] custom_function avg = 12.8349 us over 3850000 calls
[perf] custom_function avg = 12.8424 us over 3900000 calls
[perf] custom_function avg = 12.8493 us over 3950000 calls
[perf] custom_function avg = 12.8566 us over 4000000 calls
[perf] custom_function avg = 12.8637 us over 4050000 calls
[perf] custom_function avg = 12.8698 us over 4100000 calls
[perf] custom_function avg = 12.876 us over 4150000 calls
[DRUG_SCHEDULE] t=20166 Drug ON  concentration=0.1
[CUSTOM_DATA_DEBUG] drug present. cell_type=tumor_cell n_vars=62
  [0] KRAS = 1
  [1] MYC = 0.5
  [2] EGFR = 0.5
  [3] TP53 = 0
  [4] CDKN2A = 0.8
  [5] SMAD4 = 0
  [6] RB1 = 0
  [7] BCL_XL = 0
  [8] BAX = 0.5
  [9] ZEB1 = 1
  [10] CDH1 = 0
  [11] MMP2 = 1
  [12] TGFB1_expr = 0.8
  [13] SHH_expr = 0.7
  [14] HIF1A = 0.3
  [15] NRF2 = 1.38531e-35
  [16] ABCB1 = 0.0146203
  [17] is_mesenchymal = 1
  [18] stress_level = 0
  [19] drug_sensitivity = 0
  [20] apoptosis_threshold = 0
  [21] cell_id = 3225
  [22] parent_id = 1919
  [23] gene_state_KRAS = 1
  [24] gene_state_TP53 = 2
  [25] gene_state_CDKN2A = 2
  [26] gene_state_SMAD4 = 2
  [27] gene_state_BCL_XL = 1
  [28] gene_state_MYC = 0
  [29] gene_state_EGFR = 0
  [30] gene_state_RB1 = 0
  [31] gene_state_BAX = 0
  [32] gene_state_ZEB1 = 0
  [33] gene_state_CDH1 = 0
  [34] gene_state_MMP2 = 0
  [35] gene_state_TGFB1 = 0
  [36] gene_state_SHH = 0
  [37] gene_state_HIF1A = 0
  [38] gene_state_NRF2 = 0
  [39] gene_state_ABCB1 = 0
  [40] gene_state_HAS2 = 0
  [41] gene_state_COL1A1 = 0
  [42] gene_state_GLI1 = 0
  [43] gene_state_ACTA2 = 0
  [44] hif1a_active = 0
  [45] zeb1_active = 1
  [46] cdh1_expressed = 0
  [47] nrf2_active = 1.38531e-35
  [48] abcb1_active = 0.0146203
  [49] mmp2_active = 1
  [50] intracellular_drug = 0
  [51] time_since_drug_exposure = -1
  [52] time_alive = 0
  [53] emt_extent = 3
  [54] mechanical_pressure = 0
  [55] emt_signal_time = 360
  [56] emt_activation_time = 19128
  [57] final_prolif_rate = 2.4e-05
  [58] time_since_drug_withdrawal = -1
  [59] in_resistance_memory = 0
  [60] nrf2_withdrawal_anchor = 0
  [61] abcb1_withdrawal_anchor = 0
  idx[intracellular_drug]=50
  idx[nrf2_active]=47
  idx[abcb1_active]=48
  idx[NRF2]=15
  idx[ABCB1]=16
  idx[time_since_drug_exposure]=51
  idx[mechanical_pressure]=54
  idx[drug_uptake_rate]=-1
[perf] custom_function avg = 12.8836 us over 4200000 calls
[perf] custom_function avg = 12.8889 us over 4250000 calls
[perf] custom_function avg = 12.8935 us over 4300000 calls
[perf] custom_function avg = 12.8975 us over 4350000 calls
[perf] custom_function avg = 12.9016 us over 4400000 calls
[perf] custom_function avg = 12.9059 us over 4450000 calls
[perf] custom_function avg = 12.909 us over 4500000 calls
[perf] custom_function avg = 12.9119 us over 4550000 calls
[perf] custom_function avg = 12.9157 us over 4600000 calls
[perf] custom_function avg = 12.9178 us over 4650000 calls
[perf] custom_function avg = 12.92 us over 4700000 calls
[perf] custom_function avg = 12.9221 us over 4750000 calls
[perf] custom_function avg = 12.9241 us over 4800000 calls
[perf] custom_function avg = 12.9259 us over 4850000 calls
[perf] custom_function avg = 12.9269 us over 4900000 calls
[perf] custom_function avg = 12.9275 us over 4950000 calls
[perf] custom_function avg = 12.9294 us over 5000000 calls
[perf] custom_function avg = 12.9301 us over 5050000 calls
[perf] custom_function avg = 12.9307 us over 5100000 calls
[perf] custom_function avg = 12.9316 us over 5150000 calls
[perf] custom_function avg = 12.9322 us over 5200000 calls
[perf] custom_function avg = 12.9329 us over 5250000 calls
[perf] custom_function avg = 12.9337 us over 5300000 calls
[perf] custom_function avg = 12.9342 us over 5350000 calls
[perf] custom_function avg = 12.9349 us over 5400000 calls
[perf] custom_function avg = 12.9353 us over 5450000 calls
[perf] custom_function avg = 12.9358 us over 5500000 calls
[perf] custom_function avg = 12.9355 us over 5550000 calls
[perf] custom_function avg = 12.9355 us over 5600000 calls
[perf] custom_function avg = 12.9354 us over 5650000 calls
[perf] custom_function avg = 12.9345 us over 5700000 calls
[perf] custom_function avg = 12.934 us over 5750000 calls
[perf] custom_function avg = 12.9331 us over 5800000 calls
[perf] custom_function avg = 12.9325 us over 5850000 calls
[perf] custom_function avg = 12.9318 us over 5900000 calls
[perf] custom_function avg = 12.9313 us over 5950000 calls
[perf] custom_function avg = 12.9306 us over 6000000 calls
[perf] custom_function avg = 12.9296 us over 6050000 calls
[perf] custom_function avg = 12.9289 us over 6100000 calls
[perf] custom_function avg = 12.9275 us over 6150000 calls
[perf] custom_function avg = 12.9266 us over 6200000 calls
[perf] custom_function avg = 12.9256 us over 6250000 calls
[perf] custom_function avg = 12.924 us over 6300000 calls
[perf] custom_function avg = 12.9224 us over 6350000 calls
[perf] custom_function avg = 12.9207 us over 6400000 calls
[perf] custom_function avg = 12.9192 us over 6450000 calls
[perf] custom_function avg = 12.9179 us over 6500000 calls
[perf] custom_function avg = 12.9166 us over 6550000 calls
[perf] custom_function avg = 12.9153 us over 6600000 calls
[perf] custom_function avg = 12.9135 us over 6650000 calls
[perf] custom_function avg = 12.9117 us over 6700000 calls
[perf] custom_function avg = 12.9101 us over 6750000 calls
[perf] custom_function avg = 12.9084 us over 6800000 calls
[perf] custom_function avg = 12.9064 us over 6850000 calls
[perf] custom_function avg = 12.9043 us over 6900000 calls
[perf] custom_function avg = 12.9022 us over 6950000 calls
[perf] custom_function avg = 12.9004 us over 7000000 calls
[perf] custom_function avg = 12.8984 us over 7050000 calls
[perf] custom_function avg = 12.8964 us over 7100000 calls
[perf] custom_function avg = 12.8945 us over 7150000 calls
[perf] custom_function avg = 12.8925 us over 7200000 calls
[perf] custom_function avg = 12.8906 us over 7250000 calls
[perf] custom_function avg = 12.8891 us over 7300000 calls
[perf] custom_function avg = 12.8877 us over 7350000 calls
[perf] custom_function avg = 12.8858 us over 7400000 calls
[perf] custom_function avg = 12.8838 us over 7450000 calls
[perf] custom_function avg = 12.882 us over 7500000 calls
[perf] custom_function avg = 12.8798 us over 7550000 calls
[perf] custom_function avg = 12.8778 us over 7600000 calls
[perf] custom_function avg = 12.8759 us over 7650000 calls
[perf] custom_function avg = 12.8741 us over 7700000 calls
[perf] custom_function avg = 12.8723 us over 7750000 calls
[perf] custom_function avg = 12.87 us over 7800000 calls
[perf] custom_function avg = 12.8678 us over 7850000 calls
[perf] custom_function avg = 12.866 us over 7900000 calls
[perf] custom_function avg = 12.8642 us over 7950000 calls
[perf] custom_function avg = 12.8624 us over 8000000 calls
[perf] custom_function avg = 12.8609 us over 8050000 calls
[perf] custom_function avg = 12.8593 us over 8100000 calls
[perf] custom_function avg = 12.8576 us over 8150000 calls
[perf] custom_function avg = 12.8553 us over 8200000 calls
[perf] custom_function avg = 12.8535 us over 8250000 calls
[perf] custom_function avg = 12.8513 us over 8300000 calls
[perf] custom_function avg = 12.8492 us over 8350000 calls
[perf] custom_function avg = 12.847 us over 8400000 calls
[perf] custom_function avg = 12.8448 us over 8450000 calls
[perf] custom_function avg = 12.8428 us over 8500000 calls
[perf] custom_function avg = 12.841 us over 8550000 calls
[perf] custom_function avg = 12.8389 us over 8600000 calls
[perf] custom_function avg = 12.8368 us over 8650000 calls
[perf] custom_function avg = 12.8347 us over 8700000 calls
[perf] custom_function avg = 12.833 us over 8750000 calls
[perf] custom_function avg = 12.8309 us over 8800000 calls
[perf] custom_function avg = 12.8288 us over 8850000 calls
[perf] custom_function avg = 12.8265 us over 8900000 calls
[perf] custom_function avg = 12.8243 us over 8950000 calls
[perf] custom_function avg = 12.8222 us over 9000000 calls
[perf] custom_function avg = 12.8198 us over 9050000 calls
[perf] custom_function avg = 12.8176 us over 9100000 calls
[perf] custom_function avg = 12.815 us over 9150000 calls
[perf] custom_function avg = 12.8127 us over 9200000 calls
[perf] custom_function avg = 12.8104 us over 9250000 calls
[perf] custom_function avg = 12.8082 us over 9300000 calls
[perf] custom_function avg = 12.8057 us over 9350000 calls
[perf] custom_function avg = 12.8035 us over 9400000 calls
[perf] custom_function avg = 12.8015 us over 9450000 calls
[perf] custom_function avg = 12.7993 us over 9500000 calls
[perf] custom_function avg = 12.7973 us over 9550000 calls
[perf] custom_function avg = 12.7952 us over 9600000 calls
[perf] custom_function avg = 12.7933 us over 9650000 calls
[perf] custom_function avg = 12.7911 us over 9700000 calls
[perf] custom_function avg = 12.7887 us over 9750000 calls
[perf] custom_function avg = 12.7863 us over 9800000 calls
[perf] custom_function avg = 12.7841 us over 9850000 calls
[perf] custom_function avg = 12.7824 us over 9900000 calls
[perf] custom_function avg = 12.7804 us over 9950000 calls
[perf] custom_function avg = 12.7784 us over 10000000 calls
[perf] custom_function avg = 12.7762 us over 10050000 calls
[perf] custom_function avg = 12.7738 us over 10100000 calls
[perf] custom_function avg = 12.7716 us over 10150000 calls
[perf] custom_function avg = 12.7695 us over 10200000 calls
[perf] custom_function avg = 12.767 us over 10250000 calls
[perf] custom_function avg = 12.7645 us over 10300000 calls
[perf] custom_function avg = 12.7622 us over 10350000 calls
[perf] custom_function avg = 12.7599 us over 10400000 calls
[perf] custom_function avg = 12.7576 us over 10450000 calls
[perf] custom_function avg = 12.7552 us over 10500000 calls
[perf] custom_function avg = 12.7526 us over 10550000 calls
[perf] custom_function avg = 12.7501 us over 10600000 calls
[perf] custom_function avg = 12.7479 us over 10650000 calls
[perf] custom_function avg = 12.7454 us over 10700000 calls
[perf] custom_function avg = 12.743 us over 10750000 calls
[perf] custom_function avg = 12.7409 us over 10800000 calls
[perf] custom_function avg = 12.7387 us over 10850000 calls
[perf] custom_function avg = 12.7365 us over 10900000 calls
[perf] custom_function avg = 12.7342 us over 10950000 calls
[perf] custom_function avg = 12.7318 us over 11000000 calls
[perf] custom_function avg = 12.7294 us over 11050000 calls
[perf] custom_function avg = 12.7268 us over 11100000 calls
[perf] custom_function avg = 12.7248 us over 11150000 calls
[perf] custom_function avg = 12.7224 us over 11200000 calls
[perf] custom_function avg = 12.72 us over 11250000 calls
[perf] custom_function avg = 12.7176 us over 11300000 calls
[perf] custom_function avg = 12.7152 us over 11350000 calls
[perf] custom_function avg = 12.7129 us over 11400000 calls
[perf] custom_function avg = 12.7105 us over 11450000 calls
[perf] custom_function avg = 12.7079 us over 11500000 calls
[perf] custom_function avg = 12.7053 us over 11550000 calls
[perf] custom_function avg = 12.7027 us over 11600000 calls
[perf] custom_function avg = 12.7001 us over 11650000 calls
[perf] custom_function avg = 12.6977 us over 11700000 calls
[perf] custom_function avg = 12.6954 us over 11750000 calls
[perf] custom_function avg = 12.6928 us over 11800000 calls
[perf] custom_function avg = 12.6903 us over 11850000 calls
[perf] custom_function avg = 12.6881 us over 11900000 calls
[perf] custom_function avg = 12.686 us over 11950000 calls
[perf] custom_function avg = 12.6836 us over 12000000 calls
[perf] custom_function avg = 12.6813 us over 12050000 calls
[perf] custom_function avg = 12.6789 us over 12100000 calls
[perf] custom_function avg = 12.6763 us over 12150000 calls
[perf] custom_function avg = 12.6739 us over 12200000 calls
[perf] custom_function avg = 12.6715 us over 12250000 calls
[perf] custom_function avg = 12.6691 us over 12300000 calls
[perf] custom_function avg = 12.6666 us over 12350000 calls
[perf] custom_function avg = 12.6641 us over 12400000 calls
[perf] custom_function avg = 12.6617 us over 12450000 calls
[perf] custom_function avg = 12.6593 us over 12500000 calls
[perf] custom_function avg = 12.657 us over 12550000 calls
[perf] custom_function avg = 12.6547 us over 12600000 calls
[perf] custom_function avg = 12.652 us over 12650000 calls
[perf] custom_function avg = 12.6495 us over 12700000 calls
[perf] custom_function avg = 12.647 us over 12750000 calls
[perf] custom_function avg = 12.6446 us over 12800000 calls
[perf] custom_function avg = 12.6421 us over 12850000 calls
[perf] custom_function avg = 12.6395 us over 12900000 calls
[perf] custom_function avg = 12.637 us over 12950000 calls
[perf] custom_function avg = 12.6344 us over 13000000 calls
[perf] custom_function avg = 12.632 us over 13050000 calls
[perf] custom_function avg = 12.6296 us over 13100000 calls
[perf] custom_function avg = 12.6271 us over 13150000 calls
[perf] custom_function avg = 12.6246 us over 13200000 calls
[perf] custom_function avg = 12.6221 us over 13250000 calls
[perf] custom_function avg = 12.6196 us over 13300000 calls
[perf] custom_function avg = 12.6172 us over 13350000 calls
[perf] custom_function avg = 12.6149 us over 13400000 calls
[perf] custom_function avg = 12.6126 us over 13450000 calls
[perf] custom_function avg = 12.61 us over 13500000 calls
[perf] custom_function avg = 12.6075 us over 13550000 calls
[perf] custom_function avg = 12.605 us over 13600000 calls
[perf] custom_function avg = 12.6027 us over 13650000 calls
[perf] custom_function avg = 12.6005 us over 13700000 calls
[perf] custom_function avg = 12.5982 us over 13750000 calls
[perf] custom_function avg = 12.5958 us over 13800000 calls
[perf] custom_function avg = 12.5948 us over 13850000 calls
[perf] custom_function avg = 12.5937 us over 13900000 calls
[perf] custom_function avg = 12.5926 us over 13950000 calls
[perf] custom_function avg = 12.5915 us over 14000000 calls
[perf] custom_function avg = 12.5899 us over 14050000 calls
[perf] custom_function avg = 12.5879 us over 14100000 calls
[perf] custom_function avg = 12.5859 us over 14150000 calls
[perf] custom_function avg = 12.5839 us over 14200000 calls
[perf] custom_function avg = 12.5817 us over 14250000 calls
[perf] custom_function avg = 12.5796 us over 14300000 calls
[perf] custom_function avg = 12.5775 us over 14350000 calls
[perf] custom_function avg = 12.5754 us over 14400000 calls
[perf] custom_function avg = 12.5728 us over 14450000 calls
[perf] custom_function avg = 12.5705 us over 14500000 calls
[perf] custom_function avg = 12.568 us over 14550000 calls
[perf] custom_function avg = 12.5653 us over 14600000 calls
[perf] custom_function avg = 12.5629 us over 14650000 calls
[perf] custom_function avg = 12.5603 us over 14700000 calls
[perf] custom_function avg = 12.5576 us over 14750000 calls
[perf] custom_function avg = 12.5552 us over 14800000 calls
[perf] custom_function avg = 12.5526 us over 14850000 calls
[perf] custom_function avg = 12.55 us over 14900000 calls
[perf] custom_function avg = 12.5477 us over 14950000 calls
[perf] custom_function avg = 12.5451 us over 15000000 calls
[perf] custom_function avg = 12.5427 us over 15050000 calls
[perf] custom_function avg = 12.5404 us over 15100000 calls
[perf] custom_function avg = 12.5377 us over 15150000 calls
[perf] custom_function avg = 12.535 us over 15200000 calls
[perf] custom_function avg = 12.5323 us over 15250000 calls
[perf] custom_function avg = 12.5298 us over 15300000 calls
[perf] custom_function avg = 12.5272 us over 15350000 calls
[perf] custom_function avg = 12.5246 us over 15400000 calls
[perf] custom_function avg = 12.522 us over 15450000 calls
[perf] custom_function avg = 12.5193 us over 15500000 calls
[perf] custom_function avg = 12.5168 us over 15550000 calls
[perf] custom_function avg = 12.5143 us over 15600000 calls
[perf] custom_function avg = 12.5117 us over 15650000 calls
[perf] custom_function avg = 12.509 us over 15700000 calls
[perf] custom_function avg = 12.5064 us over 15750000 calls
[perf] custom_function avg = 12.5038 us over 15800000 calls
[perf] custom_function avg = 12.5014 us over 15850000 calls
[perf] custom_function avg = 12.4988 us over 15900000 calls
[perf] custom_function avg = 12.4964 us over 15950000 calls
[perf] custom_function avg = 12.4937 us over 16000000 calls
[perf] custom_function avg = 12.4912 us over 16050000 calls
[perf] custom_function avg = 12.4887 us over 16100000 calls
[perf] custom_function avg = 12.486 us over 16150000 calls
[perf] custom_function avg = 12.4834 us over 16200000 calls
[perf] custom_function avg = 12.4809 us over 16250000 calls
[perf] custom_function avg = 12.4784 us over 16300000 calls
[perf] custom_function avg = 12.4759 us over 16350000 calls
[perf] custom_function avg = 12.4733 us over 16400000 calls
[perf] custom_function avg = 12.4707 us over 16450000 calls
[perf] custom_function avg = 12.4681 us over 16500000 calls
[perf] custom_function avg = 12.4655 us over 16550000 calls
[perf] custom_function avg = 12.463 us over 16600000 calls
[perf] custom_function avg = 12.4604 us over 16650000 calls
[perf] custom_function avg = 12.4579 us over 16700000 calls
[perf] custom_function avg = 12.4553 us over 16750000 calls
[perf] custom_function avg = 12.4529 us over 16800000 calls
[perf] custom_function avg = 12.4504 us over 16850000 calls
[perf] custom_function avg = 12.4479 us over 16900000 calls
[perf] custom_function avg = 12.4455 us over 16950000 calls
[DRUG_SCHEDULE] t=40326 Drug WITHDRAWN (BC→0, interior dissipates)
[perf] custom_function avg = 12.443 us over 17000000 calls
[perf] custom_function avg = 12.4405 us over 17050000 calls
[perf] custom_function avg = 12.438 us over 17100000 calls
[perf] custom_function avg = 12.4355 us over 17150000 calls
[perf] custom_function avg = 12.4331 us over 17200000 calls
[perf] custom_function avg = 12.4307 us over 17250000 calls
[perf] custom_function avg = 12.4283 us over 17300000 calls
[perf] custom_function avg = 12.4261 us over 17350000 calls
[perf] custom_function avg = 12.4236 us over 17400000 calls
[perf] custom_function avg = 12.4213 us over 17450000 calls
[perf] custom_function avg = 12.4189 us over 17500000 calls
[perf] custom_function avg = 12.4164 us over 17550000 calls
[perf] custom_function avg = 12.414 us over 17600000 calls
[perf] custom_function avg = 12.4116 us over 17650000 calls
[perf] custom_function avg = 12.4092 us over 17700000 calls
[perf] custom_function avg = 12.4069 us over 17750000 calls
[perf] custom_function avg = 12.4045 us over 17800000 calls
[perf] custom_function avg = 12.4021 us over 17850000 calls
[perf] custom_function avg = 12.3998 us over 17900000 calls
[perf] custom_function avg = 12.3974 us over 17950000 calls
[perf] custom_function avg = 12.395 us over 18000000 calls
[perf] custom_function avg = 12.3926 us over 18050000 calls
[perf] custom_function avg = 12.3904 us over 18100000 calls
[perf] custom_function avg = 12.3879 us over 18150000 calls
[perf] custom_function avg = 12.3853 us over 18200000 calls
[perf] custom_function avg = 12.3824 us over 18250000 calls
[perf] custom_function avg = 12.3797 us over 18300000 calls
[perf] custom_function avg = 12.3768 us over 18350000 calls
[perf] custom_function avg = 12.3739 us over 18400000 calls
[perf] custom_function avg = 12.3712 us over 18450000 calls
[perf] custom_function avg = 12.3685 us over 18500000 calls
[perf] custom_function avg = 12.3657 us over 18550000 calls
[perf] custom_function avg = 12.3629 us over 18600000 calls
[perf] custom_function avg = 12.3602 us over 18650000 calls
[perf] custom_function avg = 12.3574 us over 18700000 calls
[perf] custom_function avg = 12.3548 us over 18750000 calls
[perf] custom_function avg = 12.352 us over 18800000 calls
[perf] custom_function avg = 12.3493 us over 18850000 calls
[perf] custom_function avg = 12.3466 us over 18900000 calls
[perf] custom_function avg = 12.344 us over 18950000 calls
[perf] custom_function avg = 12.3415 us over 19000000 calls
[perf] custom_function avg = 12.3389 us over 19050000 calls
[perf] custom_function avg = 12.3363 us over 19100000 calls
[perf] custom_function avg = 12.3338 us over 19150000 calls
[perf] custom_function avg = 12.3311 us over 19200000 calls
[perf] custom_function avg = 12.3285 us over 19250000 calls
[perf] custom_function avg = 12.3258 us over 19300000 calls
[perf] custom_function avg = 12.3232 us over 19350000 calls
[perf] custom_function avg = 12.3208 us over 19400000 calls
[perf] custom_function avg = 12.3182 us over 19450000 calls
[perf] custom_function avg = 12.3157 us over 19500000 calls
[perf] custom_function avg = 12.3133 us over 19550000 calls
[perf] custom_function avg = 12.3108 us over 19600000 calls
[perf] custom_function avg = 12.3084 us over 19650000 calls
[perf] custom_function avg = 12.306 us over 19700000 calls
[perf] custom_function avg = 12.3036 us over 19750000 calls
[perf] custom_function avg = 12.3012 us over 19800000 calls
[perf] custom_function avg = 12.2988 us over 19850000 calls
[perf] custom_function avg = 12.2964 us over 19900000 calls
[perf] custom_function avg = 12.2939 us over 19950000 calls
[perf] custom_function avg = 12.2916 us over 20000000 calls
[perf] custom_function avg = 12.2892 us over 20050000 calls
[perf] custom_function avg = 12.2868 us over 20100000 calls
[perf] custom_function avg = 12.2844 us over 20150000 calls
[perf] custom_function avg = 12.2819 us over 20200000 calls
[perf] custom_function avg = 12.2795 us over 20250000 calls
[perf] custom_function avg = 12.2771 us over 20300000 calls
[perf] custom_function avg = 12.2746 us over 20350000 calls
[perf] custom_function avg = 12.2722 us over 20400000 calls
[perf] custom_function avg = 12.2699 us over 20450000 calls
[perf] custom_function avg = 12.2675 us over 20500000 calls
[perf] custom_function avg = 12.2651 us over 20550000 calls
[perf] custom_function avg = 12.2628 us over 20600000 calls
[perf] custom_function avg = 12.2606 us over 20650000 calls
[perf] custom_function avg = 12.2584 us over 20700000 calls
[perf] custom_function avg = 12.2562 us over 20750000 calls
[perf] custom_function avg = 12.254 us over 20800000 calls
[perf] custom_function avg = 12.2518 us over 20850000 calls
[perf] custom_function avg = 12.2495 us over 20900000 calls
[perf] custom_function avg = 12.2472 us over 20950000 calls
[perf] custom_function avg = 12.2451 us over 21000000 calls
[perf] custom_function avg = 12.243 us over 21050000 calls
[perf] custom_function avg = 12.2408 us over 21100000 calls
[perf] custom_function avg = 12.2386 us over 21150000 calls
[perf] custom_function avg = 12.2365 us over 21200000 calls
[perf] custom_function avg = 12.2344 us over 21250000 calls
[perf] custom_function avg = 12.2321 us over 21300000 calls
[perf] custom_function avg = 12.23 us over 21350000 calls
[perf] custom_function avg = 12.2279 us over 21400000 calls
[perf] custom_function avg = 12.2259 us over 21450000 calls
[perf] custom_function avg = 12.2238 us over 21500000 calls
[perf] custom_function avg = 12.2217 us over 21550000 calls
[perf] custom_function avg = 12.2196 us over 21600000 calls
[perf] custom_function avg = 12.2175 us over 21650000 calls
[perf] custom_function avg = 12.2155 us over 21700000 calls
[perf] custom_function avg = 12.2135 us over 21750000 calls
[perf] custom_function avg = 12.2113 us over 21800000 calls
[perf] custom_function avg = 12.2093 us over 21850000 calls
[perf] custom_function avg = 12.2072 us over 21900000 calls
[perf] custom_function avg = 12.2051 us over 21950000 calls
[perf] custom_function avg = 12.203 us over 22000000 calls
[perf] custom_function avg = 12.2009 us over 22050000 calls
[perf] custom_function avg = 12.1989 us over 22100000 calls
[perf] custom_function avg = 12.197 us over 22150000 calls
[perf] custom_function avg = 12.1949 us over 22200000 calls
[perf] custom_function avg = 12.193 us over 22250000 calls
[perf] custom_function avg = 12.1909 us over 22300000 calls
[perf] custom_function avg = 12.1889 us over 22350000 calls
[perf] custom_function avg = 12.1869 us over 22400000 calls
[perf] custom_function avg = 12.1849 us over 22450000 calls
[perf] custom_function avg = 12.1829 us over 22500000 calls
[perf] custom_function avg = 12.181 us over 22550000 calls
[perf] custom_function avg = 12.1791 us over 22600000 calls
[perf] custom_function avg = 12.1771 us over 22650000 calls
[perf] custom_function avg = 12.1751 us over 22700000 calls
[perf] custom_function avg = 12.1731 us over 22750000 calls
[perf] custom_function avg = 12.1711 us over 22800000 calls
[perf] custom_function avg = 12.1691 us over 22850000 calls
[perf] custom_function avg = 12.1672 us over 22900000 calls
[perf] custom_function avg = 12.1652 us over 22950000 calls
[perf] custom_function avg = 12.1631 us over 23000000 calls
[perf] custom_function avg = 12.1606 us over 23050000 calls
[perf] custom_function avg = 12.1582 us over 23100000 calls
[perf] custom_function avg = 12.1558 us over 23150000 calls
[perf] custom_function avg = 12.1534 us over 23200000 calls
[perf] custom_function avg = 12.151 us over 23250000 calls
[perf] custom_function avg = 12.1486 us over 23300000 calls
[perf] custom_function avg = 12.1462 us over 23350000 calls
[perf] custom_function avg = 12.1437 us over 23400000 calls
[perf] custom_function avg = 12.1413 us over 23450000 calls
[perf] custom_function avg = 12.1389 us over 23500000 calls
[perf] custom_function avg = 12.1365 us over 23550000 calls
[perf] custom_function avg = 12.1343 us over 23600000 calls
[perf] custom_function avg = 12.1319 us over 23650000 calls
[perf] custom_function avg = 12.1296 us over 23700000 calls
[perf] custom_function avg = 12.1274 us over 23750000 calls
[perf] custom_function avg = 12.1252 us over 23800000 calls
[perf] custom_function avg = 12.1228 us over 23850000 calls
[perf] custom_function avg = 12.1204 us over 23900000 calls
[perf] custom_function avg = 12.1182 us over 23950000 calls
[perf] custom_function avg = 12.1158 us over 24000000 calls
[perf] custom_function avg = 12.1135 us over 24050000 calls
[perf] custom_function avg = 12.1111 us over 24100000 calls
[perf] custom_function avg = 12.1088 us over 24150000 calls
[perf] custom_function avg = 12.1065 us over 24200000 calls
[perf] custom_function avg = 12.1042 us over 24250000 calls
[perf] custom_function avg = 12.1019 us over 24300000 calls
[perf] custom_function avg = 12.0996 us over 24350000 calls
[perf] custom_function avg = 12.0974 us over 24400000 calls
[perf] custom_function avg = 12.0951 us over 24450000 calls
[perf] custom_function avg = 12.0929 us over 24500000 calls
[perf] custom_function avg = 12.0907 us over 24550000 calls
[perf] custom_function avg = 12.0885 us over 24600000 calls
[perf] custom_function avg = 12.0863 us over 24650000 calls
[perf] custom_function avg = 12.0841 us over 24700000 calls
[perf] custom_function avg = 12.0819 us over 24750000 calls
[perf] custom_function avg = 12.0797 us over 24800000 calls
[perf] custom_function avg = 12.0776 us over 24850000 calls
[perf] custom_function avg = 12.0754 us over 24900000 calls
[perf] custom_function avg = 12.0732 us over 24950000 calls
[perf] custom_function avg = 12.0711 us over 25000000 calls
[perf] custom_function avg = 12.0689 us over 25050000 calls
[perf] custom_function avg = 12.0667 us over 25100000 calls
[perf] custom_function avg = 12.0646 us over 25150000 calls
[perf] custom_function avg = 12.0624 us over 25200000 calls
[perf] custom_function avg = 12.0603 us over 25250000 calls
[perf] custom_function avg = 12.0582 us over 25300000 calls
[perf] custom_function avg = 12.0562 us over 25350000 calls
[perf] custom_function avg = 12.0541 us over 25400000 calls
[perf] custom_function avg = 12.052 us over 25450000 calls
[perf] custom_function avg = 12.0499 us over 25500000 calls
[perf] custom_function avg = 12.0478 us over 25550000 calls
[perf] custom_function avg = 12.0458 us over 25600000 calls
[perf] custom_function avg = 12.0438 us over 25650000 calls
[perf] custom_function avg = 12.0419 us over 25700000 calls
[perf] custom_function avg = 12.0399 us over 25750000 calls
[perf] custom_function avg = 12.0379 us over 25800000 calls
[perf] custom_function avg = 12.0359 us over 25850000 calls
[perf] custom_function avg = 12.0339 us over 25900000 calls
[perf] custom_function avg = 12.0319 us over 25950000 calls
[perf] custom_function avg = 12.0299 us over 26000000 calls
[perf] custom_function avg = 12.028 us over 26050000 calls
[perf] custom_function avg = 12.026 us over 26100000 calls
[perf] custom_function avg = 12.0241 us over 26150000 calls
[perf] custom_function avg = 12.0222 us over 26200000 calls
[perf] custom_function avg = 12.0203 us over 26250000 calls
[perf] custom_function avg = 12.0184 us over 26300000 calls
[perf] custom_function avg = 12.0165 us over 26350000 calls
[perf] custom_function avg = 12.0146 us over 26400000 calls
[perf] custom_function avg = 12.0126 us over 26450000 calls
[perf] custom_function avg = 12.0107 us over 26500000 calls
[perf] custom_function avg = 12.0088 us over 26550000 calls
[perf] custom_function avg = 12.0069 us over 26600000 calls
[perf] custom_function avg = 12.005 us over 26650000 calls
[perf] custom_function avg = 12.0031 us over 26700000 calls
[perf] custom_function avg = 12.0012 us over 26750000 calls
[perf] custom_function avg = 12.0003 us over 26800000 calls
[perf] custom_function avg = 11.9985 us over 26850000 calls
[perf] custom_function avg = 11.9966 us over 26900000 calls
[perf] custom_function avg = 11.9947 us over 26950000 calls
[perf] custom_function avg = 11.9928 us over 27000000 calls
[perf] custom_function avg = 11.9909 us over 27050000 calls
[perf] custom_function avg = 11.989 us over 27100000 calls
[perf] custom_function avg = 11.9871 us over 27150000 calls
[perf] custom_function avg = 11.9852 us over 27200000 calls
[perf] custom_function avg = 11.9834 us over 27250000 calls
[perf] custom_function avg = 11.9816 us over 27300000 calls
[perf] custom_function avg = 11.9798 us over 27350000 calls
[perf] custom_function avg = 11.9779 us over 27400000 calls
[perf] custom_function avg = 11.976 us over 27450000 calls
[perf] custom_function avg = 11.9742 us over 27500000 calls
[perf] custom_function avg = 11.9724 us over 27550000 calls
[perf] custom_function avg = 11.9707 us over 27600000 calls
[perf] custom_function avg = 11.9688 us over 27650000 calls
[perf] custom_function avg = 11.967 us over 27700000 calls
[perf] custom_function avg = 11.9652 us over 27750000 calls
[perf] custom_function avg = 11.9634 us over 27800000 calls
[perf] custom_function avg = 11.9617 us over 27850000 calls
[perf] custom_function avg = 11.96 us over 27900000 calls
[perf] custom_function avg = 11.9581 us over 27950000 calls
[perf] custom_function avg = 11.9564 us over 28000000 calls
[perf] custom_function avg = 11.9546 us over 28050000 calls
[perf] custom_function avg = 11.9529 us over 28100000 calls
[perf] custom_function avg = 11.9511 us over 28150000 calls
[perf] custom_function avg = 11.9494 us over 28200000 calls
[perf] custom_function avg = 11.9477 us over 28250000 calls
[perf] custom_function avg = 11.946 us over 28300000 calls
[perf] custom_function avg = 11.9444 us over 28350000 calls
[perf] custom_function avg = 11.9428 us over 28400000 calls
[perf] custom_function avg = 11.9411 us over 28450000 calls
[perf] custom_function avg = 11.9395 us over 28500000 calls
[perf] custom_function avg = 11.9378 us over 28550000 calls
[perf] custom_function avg = 11.9361 us over 28600000 calls
[perf] custom_function avg = 11.9345 us over 28650000 calls
[perf] custom_function avg = 11.9328 us over 28700000 calls
[perf] custom_function avg = 11.9311 us over 28750000 calls
[perf] custom_function avg = 11.9294 us over 28800000 calls
[perf] custom_function avg = 11.9277 us over 28850000 calls
[perf] custom_function avg = 11.9261 us over 28900000 calls
[perf] custom_function avg = 11.9243 us over 28950000 calls
[perf] custom_function avg = 11.9227 us over 29000000 calls
[perf] custom_function avg = 11.9211 us over 29050000 calls
[perf] custom_function avg = 11.9197 us over 29100000 calls
[perf] custom_function avg = 11.9182 us over 29150000 calls
[perf] custom_function avg = 11.9167 us over 29200000 calls
[perf] custom_function avg = 11.9151 us over 29250000 calls
[perf] custom_function avg = 11.9136 us over 29300000 calls
[perf] custom_function avg = 11.912 us over 29350000 calls
[perf] custom_function avg = 11.9104 us over 29400000 calls
[perf] custom_function avg = 11.9089 us over 29450000 calls
[perf] custom_function avg = 11.9073 us over 29500000 calls
[perf] custom_function avg = 11.9057 us over 29550000 calls
[perf] custom_function avg = 11.904 us over 29600000 calls
[perf] custom_function avg = 11.9024 us over 29650000 calls
[perf] custom_function avg = 11.9008 us over 29700000 calls
[perf] custom_function avg = 11.8992 us over 29750000 calls
[perf] custom_function avg = 11.8977 us over 29800000 calls
[perf] custom_function avg = 11.8961 us over 29850000 calls
[perf] custom_function avg = 11.8946 us over 29900000 calls
[perf] custom_function avg = 11.8931 us over 29950000 calls
[perf] custom_function avg = 11.8916 us over 30000000 calls
[perf] custom_function avg = 11.8901 us over 30050000 calls
[perf] custom_function avg = 11.8887 us over 30100000 calls
[perf] custom_function avg = 11.8871 us over 30150000 calls
[perf] custom_function avg = 11.8856 us over 30200000 calls
[perf] custom_function avg = 11.8841 us over 30250000 calls
[perf] custom_function avg = 11.8825 us over 30300000 calls
[perf] custom_function avg = 11.881 us over 30350000 calls
[perf] custom_function avg = 11.8795 us over 30400000 calls
[perf] custom_function avg = 11.878 us over 30450000 calls
[perf] custom_function avg = 11.8765 us over 30500000 calls
[perf] custom_function avg = 11.8751 us over 30550000 calls
[perf] custom_function avg = 11.8736 us over 30600000 calls
[perf] custom_function avg = 11.8722 us over 30650000 calls
[perf] custom_function avg = 11.8707 us over 30700000 calls
[perf] custom_function avg = 11.8693 us over 30750000 calls
[perf] custom_function avg = 11.8678 us over 30800000 calls
[perf] custom_function avg = 11.8663 us over 30850000 calls
[perf] custom_function avg = 11.8648 us over 30900000 calls
[perf] custom_function avg = 11.8634 us over 30950000 calls
[perf] custom_function avg = 11.8619 us over 31000000 calls
[perf] custom_function avg = 11.8604 us over 31050000 calls
[perf] custom_function avg = 11.859 us over 31100000 calls
[perf] custom_function avg = 11.8575 us over 31150000 calls
[perf] custom_function avg = 11.8561 us over 31200000 calls
[perf] custom_function avg = 11.8547 us over 31250000 calls
[perf] custom_function avg = 11.8534 us over 31300000 calls
[perf] custom_function avg = 11.8519 us over 31350000 calls
[perf] custom_function avg = 11.8504 us over 31400000 calls
[perf] custom_function avg = 11.849 us over 31450000 calls
[perf] custom_function avg = 11.8476 us over 31500000 calls
[perf] custom_function avg = 11.8461 us over 31550000 calls
[perf] custom_function avg = 11.8447 us over 31600000 calls
[perf] custom_function avg = 11.8434 us over 31650000 calls
[perf] custom_function avg = 11.8419 us over 31700000 calls
[perf] custom_function avg = 11.8405 us over 31750000 calls
[perf] custom_function avg = 11.8391 us over 31800000 calls
[perf] custom_function avg = 11.8377 us over 31850000 calls
[perf] custom_function avg = 11.8364 us over 31900000 calls
[perf] custom_function avg = 11.8349 us over 31950000 calls
[perf] custom_function avg = 11.8336 us over 32000000 calls
[perf] custom_function avg = 11.8323 us over 32050000 calls
[perf] custom_function avg = 11.8309 us over 32100000 calls
[perf] custom_function avg = 11.8295 us over 32150000 calls
[perf] custom_function avg = 11.8281 us over 32200000 calls
[perf] custom_function avg = 11.8268 us over 32250000 calls
[perf] custom_function avg = 11.8254 us over 32300000 calls
[perf] custom_function avg = 11.824 us over 32350000 calls
[perf] custom_function avg = 11.8226 us over 32400000 calls
[perf] custom_function avg = 11.8212 us over 32450000 calls
[perf] custom_function avg = 11.8198 us over 32500000 calls
[perf] custom_function avg = 11.8185 us over 32550000 calls
[perf] custom_function avg = 11.8171 us over 32600000 calls
[perf] custom_function avg = 11.8157 us over 32650000 calls
[perf] custom_function avg = 11.8143 us over 32700000 calls
[perf] custom_function avg = 11.8129 us over 32750000 calls
[perf] custom_function avg = 11.8115 us over 32800000 calls
[perf] custom_function avg = 11.8101 us over 32850000 calls
[perf] custom_function avg = 11.8088 us over 32900000 calls
[perf] custom_function avg = 11.8074 us over 32950000 calls
[perf] custom_function avg = 11.806 us over 33000000 calls
[perf] custom_function avg = 11.8047 us over 33050000 calls
[perf] custom_function avg = 11.8034 us over 33100000 calls
[perf] custom_function avg = 11.802 us over 33150000 calls
[perf] custom_function avg = 11.8007 us over 33200000 calls
[perf] custom_function avg = 11.7995 us over 33250000 calls
[perf] custom_function avg = 11.7982 us over 33300000 calls
[perf] custom_function avg = 11.7969 us over 33350000 calls
[perf] custom_function avg = 11.7957 us over 33400000 calls
[perf] custom_function avg = 11.7944 us over 33450000 calls
[perf] custom_function avg = 11.7932 us over 33500000 calls
[perf] custom_function avg = 11.7919 us over 33550000 calls
[perf] custom_function avg = 11.7907 us over 33600000 calls
[perf] custom_function avg = 11.7893 us over 33650000 calls
[perf] custom_function avg = 11.788 us over 33700000 calls
[perf] custom_function avg = 11.7867 us over 33750000 calls
[perf] custom_function avg = 11.7854 us over 33800000 calls
[perf] custom_function avg = 11.7841 us over 33850000 calls
[perf] custom_function avg = 11.7828 us over 33900000 calls
[perf] custom_function avg = 11.7815 us over 33950000 calls
[perf] custom_function avg = 11.7802 us over 34000000 calls
[perf] custom_function avg = 11.7789 us over 34050000 calls
[perf] custom_function avg = 11.7776 us over 34100000 calls
[perf] custom_function avg = 11.7763 us over 34150000 calls
[perf] custom_function avg = 11.7751 us over 34200000 calls
[perf] custom_function avg = 11.7738 us over 34250000 calls
[perf] custom_function avg = 11.7726 us over 34300000 calls
[perf] custom_function avg = 11.7713 us over 34350000 calls
[perf] custom_function avg = 11.77 us over 34400000 calls
[perf] custom_function avg = 11.7688 us over 34450000 calls
[perf] custom_function avg = 11.7675 us over 34500000 calls
[perf] custom_function avg = 11.7662 us over 34550000 calls
[perf] custom_function avg = 11.7649 us over 34600000 calls
[perf] custom_function avg = 11.7637 us over 34650000 calls
[perf] custom_function avg = 11.7624 us over 34700000 calls
[perf] custom_function avg = 11.7612 us over 34750000 calls
[perf] custom_function avg = 11.7599 us over 34800000 calls
[perf] custom_function avg = 11.7586 us over 34850000 calls
[perf] custom_function avg = 11.7574 us over 34900000 calls
[perf] custom_function avg = 11.7561 us over 34950000 calls
[perf] custom_function avg = 11.755 us over 35000000 calls
[perf] custom_function avg = 11.7537 us over 35050000 calls
[perf] custom_function avg = 11.7525 us over 35100000 calls
[perf] custom_function avg = 11.7512 us over 35150000 calls
[perf] custom_function avg = 11.7501 us over 35200000 calls
[perf] custom_function avg = 11.7489 us over 35250000 calls
[perf] custom_function avg = 11.7477 us over 35300000 calls
[perf] custom_function avg = 11.7465 us over 35350000 calls
[perf] custom_function avg = 11.7453 us over 35400000 calls
[perf] custom_function avg = 11.7441 us over 35450000 calls
[perf] custom_function avg = 11.7429 us over 35500000 calls
[perf] custom_function avg = 11.7417 us over 35550000 calls
[perf] custom_function avg = 11.7405 us over 35600000 calls
[perf] custom_function avg = 11.7394 us over 35650000 calls
[perf] custom_function avg = 11.7383 us over 35700000 calls
[perf] custom_function avg = 11.7371 us over 35750000 calls
[perf] custom_function avg = 11.736 us over 35800000 calls
[perf] custom_function avg = 11.7348 us over 35850000 calls
[perf] custom_function avg = 11.7336 us over 35900000 calls
[perf] custom_function avg = 11.7324 us over 35950000 calls
[perf] custom_function avg = 11.7313 us over 36000000 calls
[perf] custom_function avg = 11.7301 us over 36050000 calls
[perf] custom_function avg = 11.7289 us over 36100000 calls
[perf] custom_function avg = 11.7278 us over 36150000 calls
[perf] custom_function avg = 11.7267 us over 36200000 calls
[perf] custom_function avg = 11.7255 us over 36250000 calls
[perf] custom_function avg = 11.7243 us over 36300000 calls
[perf] custom_function avg = 11.7232 us over 36350000 calls
[perf] custom_function avg = 11.7221 us over 36400000 calls
[perf] custom_function avg = 11.721 us over 36450000 calls
[perf] custom_function avg = 11.7199 us over 36500000 calls
[perf] custom_function avg = 11.7187 us over 36550000 calls
[perf] custom_function avg = 11.7178 us over 36600000 calls
[perf] custom_function avg = 11.7168 us over 36650000 calls
[perf] custom_function avg = 11.7157 us over 36700000 calls
[perf] custom_function avg = 11.7146 us over 36750000 calls
[perf] custom_function avg = 11.7134 us over 36800000 calls
[perf] custom_function avg = 11.7123 us over 36850000 calls
[perf] custom_function avg = 11.7112 us over 36900000 calls
[perf] custom_function avg = 11.71 us over 36950000 calls
[perf] custom_function avg = 11.7089 us over 37000000 calls
[perf] custom_function avg = 11.7077 us over 37050000 calls
[perf] custom_function avg = 11.7066 us over 37100000 calls
[perf] custom_function avg = 11.7055 us over 37150000 calls
[perf] custom_function avg = 11.7044 us over 37200000 calls
[perf] custom_function avg = 11.7033 us over 37250000 calls
[perf] custom_function avg = 11.7022 us over 37300000 calls
[perf] custom_function avg = 11.7011 us over 37350000 calls
[perf] custom_function avg = 11.7 us over 37400000 calls
[perf] custom_function avg = 11.6989 us over 37450000 calls
[perf] custom_function avg = 11.6978 us over 37500000 calls
[perf] custom_function avg = 11.6967 us over 37550000 calls
[perf] custom_function avg = 11.6957 us over 37600000 calls
[perf] custom_function avg = 11.6946 us over 37650000 calls
[perf] custom_function avg = 11.6935 us over 37700000 calls
[perf] custom_function avg = 11.6925 us over 37750000 calls
[perf] custom_function avg = 11.6914 us over 37800000 calls
[perf] custom_function avg = 11.6904 us over 37850000 calls
[perf] custom_function avg = 11.6893 us over 37900000 calls
[perf] custom_function avg = 11.6883 us over 37950000 calls
[perf] custom_function avg = 11.6872 us over 38000000 calls
[perf] custom_function avg = 11.6861 us over 38050000 calls
[perf] custom_function avg = 11.685 us over 38100000 calls
[perf] custom_function avg = 11.684 us over 38150000 calls
[perf] custom_function avg = 11.683 us over 38200000 calls
[perf] custom_function avg = 11.6819 us over 38250000 calls
[perf] custom_function avg = 11.6808 us over 38300000 calls
[perf] custom_function avg = 11.6798 us over 38350000 calls
[perf] custom_function avg = 11.6788 us over 38400000 calls
[perf] custom_function avg = 11.6778 us over 38450000 calls
[perf] custom_function avg = 11.6767 us over 38500000 calls
[perf] custom_function avg = 11.6757 us over 38550000 calls
[perf] custom_function avg = 11.6747 us over 38600000 calls
[perf] custom_function avg = 11.6737 us over 38650000 calls
[perf] custom_function avg = 11.6727 us over 38700000 calls
[perf] custom_function avg = 11.6716 us over 38750000 calls
[perf] custom_function avg = 11.6706 us over 38800000 calls
[perf] custom_function avg = 11.6697 us over 38850000 calls
[perf] custom_function avg = 11.6687 us over 38900000 calls
[perf] custom_function avg = 11.6677 us over 38950000 calls
[perf] custom_function avg = 11.6667 us over 39000000 calls
[perf] custom_function avg = 11.6657 us over 39050000 calls
[perf] custom_function avg = 11.6647 us over 39100000 calls
[perf] custom_function avg = 11.6637 us over 39150000 calls
[perf] custom_function avg = 11.6627 us over 39200000 calls
[perf] custom_function avg = 11.6617 us over 39250000 calls
[perf] custom_function avg = 11.6607 us over 39300000 calls
[perf] custom_function avg = 11.6598 us over 39350000 calls
[perf] custom_function avg = 11.6587 us over 39400000 calls
[perf] custom_function avg = 11.6578 us over 39450000 calls
[perf] custom_function avg = 11.6568 us over 39500000 calls
[perf] custom_function avg = 11.6558 us over 39550000 calls
[perf] custom_function avg = 11.6549 us over 39600000 calls
[perf] custom_function avg = 11.6539 us over 39650000 calls
[perf] custom_function avg = 11.653 us over 39700000 calls
[perf] custom_function avg = 11.6521 us over 39750000 calls
[perf] custom_function avg = 11.6511 us over 39800000 calls
[perf] custom_function avg = 11.6502 us over 39850000 calls
[perf] custom_function avg = 11.6493 us over 39900000 calls
[perf] custom_function avg = 11.6483 us over 39950000 calls
[perf] custom_function avg = 11.6473 us over 40000000 calls
[perf] custom_function avg = 11.6463 us over 40050000 calls
[perf] custom_function avg = 11.6454 us over 40100000 calls
[perf] custom_function avg = 11.6444 us over 40150000 calls
[perf] custom_function avg = 11.6435 us over 40200000 calls
[perf] custom_function avg = 11.6426 us over 40250000 calls
[perf] custom_function avg = 11.6416 us over 40300000 calls
[perf] custom_function avg = 11.6407 us over 40350000 calls
[perf] custom_function avg = 11.6398 us over 40400000 calls
[perf] custom_function avg = 11.6389 us over 40450000 calls
[perf] custom_function avg = 11.638 us over 40500000 calls
[perf] custom_function avg = 11.6371 us over 40550000 calls
[perf] custom_function avg = 11.6363 us over 40600000 calls
[perf] custom_function avg = 11.6354 us over 40650000 calls
[perf] custom_function avg = 11.6345 us over 40700000 calls
[perf] custom_function avg = 11.6336 us over 40750000 calls
[perf] custom_function avg = 11.6327 us over 40800000 calls
[perf] custom_function avg = 11.6318 us over 40850000 calls
[perf] custom_function avg = 11.6309 us over 40900000 calls
[perf] custom_function avg = 11.63 us over 40950000 calls
[perf] custom_function avg = 11.6291 us over 41000000 calls
[perf] custom_function avg = 11.6283 us over 41050000 calls
[perf] custom_function avg = 11.6274 us over 41100000 calls
[perf] custom_function avg = 11.6265 us over 41150000 calls
[perf] custom_function avg = 11.6256 us over 41200000 calls
[perf] custom_function avg = 11.6247 us over 41250000 calls
[perf] custom_function avg = 11.6238 us over 41300000 calls
[perf] custom_function avg = 11.6229 us over 41350000 calls
[perf] custom_function avg = 11.622 us over 41400000 calls
[perf] custom_function avg = 11.6211 us over 41450000 calls
[perf] custom_function avg = 11.6202 us over 41500000 calls
[perf] custom_function avg = 11.6193 us over 41550000 calls
[perf] custom_function avg = 11.6184 us over 41600000 calls
[perf] custom_function avg = 11.6175 us over 41650000 calls
[perf] custom_function avg = 11.6166 us over 41700000 calls
[perf] custom_function avg = 11.6158 us over 41750000 calls
[perf] custom_function avg = 11.615 us over 41800000 calls
[perf] custom_function avg = 11.6142 us over 41850000 calls
[perf] custom_function avg = 11.6134 us over 41900000 calls
[perf] custom_function avg = 11.6126 us over 41950000 calls
[perf] custom_function avg = 11.6117 us over 42000000 calls
[perf] custom_function avg = 11.6108 us over 42050000 calls
[perf] custom_function avg = 11.61 us over 42100000 calls
[perf] custom_function avg = 11.6092 us over 42150000 calls
[perf] custom_function avg = 11.6083 us over 42200000 calls
[perf] custom_function avg = 11.6075 us over 42250000 calls
[perf] custom_function avg = 11.6066 us over 42300000 calls
[perf] custom_function avg = 11.6058 us over 42350000 calls
[perf] custom_function avg = 11.605 us over 42400000 calls
[perf] custom_function avg = 11.6041 us over 42450000 calls
[perf] custom_function avg = 11.6033 us over 42500000 calls
[perf] custom_function avg = 11.6025 us over 42550000 calls
[perf] custom_function avg = 11.6017 us over 42600000 calls
[perf] custom_function avg = 11.6009 us over 42650000 calls
[perf] custom_function avg = 11.6001 us over 42700000 calls
[perf] custom_function avg = 11.5993 us over 42750000 calls
[perf] custom_function avg = 11.5984 us over 42800000 calls
[perf] custom_function avg = 11.5976 us over 42850000 calls
[perf] custom_function avg = 11.5968 us over 42900000 calls
[perf] custom_function avg = 11.596 us over 42950000 calls
[perf] custom_function avg = 11.5952 us over 43000000 calls
[perf] custom_function avg = 11.5944 us over 43050000 calls
[perf] custom_function avg = 11.5936 us over 43100000 calls
[perf] custom_function avg = 11.5929 us over 43150000 calls
[perf] custom_function avg = 11.592 us over 43200000 calls
[perf] custom_function avg = 11.5913 us over 43250000 calls
[perf] custom_function avg = 11.5905 us over 43300000 calls
[perf] custom_function avg = 11.5898 us over 43350000 calls
[perf] custom_function avg = 11.589 us over 43400000 calls
[perf] custom_function avg = 11.5881 us over 43450000 calls
[perf] custom_function avg = 11.5873 us over 43500000 calls
[perf] custom_function avg = 11.5865 us over 43550000 calls
[perf] custom_function avg = 11.5857 us over 43600000 calls
[perf] custom_function avg = 11.5849 us over 43650000 calls
[perf] custom_function avg = 11.5842 us over 43700000 calls
[perf] custom_function avg = 11.5834 us over 43750000 calls
[perf] custom_function avg = 11.5826 us over 43800000 calls
[perf] custom_function avg = 11.5818 us over 43850000 calls
[perf] custom_function avg = 11.5811 us over 43900000 calls
[perf] custom_function avg = 11.5803 us over 43950000 calls
[perf] custom_function avg = 11.5795 us over 44000000 calls
[perf] custom_function avg = 11.5787 us over 44050000 calls
[perf] custom_function avg = 11.578 us over 44100000 calls
[perf] custom_function avg = 11.5772 us over 44150000 calls
[perf] custom_function avg = 11.5764 us over 44200000 calls
[perf] custom_function avg = 11.5756 us over 44250000 calls
[perf] custom_function avg = 11.5749 us over 44300000 calls
[perf] custom_function avg = 11.5741 us over 44350000 calls
[perf] custom_function avg = 11.5734 us over 44400000 calls
[perf] custom_function avg = 11.5727 us over 44450000 calls
[perf] custom_function avg = 11.5719 us over 44500000 calls
[perf] custom_function avg = 11.5712 us over 44550000 calls
[perf] custom_function avg = 11.5705 us over 44600000 calls
[perf] custom_function avg = 11.5698 us over 44650000 calls
[perf] custom_function avg = 11.569 us over 44700000 calls
[perf] custom_function avg = 11.5683 us over 44750000 calls
[perf] custom_function avg = 11.5676 us over 44800000 calls
[perf] custom_function avg = 11.5668 us over 44850000 calls
[perf] custom_function avg = 11.5661 us over 44900000 calls
[perf] custom_function avg = 11.5654 us over 44950000 calls
[perf] custom_function avg = 11.5646 us over 45000000 calls
[perf] custom_function avg = 11.5639 us over 45050000 calls
[perf] custom_function avg = 11.5632 us over 45100000 calls
[perf] custom_function avg = 11.5624 us over 45150000 calls
[perf] custom_function avg = 11.5617 us over 45200000 calls
[perf] custom_function avg = 11.561 us over 45250000 calls
[perf] custom_function avg = 11.5602 us over 45300000 calls
[perf] custom_function avg = 11.5595 us over 45350000 calls
[perf] custom_function avg = 11.5587 us over 45400000 calls
[perf] custom_function avg = 11.558 us over 45450000 calls
[perf] custom_function avg = 11.5573 us over 45500000 calls
[perf] custom_function avg = 11.5566 us over 45550000 calls
[perf] custom_function avg = 11.5559 us over 45600000 calls
[perf] custom_function avg = 11.5552 us over 45650000 calls
[perf] custom_function avg = 11.5545 us over 45700000 calls
[perf] custom_function avg = 11.5538 us over 45750000 calls
[perf] custom_function avg = 11.553 us over 45800000 calls
[perf] custom_function avg = 11.5523 us over 45850000 calls
[perf] custom_function avg = 11.5515 us over 45900000 calls
[perf] custom_function avg = 11.5508 us over 45950000 calls
[perf] custom_function avg = 11.5501 us over 46000000 calls
[perf] custom_function avg = 11.5494 us over 46050000 calls
[perf] custom_function avg = 11.5486 us over 46100000 calls
[perf] custom_function avg = 11.5479 us over 46150000 calls
[perf] custom_function avg = 11.5472 us over 46200000 calls
[perf] custom_function avg = 11.5465 us over 46250000 calls
[perf] custom_function avg = 11.5458 us over 46300000 calls
[perf] custom_function avg = 11.545 us over 46350000 calls
[perf] custom_function avg = 11.5443 us over 46400000 calls
[perf] custom_function avg = 11.5436 us over 46450000 calls
[perf] custom_function avg = 11.5428 us over 46500000 calls
[perf] custom_function avg = 11.5421 us over 46550000 calls
[perf] custom_function avg = 11.5414 us over 46600000 calls
[perf] custom_function avg = 11.5407 us over 46650000 calls
[perf] custom_function avg = 11.54 us over 46700000 calls
[perf] custom_function avg = 11.5393 us over 46750000 calls
[perf] custom_function avg = 11.5386 us over 46800000 calls
[perf] custom_function avg = 11.5379 us over 46850000 calls
[perf] custom_function avg = 11.5372 us over 46900000 calls
[perf] custom_function avg = 11.5365 us over 46950000 calls
[perf] custom_function avg = 11.5358 us over 47000000 calls
[perf] custom_function avg = 11.5351 us over 47050000 calls
[perf] custom_function avg = 11.5344 us over 47100000 calls
[perf] custom_function avg = 11.5337 us over 47150000 calls
[perf] custom_function avg = 11.533 us over 47200000 calls
[perf] custom_function avg = 11.5323 us over 47250000 calls
[perf] custom_function avg = 11.5316 us over 47300000 calls
[perf] custom_function avg = 11.5309 us over 47350000 calls
[perf] custom_function avg = 11.5302 us over 47400000 calls
[perf] custom_function avg = 11.5296 us over 47450000 calls
[perf] custom_function avg = 11.5289 us over 47500000 calls
[perf] custom_function avg = 11.5282 us over 47550000 calls
[perf] custom_function avg = 11.5276 us over 47600000 calls
[perf] custom_function avg = 11.5269 us over 47650000 calls
[perf] custom_function avg = 11.5263 us over 47700000 calls
