[stage2] build start: Wed Mar 25 05:00:26 UTC 2026
make BUILD=release build-mode
make[1]: Entering directory '/home/a0hirs04/PROJECT-NORTHSTAR'
cp build/bin/release/stroma_world stroma_world
make[1]: Leaving directory '/home/a0hirs04/PROJECT-NORTHSTAR'
[stage2] build done:  Wed Mar 25 05:00:26 UTC 2026
[stage2] config written → /home/a0hirs04/PROJECT-NORTHSTAR/build/rc2_full_seed42/replicate_01_seed42/config.xml
[stage2] simulation start: Wed Mar 25 05:00:27 UTC 2026
Using config file /home/a0hirs04/PROJECT-NORTHSTAR/build/rc2_full_seed42/replicate_01_seed42/config.xml ... 
Setting up RNG with seed 42
1
dc? 1
User parameters in XML config file: 
Bool parameters:: 

Int parameters:: 
number_of_tumor_cells: 50 [none]
number_of_stromal_cells: 500 [none]
emt_phenotype_extent: 3 [dimensionless]
host_death_ceiling: 50000 [cells]

Double parameters:: 
tumor_cluster_radius: 100 [micron]
stroma_inner_radius: 100 [micron]
stroma_outer_radius: 300 [micron]
mechanics_voxel_size: 30 [micron]
tgfb_activation_threshold: 0.1 [dimensionless]
shh_activation_threshold: 1e-05 [dimensionless]
oxygen_necrosis_threshold: 5 [mmHg]
oxygen_hypoxia_threshold: 15 [mmHg]
drug_start_time: 20160 [min]
drug_end_time: 40320 [min]
drug_concentration: 0.1 [dimensionless]
shh_inhibition_start_time: 1e+18 [min]
shh_inhibition_strength: 0 [dimensionless]
tgfb_secretion_rate: 0.8 [dimensionless]
shh_secretion_rate: 0.7 [dimensionless]
hif1a_tgfb_amplification_factor: 1.5 [dimensionless]
caf_tgfb_secretion_rate: 0.3 [dimensionless]
tgfb_brake_sensitivity: 0.05 [dimensionless]
proliferation_rate: 0.75 [dimensionless]
checkpoint_integrity: 0.05 [dimensionless]
apoptosis_resistance: 0.85 [dimensionless]
base_proliferation_rate: 0.00048 [1/min]
go_grow_penalty: 0.95 [dimensionless]
hypoxia_proliferation_modifier: 0.2 [dimensionless]
hypoxia_death_resistance_bonus: 0.1 [dimensionless]
contact_inhibition_threshold: 25 [dimensionless]
stromal_contact_inhibition_threshold: 0.8 [dimensionless]
drug_kill_coefficient: 0.05 [1/min]
efflux_drug_reduction: 0.7 [dimensionless]
caf_proliferation_rate: 0.0001 [1/min]
caf_base_death_rate: 0 [1/min]
caf_crowded_death_rate: 0 [1/min]
gli1_proliferation_boost: 1.3 [dimensionless]
psc_proliferation_rate: 0 [1/min]
ecm_production_rate_base: 0.01 [1/min]
ecm_production_rate_boosted: 0.015 [1/min]
ecm_ha_fraction_default: 0.6 [dimensionless]
mmp2_degradation_rate: 0.005 [1/min]
ecm_natural_decay_rate: 0.0001 [1/min]
drug_uptake_rate: 0.1 [1/hour]
drug_stress_threshold: 0.03 [dimensionless]
nrf2_decay_rate: 0.01 [1/hour]
nrf2_persistence_threshold: 0.003 [dimensionless]
drug_natural_decay_rate: 0 [1/hour]
hif1a_nrf2_priming_bonus: 0.02 [dimensionless]
emt_induction_threshold: 0.3 [dimensionless]
hif1a_emt_boost: 0.02 [dimensionless]
motility_epithelial: 0.1 [micron/min]
motility_mesenchymal_low: 0.5 [micron/min]
motility_mesenchymal_med: 1 [micron/min]
motility_mesenchymal_high: 2 [micron/min]
adhesion_epithelial: 5 [dimensionless]
adhesion_mesenchymal_low: 3 [dimensionless]
adhesion_mesenchymal_med: 1.5 [dimensionless]
adhesion_mesenchymal_high: 0.5 [dimensionless]
hypoxia_response_threshold: 0.35 [dimensionless]
efflux_induction_delay: 0.5 [dimensionless]
efflux_strength: 0.7 [dimensionless]
abcb1_production_rate: 0.0005 [1/min]
abcb1_decay_tau: 1620 [min]
abcb1_max_daily_drop_fraction: 0.25 [dimensionless]
abcb1_inheritance_floor: 0.6 [dimensionless]
mechanical_compaction_strength: 0.6 [dimensionless]
compaction_ecm_increment: 0.01 [dimensionless]
crowding_base_pressure: 0.3 [dimensionless]
stromal_contact_emt_boost: 0 [dimensionless]
ecm_emt_threshold: 0.3 [dimensionless]
ecm_emt_ramp: 0.3 [dimensionless]
ecm_emt_strength: 0.4 [dimensionless]
ecm_emt_cap: 0.3 [dimensionless]
ecm_reversion_weight: 0.3 [dimensionless]
emt_death_increase: 5e-05 [1/min]
emt_off_threshold: 0.1 [dimensionless]
emt_activation_delay: 360 [min]
emt_persistence_time: 7200 [min]
ecm_emt_require_caf_contact: 1 [dimensionless]
ecm_motility_block_threshold: 0.8 [dimensionless]
drug_kill_multiplier: 1 [dimensionless]

String parameters:: 
calibration_profile: AsPC-1 [none]
tumor_calibration_knobs_json: config/tumor_calibration_knobs.json [none]
emt_phenotype_extent: HIGH [none]
hypoxia_phenotype_shift: HIGH [none]


which boundaries?
1 1 1 1 1 1

Microenvironment summary: microenvironment: 

Mesh information: 
type: uniform Cartesian
Domain: [-1000,1000] micron x [-1000,1000] micron x [-10,10] micron
   resolution: dx = 20 micron
   voxels: 10000
   voxel faces: 0
   volume: 8e+07 cubic micron
Densities: (5 total)
   oxygen:
     units: mmHg
     diffusion coefficient: 100000 micron^2 / min
     decay rate: 0.1 min^-1
     diffusion length scale: 1000 micron
     initial condition: 38 mmHg
     boundary condition: 38 mmHg (enabled: false)
   tgfb:
     units: dimensionless
     diffusion coefficient: 1000 micron^2 / min
     decay rate: 0.01 min^-1
     diffusion length scale: 316.228 micron
     initial condition: 0 dimensionless
     boundary condition: 0 dimensionless (enabled: false)
   shh:
     units: dimensionless
     diffusion coefficient: 1000 micron^2 / min
     decay rate: 0.01 min^-1
     diffusion length scale: 316.228 micron
     initial condition: 0 dimensionless
     boundary condition: 0 dimensionless (enabled: false)
   drug:
     units: dimensionless
     diffusion coefficient: 5000 micron^2 / min
     decay rate: 0.002 min^-1
     diffusion length scale: 1581.14 micron
     initial condition: 0 dimensionless
     boundary condition: 0 dimensionless (enabled: false)
   ecm_density:
     units: dimensionless
     diffusion coefficient: 0 micron^2 / min
     decay rate: 0.0001 min^-1
     diffusion length scale: 0 micron
     initial condition: 0 dimensionless
     boundary condition: 0 dimensionless (enabled: false)

virtual_wall_at_domain_edge: enabled
Pre-processing type 0 named tumor_cell
Pre-processing type 1 named stromal_cell
Processing tumor_cell ... 
Note: setting cell definition to 2D based on microenvironment domain settings ... 
  --------- attachment_elastic_constant = 0.01
Processing stromal_cell ... 
Note: setting cell definition to 2D based on microenvironment domain settings ... 
copying data ... 
tumor_cell to stromal_cell
  --------- attachment_elastic_constant = 0.01
Signals: 
=======
0 : oxygen
1 : tgfb
2 : shh
3 : drug
4 : ecm_density
5 : intracellular oxygen
6 : intracellular tgfb
7 : intracellular shh
8 : intracellular drug
9 : intracellular ecm_density
10 : oxygen gradient
11 : tgfb gradient
12 : shh gradient
13 : drug gradient
14 : ecm_density gradient
15 : pressure
16 : volume
17 : contact with tumor_cell
18 : contact with stromal_cell
19 : contact with live cell
20 : contact with dead cell
21 : contact with apoptotic cell
22 : contact with necrotic cell
23 : contact with other dead cell
24 : contact with basement membrane
25 : damage
26 : damage delivered
27 : attacking
28 : dead
29 : total attack time
30 : time
31 : custom:KRAS
32 : custom:MYC
33 : custom:EGFR
34 : custom:TP53
35 : custom:CDKN2A
36 : custom:SMAD4
37 : custom:RB1
38 : custom:BCL_XL
39 : custom:BAX
40 : custom:ZEB1
41 : custom:CDH1
42 : custom:MMP2
43 : custom:TGFB1_expr
44 : custom:SHH_expr
45 : custom:HIF1A
46 : custom:NRF2
47 : custom:ABCB1
48 : custom:is_mesenchymal
49 : custom:stress_level
50 : custom:drug_sensitivity
51 : custom:apoptosis_threshold
52 : custom:cell_id
53 : custom:parent_id
54 : custom:gene_state_KRAS
55 : custom:gene_state_TP53
56 : custom:gene_state_CDKN2A
57 : custom:gene_state_SMAD4
58 : custom:gene_state_BCL_XL
59 : custom:gene_state_MYC
60 : custom:gene_state_EGFR
61 : custom:gene_state_RB1
62 : custom:gene_state_BAX
63 : custom:gene_state_ZEB1
64 : custom:gene_state_CDH1
65 : custom:gene_state_MMP2
66 : custom:gene_state_TGFB1
67 : custom:gene_state_SHH
68 : custom:gene_state_HIF1A
69 : custom:gene_state_NRF2
70 : custom:gene_state_ABCB1
71 : custom:gene_state_HAS2
72 : custom:gene_state_COL1A1
73 : custom:gene_state_GLI1
74 : custom:gene_state_ACTA2
75 : custom:hif1a_active
76 : custom:zeb1_active
77 : custom:cdh1_expressed
78 : custom:nrf2_active
79 : custom:abcb1_active
80 : custom:mmp2_active
81 : custom:intracellular_drug
82 : custom:time_since_drug_exposure
83 : custom:time_alive
84 : custom:emt_extent
85 : custom:mechanical_pressure
86 : custom:emt_signal_time
87 : custom:emt_activation_time
88 : apoptotic
89 : necrotic


Behaviors: 
=========
0 : oxygen secretion
1 : tgfb secretion
2 : shh secretion
3 : drug secretion
4 : ecm_density secretion
5 : oxygen secretion target
6 : tgfb secretion target
7 : shh secretion target
8 : drug secretion target
9 : ecm_density secretion target
10 : oxygen uptake
11 : tgfb uptake
12 : shh uptake
13 : drug uptake
14 : ecm_density uptake
15 : oxygen export
16 : tgfb export
17 : shh export
18 : drug export
19 : ecm_density export
20 : cycle entry
21 : exit from cycle phase 1
22 : exit from cycle phase 2
23 : exit from cycle phase 3
24 : exit from cycle phase 4
25 : exit from cycle phase 5
26 : apoptosis
27 : necrosis
28 : migration speed
29 : migration bias
30 : migration persistence time
31 : chemotactic response to oxygen
32 : chemotactic response to tgfb
33 : chemotactic response to shh
34 : chemotactic response to drug
35 : chemotactic response to ecm_density
36 : cell-cell adhesion
37 : cell-cell adhesion elastic constant
38 : adhesive affinity to tumor_cell
39 : adhesive affinity to stromal_cell
40 : relative maximum adhesion distance
41 : cell-cell repulsion
42 : cell-BM adhesion
43 : cell-BM repulsion
44 : phagocytose apoptotic cell
45 : phagocytose necrotic cell
46 : phagocytose other dead cell
47 : phagocytose tumor_cell
48 : phagocytose stromal_cell
49 : attack tumor_cell
50 : attack stromal_cell
51 : fuse to tumor_cell
52 : fuse to stromal_cell
53 : transition to tumor_cell
54 : transition to stromal_cell
55 : asymmetric division to tumor_cell
56 : asymmetric division to stromal_cell
57 : custom:KRAS
58 : custom:MYC
59 : custom:EGFR
60 : custom:TP53
61 : custom:CDKN2A
62 : custom:SMAD4
63 : custom:RB1
64 : custom:BCL_XL
65 : custom:BAX
66 : custom:ZEB1
67 : custom:CDH1
68 : custom:MMP2
69 : custom:TGFB1_expr
70 : custom:SHH_expr
71 : custom:HIF1A
72 : custom:NRF2
73 : custom:ABCB1
74 : custom:is_mesenchymal
75 : custom:stress_level
76 : custom:drug_sensitivity
77 : custom:apoptosis_threshold
78 : custom:cell_id
79 : custom:parent_id
80 : custom:gene_state_KRAS
81 : custom:gene_state_TP53
82 : custom:gene_state_CDKN2A
83 : custom:gene_state_SMAD4
84 : custom:gene_state_BCL_XL
85 : custom:gene_state_MYC
86 : custom:gene_state_EGFR
87 : custom:gene_state_RB1
88 : custom:gene_state_BAX
89 : custom:gene_state_ZEB1
90 : custom:gene_state_CDH1
91 : custom:gene_state_MMP2
92 : custom:gene_state_TGFB1
93 : custom:gene_state_SHH
94 : custom:gene_state_HIF1A
95 : custom:gene_state_NRF2
96 : custom:gene_state_ABCB1
97 : custom:gene_state_HAS2
98 : custom:gene_state_COL1A1
99 : custom:gene_state_GLI1
100 : custom:gene_state_ACTA2
101 : custom:hif1a_active
102 : custom:zeb1_active
103 : custom:cdh1_expressed
104 : custom:nrf2_active
105 : custom:abcb1_active
106 : custom:mmp2_active
107 : custom:intracellular_drug
108 : custom:time_since_drug_exposure
109 : custom:time_alive
110 : custom:emt_extent
111 : custom:mechanical_pressure
112 : custom:emt_signal_time
113 : custom:emt_activation_time
114 : is_movable
115 : immunogenicity to tumor_cell
116 : immunogenicity to stromal_cell
117 : cell attachment rate
118 : cell detachment rate
119 : maximum number of cell attachments
120 : attack damage rate
121 : attack duration
122 : damage rate
123 : damage repair rate


ruleset
	Ruleset disabled ... 
Behavioral rules for cell type tumor_cell:
===================================================

Behavioral rules for cell type stromal_cell:
===================================================

Exporting rules to file /home/a0hirs04/PROJECT-NORTHSTAR/build/rc2_full_seed42/replicate_01_seed42/output/cell_rules_parsed.csv (v3 format) ... 
Done!

0 :: type:0 name: tumor_cell
	 cycle model: Live (code=5)
		Phase 0: Live
		Cycle transitions: 
		-----------------
		Live --> Live w mean duration 100 min
	 death models: 
		0 : Apoptosis (code=100) with rate 0.00015 1/min
		death phase transitions: 
		------------------------
		Apoptotic --> Debris w mean duration 516 min
		1 : Necrosis (code=101) with rate 0 1/min
		death phase transitions: 
		------------------------
		Necrotic (swelling) --> Necrotic (lysed) w mean duration 1e-16 min
		Necrotic (lysed) --> Debris w mean duration 86400 min
	 key functions: 
		 migration bias rule: false
		 custom rule: false
		 phenotype rule: true
		 volume update function: true
		 mechanics function: true
		 contact function: false
		 cell division function: true
	motility (enabled: true in 2D)
		speed: 0.1 micron/min
		bias: 0 
		persistence time: 10 min
		chemotaxis (enabled: false)
			along 1 * grad(oxygen) 
	mechanics:
		cell_cell_adhesion_strength: 5
		cell_cell_repulsion_strength: 10
		rel max adhesion dist: 1.25
		cell_BM_adhesion_strength: 4
		cell_BM_repulsion_strength: 100
		attachment_elastic_constant: 0.01
		attachment_rate: 0
		detachment_rate: 0
	custom data: 
		KRAS: 1 dimensionless
		MYC: 0 dimensionless
		EGFR: 1 dimensionless
		TP53: 0 dimensionless
		CDKN2A: 0 dimensionless
		SMAD4: 0 dimensionless
		RB1: 0 dimensionless
		BCL_XL: 0 dimensionless
		BAX: 0 dimensionless
		ZEB1: 0 dimensionless
		CDH1: 0 dimensionless
		MMP2: 0 dimensionless
		TGFB1_expr: 0 dimensionless
		SHH_expr: 0 dimensionless
		HIF1A: 0 dimensionless
		NRF2: 0 dimensionless
		ABCB1: 0 dimensionless
		is_mesenchymal: 0 dimensionless
		stress_level: 0 dimensionless
		drug_sensitivity: 1 dimensionless
		apoptosis_threshold: 0.5 dimensionless
		cell_id: -1 none
		parent_id: -1 none
		gene_state_KRAS: 1 none
		gene_state_TP53: 2 none
		gene_state_CDKN2A: 2 none
		gene_state_SMAD4: 2 none
		gene_state_BCL_XL: 1 none
		gene_state_MYC: 0 none
		gene_state_EGFR: 0 none
		gene_state_RB1: 0 none
		gene_state_BAX: 0 none
		gene_state_ZEB1: 0 none
		gene_state_CDH1: 0 none
		gene_state_MMP2: 0 none
		gene_state_TGFB1: 0 none
		gene_state_SHH: 0 none
		gene_state_HIF1A: 0 none
		gene_state_NRF2: 0 none
		gene_state_ABCB1: 0 none
		gene_state_HAS2: 0 none
		gene_state_COL1A1: 0 none
		gene_state_GLI1: 0 none
		gene_state_ACTA2: 0 none
		hif1a_active: 0 dimensionless
		zeb1_active: 0 dimensionless
		cdh1_expressed: 1 dimensionless
		nrf2_active: 0 dimensionless
		abcb1_active: 0 dimensionless
		mmp2_active: 0 dimensionless
		intracellular_drug: 0 dimensionless
		time_since_drug_exposure: -1 hour
		time_alive: 0 min
		emt_extent: 0 dimensionless
		mechanical_pressure: 0 dimensionless
		emt_signal_time: 0 min
		emt_activation_time: 0 min
		final_prolif_rate: 0 1/min
		time_since_drug_withdrawal: -1 hour
		in_resistance_memory: 0 dimensionless
		nrf2_withdrawal_anchor: 0 dimensionless
		abcb1_withdrawal_anchor: 0 dimensionless
	custom vector data: 
			NOTE: custom vector data will eventually be merged with custom data
1 :: type:1 name: stromal_cell
	 cycle model: Live (code=5)
		Phase 0: Live
		Cycle transitions: 
		-----------------
		Live --> Live w mean duration inf min
	 death models: 
		0 : Apoptosis (code=100) with rate 0 1/min
		death phase transitions: 
		------------------------
		Apoptotic --> Debris w mean duration 516 min
		1 : Necrosis (code=101) with rate 0 1/min
		death phase transitions: 
		------------------------
		Necrotic (swelling) --> Necrotic (lysed) w mean duration 1e-16 min
		Necrotic (lysed) --> Debris w mean duration 86400 min
	 key functions: 
		 migration bias rule: false
		 custom rule: false
		 phenotype rule: true
		 volume update function: true
		 mechanics function: true
		 contact function: false
		 cell division function: true
	motility (enabled: true in 2D)
		speed: 0.05 micron/min
		bias: 0 
		persistence time: 10 min
		chemotaxis (enabled: false)
			along 1 * grad(oxygen) 
	mechanics:
		cell_cell_adhesion_strength: 0.8
		cell_cell_repulsion_strength: 10
		rel max adhesion dist: 1.25
		cell_BM_adhesion_strength: 4
		cell_BM_repulsion_strength: 100
		attachment_elastic_constant: 0.01
		attachment_rate: 0
		detachment_rate: 0
	custom data: 
		cell_id: -1 none
		parent_id: -1 none
		gene_state_SMAD4: 0 none
		gene_state_ACTA2: 0 none
		gene_state_GLI1: 0 none
		gene_state_HAS2: 0 none
		gene_state_COL1A1: 0 none
		gene_state_TGFB1: 0 none
		gene_state_SHH: 0 none
		acta2_active: 0 dimensionless
		gli1_active: 0 dimensionless
		activation_mode: 0 dimensionless
		hif1a_active: 0 dimensionless
		ecm_production_rate: 0 dimensionless
		tgfb_secretion_active: 0 dimensionless
		time_alive: 0 min
		mechanical_pressure: 0 dimensionless
		_stromal_reserved_0: 0 none
		_stromal_reserved_1: 0 none
		_stromal_reserved_2: 0 none
		_stromal_reserved_3: 0 none
		_stromal_reserved_4: 0 none
		_stromal_reserved_5: 0 none
		_stromal_reserved_6: 0 none
		_stromal_reserved_7: 0 none
		_stromal_reserved_8: 0 none
		_stromal_reserved_9: 0 none
		_stromal_reserved_10: 0 none
		_stromal_reserved_11: 0 none
		_stromal_reserved_12: 0 none
		_stromal_reserved_13: 0 none
		_stromal_reserved_14: 0 none
		_stromal_reserved_15: 0 none
		_stromal_reserved_16: 0 none
		_stromal_reserved_17: 0 none
		_stromal_reserved_18: 0 none
		_stromal_reserved_19: 0 none
		_stromal_reserved_20: 0 none
		_stromal_reserved_21: 0 none
		_stromal_reserved_22: 0 none
		_stromal_reserved_23: 0 none
		_stromal_reserved_24: 0 none
		_stromal_reserved_25: 0 none
		_stromal_reserved_26: 0 none
		_stromal_reserved_27: 0 none
		_stromal_reserved_28: 0 none
		_stromal_reserved_29: 0 none
		_stromal_reserved_30: 0 none
		_stromal_reserved_31: 0 none
		_stromal_reserved_32: 0 none
		_stromal_reserved_33: 0 none
		_stromal_reserved_34: 0 none
		_stromal_reserved_35: 0 none
		_stromal_reserved_36: 0 none
		_stromal_reserved_37: 0 none
		_stromal_reserved_38: 0 none
		_stromal_reserved_39: 0 none
		_stromal_reserved_40: 0 none
		_stromal_reserved_41: 0 none
		_stromal_reserved_42: 0 none
		_stromal_reserved_43: 0 none
		_stromal_reserved_44: 0 none
	custom vector data: 
			NOTE: custom vector data will eventually be merged with custom data
Using PhysiCell version 1.14.2
	Please cite DOI: 10.1371/journal.pcbi.1005991
	Project website: http://physicell.org

See ALL_CITATIONS.txt for this list.
current simulated time: 0 min (max: 60480 min)
total agents: 550
interval wall time: 0 days, 0 hours, 0 minutes, and 2.418e-05 seconds 
total wall time: 0 days, 0 hours, 0 minutes, and 3.309e-05 seconds 


Using method diffusion_decay_solver__constant_coefficients_LOD_2D (2D LOD with Thomas Algorithm) ... 

current simulated time: 360 min (max: 60480 min)
total agents: 567
interval wall time: 0 days, 0 hours, 0 minutes, and 17.6175 seconds 
total wall time: 0 days, 0 hours, 0 minutes, and 17.6176 seconds 

current simulated time: 720 min (max: 60480 min)
total agents: 585
interval wall time: 0 days, 0 hours, 0 minutes, and 17.0886 seconds 
total wall time: 0 days, 0 hours, 0 minutes, and 34.7061 seconds 

current simulated time: 1080 min (max: 60480 min)
total agents: 594
interval wall time: 0 days, 0 hours, 0 minutes, and 17.5218 seconds 
total wall time: 0 days, 0 hours, 0 minutes, and 52.2279 seconds 

current simulated time: 1440 min (max: 60480 min)
total agents: 621
interval wall time: 0 days, 0 hours, 0 minutes, and 17.573 seconds 
total wall time: 0 days, 0 hours, 1 minutes, and 9.80094 seconds 

current simulated time: 1800 min (max: 60480 min)
total agents: 640
interval wall time: 0 days, 0 hours, 0 minutes, and 18.8078 seconds 
total wall time: 0 days, 0 hours, 1 minutes, and 28.6087 seconds 

current simulated time: 2160 min (max: 60480 min)
total agents: 658
interval wall time: 0 days, 0 hours, 0 minutes, and 18.7315 seconds 
total wall time: 0 days, 0 hours, 1 minutes, and 47.3402 seconds 

current simulated time: 2520 min (max: 60480 min)
total agents: 674
interval wall time: 0 days, 0 hours, 0 minutes, and 18.7164 seconds 
total wall time: 0 days, 0 hours, 2 minutes, and 6.05657 seconds 

current simulated time: 2880 min (max: 60480 min)
total agents: 693
interval wall time: 0 days, 0 hours, 0 minutes, and 18.6181 seconds 
total wall time: 0 days, 0 hours, 2 minutes, and 24.6747 seconds 

current simulated time: 3240 min (max: 60480 min)
total agents: 710
interval wall time: 0 days, 0 hours, 0 minutes, and 18.3405 seconds 
total wall time: 0 days, 0 hours, 2 minutes, and 43.0152 seconds 

current simulated time: 3600 min (max: 60480 min)
total agents: 730
interval wall time: 0 days, 0 hours, 0 minutes, and 18.3567 seconds 
total wall time: 0 days, 0 hours, 3 minutes, and 1.37189 seconds 

current simulated time: 3960 min (max: 60480 min)
total agents: 734
interval wall time: 0 days, 0 hours, 0 minutes, and 18.368 seconds 
total wall time: 0 days, 0 hours, 3 minutes, and 19.7399 seconds 

current simulated time: 4320 min (max: 60480 min)
total agents: 759
interval wall time: 0 days, 0 hours, 0 minutes, and 18.4553 seconds 
total wall time: 0 days, 0 hours, 3 minutes, and 38.1953 seconds 

current simulated time: 4680 min (max: 60480 min)
total agents: 782
interval wall time: 0 days, 0 hours, 0 minutes, and 18.5075 seconds 
total wall time: 0 days, 0 hours, 3 minutes, and 56.7028 seconds 

current simulated time: 5040 min (max: 60480 min)
total agents: 814
interval wall time: 0 days, 0 hours, 0 minutes, and 18.5428 seconds 
total wall time: 0 days, 0 hours, 4 minutes, and 15.2455 seconds 

current simulated time: 5400 min (max: 60480 min)
total agents: 841
interval wall time: 0 days, 0 hours, 0 minutes, and 18.6063 seconds 
total wall time: 0 days, 0 hours, 4 minutes, and 33.8518 seconds 

current simulated time: 5760 min (max: 60480 min)
total agents: 868
interval wall time: 0 days, 0 hours, 0 minutes, and 18.7201 seconds 
total wall time: 0 days, 0 hours, 4 minutes, and 52.5719 seconds 

current simulated time: 6120 min (max: 60480 min)
total agents: 880
interval wall time: 0 days, 0 hours, 0 minutes, and 18.8029 seconds 
total wall time: 0 days, 0 hours, 5 minutes, and 11.3748 seconds 

current simulated time: 6480 min (max: 60480 min)
total agents: 886
interval wall time: 0 days, 0 hours, 0 minutes, and 18.8437 seconds 
total wall time: 0 days, 0 hours, 5 minutes, and 30.2185 seconds 

current simulated time: 6840 min (max: 60480 min)
total agents: 904
interval wall time: 0 days, 0 hours, 0 minutes, and 18.8472 seconds 
total wall time: 0 days, 0 hours, 5 minutes, and 49.0658 seconds 

current simulated time: 7200 min (max: 60480 min)
total agents: 924
interval wall time: 0 days, 0 hours, 0 minutes, and 18.9247 seconds 
total wall time: 0 days, 0 hours, 6 minutes, and 7.99045 seconds 

current simulated time: 7560 min (max: 60480 min)
total agents: 954
interval wall time: 0 days, 0 hours, 0 minutes, and 18.9899 seconds 
total wall time: 0 days, 0 hours, 6 minutes, and 26.9804 seconds 

current simulated time: 7920 min (max: 60480 min)
total agents: 970
interval wall time: 0 days, 0 hours, 0 minutes, and 19.2775 seconds 
total wall time: 0 days, 0 hours, 6 minutes, and 46.2579 seconds 

current simulated time: 8280 min (max: 60480 min)
total agents: 1003
interval wall time: 0 days, 0 hours, 0 minutes, and 19.3919 seconds 
total wall time: 0 days, 0 hours, 7 minutes, and 5.64984 seconds 

current simulated time: 8640 min (max: 60480 min)
total agents: 1019
interval wall time: 0 days, 0 hours, 0 minutes, and 19.3181 seconds 
total wall time: 0 days, 0 hours, 7 minutes, and 24.9679 seconds 

current simulated time: 9000 min (max: 60480 min)
total agents: 1052
interval wall time: 0 days, 0 hours, 0 minutes, and 19.3936 seconds 
total wall time: 0 days, 0 hours, 7 minutes, and 44.3615 seconds 

current simulated time: 9360 min (max: 60480 min)
total agents: 1086
interval wall time: 0 days, 0 hours, 0 minutes, and 19.5216 seconds 
total wall time: 0 days, 0 hours, 8 minutes, and 3.88319 seconds 

current simulated time: 9720 min (max: 60480 min)
total agents: 1133
interval wall time: 0 days, 0 hours, 0 minutes, and 19.5321 seconds 
total wall time: 0 days, 0 hours, 8 minutes, and 23.4153 seconds 

current simulated time: 10080 min (max: 60480 min)
total agents: 1158
interval wall time: 0 days, 0 hours, 0 minutes, and 19.5966 seconds 
total wall time: 0 days, 0 hours, 8 minutes, and 43.0118 seconds 

current simulated time: 10440 min (max: 60480 min)
total agents: 1175
interval wall time: 0 days, 0 hours, 0 minutes, and 19.4471 seconds 
total wall time: 0 days, 0 hours, 9 minutes, and 2.45895 seconds 

current simulated time: 10800 min (max: 60480 min)
total agents: 1194
interval wall time: 0 days, 0 hours, 0 minutes, and 19.54 seconds 
total wall time: 0 days, 0 hours, 9 minutes, and 21.999 seconds 

current simulated time: 11160 min (max: 60480 min)
total agents: 1236
interval wall time: 0 days, 0 hours, 0 minutes, and 19.5701 seconds 
total wall time: 0 days, 0 hours, 9 minutes, and 41.5691 seconds 

current simulated time: 11520 min (max: 60480 min)
total agents: 1280
interval wall time: 0 days, 0 hours, 0 minutes, and 19.6705 seconds 
total wall time: 0 days, 0 hours, 10 minutes, and 1.23953 seconds 

current simulated time: 11880 min (max: 60480 min)
total agents: 1308
interval wall time: 0 days, 0 hours, 0 minutes, and 19.7567 seconds 
total wall time: 0 days, 0 hours, 10 minutes, and 20.9962 seconds 

current simulated time: 12240 min (max: 60480 min)
total agents: 1341
interval wall time: 0 days, 0 hours, 0 minutes, and 19.766 seconds 
total wall time: 0 days, 0 hours, 10 minutes, and 40.7622 seconds 

current simulated time: 12600 min (max: 60480 min)
total agents: 1372
interval wall time: 0 days, 0 hours, 0 minutes, and 19.8794 seconds 
total wall time: 0 days, 0 hours, 11 minutes, and 0.641542 seconds 

current simulated time: 12960 min (max: 60480 min)
total agents: 1400
interval wall time: 0 days, 0 hours, 0 minutes, and 19.9368 seconds 
total wall time: 0 days, 0 hours, 11 minutes, and 20.5784 seconds 

current simulated time: 13320 min (max: 60480 min)
total agents: 1434
interval wall time: 0 days, 0 hours, 0 minutes, and 20.2559 seconds 
total wall time: 0 days, 0 hours, 11 minutes, and 40.8343 seconds 

current simulated time: 13680 min (max: 60480 min)
total agents: 1478
interval wall time: 0 days, 0 hours, 0 minutes, and 20.2736 seconds 
total wall time: 0 days, 0 hours, 12 minutes, and 1.10785 seconds 

current simulated time: 14040 min (max: 60480 min)
total agents: 1509
interval wall time: 0 days, 0 hours, 0 minutes, and 20.0725 seconds 
total wall time: 0 days, 0 hours, 12 minutes, and 21.1803 seconds 

current simulated time: 14400 min (max: 60480 min)
total agents: 1543
interval wall time: 0 days, 0 hours, 0 minutes, and 20.1097 seconds 
total wall time: 0 days, 0 hours, 12 minutes, and 41.2901 seconds 

current simulated time: 14760 min (max: 60480 min)
total agents: 1576
interval wall time: 0 days, 0 hours, 0 minutes, and 20.1564 seconds 
total wall time: 0 days, 0 hours, 13 minutes, and 1.44649 seconds 

current simulated time: 15120 min (max: 60480 min)
total agents: 1615
interval wall time: 0 days, 0 hours, 0 minutes, and 20.2241 seconds 
total wall time: 0 days, 0 hours, 13 minutes, and 21.6706 seconds 

current simulated time: 15480 min (max: 60480 min)
total agents: 1655
interval wall time: 0 days, 0 hours, 0 minutes, and 20.2341 seconds 
total wall time: 0 days, 0 hours, 13 minutes, and 41.9046 seconds 

current simulated time: 15840 min (max: 60480 min)
total agents: 1689
interval wall time: 0 days, 0 hours, 0 minutes, and 20.2946 seconds 
total wall time: 0 days, 0 hours, 14 minutes, and 2.19922 seconds 

current simulated time: 16200 min (max: 60480 min)
total agents: 1721
interval wall time: 0 days, 0 hours, 0 minutes, and 20.361 seconds 
total wall time: 0 days, 0 hours, 14 minutes, and 22.5602 seconds 

current simulated time: 16560 min (max: 60480 min)
total agents: 1758
interval wall time: 0 days, 0 hours, 0 minutes, and 20.4801 seconds 
total wall time: 0 days, 0 hours, 14 minutes, and 43.0403 seconds 

current simulated time: 16920 min (max: 60480 min)
total agents: 1798
interval wall time: 0 days, 0 hours, 0 minutes, and 20.5887 seconds 
total wall time: 0 days, 0 hours, 15 minutes, and 3.62902 seconds 

current simulated time: 17280 min (max: 60480 min)
total agents: 1842
interval wall time: 0 days, 0 hours, 0 minutes, and 20.5948 seconds 
total wall time: 0 days, 0 hours, 15 minutes, and 24.2238 seconds 

current simulated time: 17640 min (max: 60480 min)
total agents: 1872
interval wall time: 0 days, 0 hours, 0 minutes, and 20.6806 seconds 
total wall time: 0 days, 0 hours, 15 minutes, and 44.9044 seconds 

current simulated time: 18000 min (max: 60480 min)
total agents: 1911
interval wall time: 0 days, 0 hours, 0 minutes, and 20.6868 seconds 
total wall time: 0 days, 0 hours, 16 minutes, and 5.59121 seconds 

current simulated time: 18360 min (max: 60480 min)
total agents: 1933
interval wall time: 0 days, 0 hours, 0 minutes, and 20.7417 seconds 
total wall time: 0 days, 0 hours, 16 minutes, and 26.3329 seconds 

current simulated time: 18720 min (max: 60480 min)
total agents: 1958
interval wall time: 0 days, 0 hours, 0 minutes, and 20.7366 seconds 
total wall time: 0 days, 0 hours, 16 minutes, and 47.0695 seconds 

current simulated time: 19080 min (max: 60480 min)
total agents: 2004
interval wall time: 0 days, 0 hours, 0 minutes, and 20.8859 seconds 
total wall time: 0 days, 0 hours, 17 minutes, and 7.95547 seconds 

current simulated time: 19440 min (max: 60480 min)
total agents: 2053
interval wall time: 0 days, 0 hours, 0 minutes, and 20.9082 seconds 
total wall time: 0 days, 0 hours, 17 minutes, and 28.8637 seconds 

current simulated time: 19800 min (max: 60480 min)
total agents: 2108
interval wall time: 0 days, 0 hours, 0 minutes, and 20.9686 seconds 
total wall time: 0 days, 0 hours, 17 minutes, and 49.8323 seconds 

current simulated time: 20160 min (max: 60480 min)
total agents: 2164
interval wall time: 0 days, 0 hours, 0 minutes, and 21.0031 seconds 
total wall time: 0 days, 0 hours, 18 minutes, and 10.8354 seconds 

current simulated time: 20520 min (max: 60480 min)
total agents: 2216
interval wall time: 0 days, 0 hours, 0 minutes, and 21.0717 seconds 
total wall time: 0 days, 0 hours, 18 minutes, and 31.9072 seconds 

current simulated time: 20880 min (max: 60480 min)
total agents: 2201
interval wall time: 0 days, 0 hours, 0 minutes, and 21.128 seconds 
total wall time: 0 days, 0 hours, 18 minutes, and 53.0352 seconds 

current simulated time: 21240 min (max: 60480 min)
total agents: 2225
interval wall time: 0 days, 0 hours, 0 minutes, and 21.1235 seconds 
total wall time: 0 days, 0 hours, 19 minutes, and 14.1588 seconds 

current simulated time: 21600 min (max: 60480 min)
total agents: 2258
interval wall time: 0 days, 0 hours, 0 minutes, and 21.2147 seconds 
total wall time: 0 days, 0 hours, 19 minutes, and 35.3735 seconds 

current simulated time: 21960 min (max: 60480 min)
total agents: 2293
interval wall time: 0 days, 0 hours, 0 minutes, and 21.2122 seconds 
total wall time: 0 days, 0 hours, 19 minutes, and 56.5856 seconds 

current simulated time: 22320 min (max: 60480 min)
total agents: 2335
interval wall time: 0 days, 0 hours, 0 minutes, and 21.2711 seconds 
total wall time: 0 days, 0 hours, 20 minutes, and 17.8568 seconds 

current simulated time: 22680 min (max: 60480 min)
total agents: 2372
interval wall time: 0 days, 0 hours, 0 minutes, and 21.2999 seconds 
total wall time: 0 days, 0 hours, 20 minutes, and 39.1567 seconds 

current simulated time: 23040 min (max: 60480 min)
total agents: 2405
interval wall time: 0 days, 0 hours, 0 minutes, and 21.3952 seconds 
total wall time: 0 days, 0 hours, 21 minutes, and 0.551884 seconds 

current simulated time: 23400 min (max: 60480 min)
total agents: 2457
interval wall time: 0 days, 0 hours, 0 minutes, and 21.4871 seconds 
total wall time: 0 days, 0 hours, 21 minutes, and 22.039 seconds 

current simulated time: 23760 min (max: 60480 min)
total agents: 2509
interval wall time: 0 days, 0 hours, 0 minutes, and 21.5413 seconds 
total wall time: 0 days, 0 hours, 21 minutes, and 43.5803 seconds 

current simulated time: 24120 min (max: 60480 min)
total agents: 2566
interval wall time: 0 days, 0 hours, 0 minutes, and 21.67 seconds 
total wall time: 0 days, 0 hours, 22 minutes, and 5.25022 seconds 

current simulated time: 24480 min (max: 60480 min)
total agents: 2608
interval wall time: 0 days, 0 hours, 0 minutes, and 21.6739 seconds 
total wall time: 0 days, 0 hours, 22 minutes, and 26.9241 seconds 

current simulated time: 24840 min (max: 60480 min)
total agents: 2657
interval wall time: 0 days, 0 hours, 0 minutes, and 21.7299 seconds 
total wall time: 0 days, 0 hours, 22 minutes, and 48.654 seconds 

current simulated time: 25200 min (max: 60480 min)
total agents: 2711
interval wall time: 0 days, 0 hours, 0 minutes, and 21.8852 seconds 
total wall time: 0 days, 0 hours, 23 minutes, and 10.5393 seconds 

current simulated time: 25560 min (max: 60480 min)
total agents: 2755
interval wall time: 0 days, 0 hours, 0 minutes, and 21.8344 seconds 
total wall time: 0 days, 0 hours, 23 minutes, and 32.3737 seconds 

current simulated time: 25920 min (max: 60480 min)
total agents: 2789
interval wall time: 0 days, 0 hours, 0 minutes, and 21.9631 seconds 
total wall time: 0 days, 0 hours, 23 minutes, and 54.3368 seconds 

current simulated time: 26280 min (max: 60480 min)
total agents: 2842
interval wall time: 0 days, 0 hours, 0 minutes, and 22.0066 seconds 
total wall time: 0 days, 0 hours, 24 minutes, and 16.3434 seconds 

current simulated time: 26640 min (max: 60480 min)
total agents: 2898
interval wall time: 0 days, 0 hours, 0 minutes, and 22.1275 seconds 
total wall time: 0 days, 0 hours, 24 minutes, and 38.4709 seconds 

current simulated time: 27000 min (max: 60480 min)
total agents: 2948
interval wall time: 0 days, 0 hours, 0 minutes, and 22.1299 seconds 
total wall time: 0 days, 0 hours, 25 minutes, and 0.600873 seconds 

current simulated time: 27360 min (max: 60480 min)
total agents: 3032
interval wall time: 0 days, 0 hours, 0 minutes, and 22.2185 seconds 
total wall time: 0 days, 0 hours, 25 minutes, and 22.8194 seconds 

current simulated time: 27720 min (max: 60480 min)
total agents: 3104
interval wall time: 0 days, 0 hours, 0 minutes, and 22.4195 seconds 
total wall time: 0 days, 0 hours, 25 minutes, and 45.2388 seconds 

current simulated time: 28080 min (max: 60480 min)
total agents: 3181
interval wall time: 0 days, 0 hours, 0 minutes, and 22.5026 seconds 
total wall time: 0 days, 0 hours, 26 minutes, and 7.7415 seconds 

current simulated time: 28440 min (max: 60480 min)
total agents: 3233
interval wall time: 0 days, 0 hours, 0 minutes, and 22.6024 seconds 
total wall time: 0 days, 0 hours, 26 minutes, and 30.3439 seconds 

current simulated time: 28800 min (max: 60480 min)
total agents: 3302
interval wall time: 0 days, 0 hours, 0 minutes, and 22.6308 seconds 
total wall time: 0 days, 0 hours, 26 minutes, and 52.9746 seconds 

current simulated time: 29160 min (max: 60480 min)
total agents: 3358
interval wall time: 0 days, 0 hours, 0 minutes, and 22.8168 seconds 
total wall time: 0 days, 0 hours, 27 minutes, and 15.7914 seconds 

current simulated time: 29520 min (max: 60480 min)
total agents: 3429
interval wall time: 0 days, 0 hours, 0 minutes, and 22.8639 seconds 
total wall time: 0 days, 0 hours, 27 minutes, and 38.6553 seconds 

current simulated time: 29880 min (max: 60480 min)
total agents: 3490
interval wall time: 0 days, 0 hours, 0 minutes, and 22.9528 seconds 
total wall time: 0 days, 0 hours, 28 minutes, and 1.60815 seconds 

current simulated time: 30240 min (max: 60480 min)
total agents: 3554
interval wall time: 0 days, 0 hours, 0 minutes, and 23.0626 seconds 
total wall time: 0 days, 0 hours, 28 minutes, and 24.6707 seconds 

current simulated time: 30600 min (max: 60480 min)
total agents: 3631
interval wall time: 0 days, 0 hours, 0 minutes, and 23.1398 seconds 
total wall time: 0 days, 0 hours, 28 minutes, and 47.8105 seconds 

current simulated time: 30960 min (max: 60480 min)
total agents: 3679
interval wall time: 0 days, 0 hours, 0 minutes, and 23.2543 seconds 
total wall time: 0 days, 0 hours, 29 minutes, and 11.0648 seconds 

current simulated time: 31320 min (max: 60480 min)
total agents: 3737
interval wall time: 0 days, 0 hours, 0 minutes, and 23.3531 seconds 
total wall time: 0 days, 0 hours, 29 minutes, and 34.4179 seconds 

current simulated time: 31680 min (max: 60480 min)
total agents: 3807
interval wall time: 0 days, 0 hours, 0 minutes, and 23.4352 seconds 
total wall time: 0 days, 0 hours, 29 minutes, and 57.8531 seconds 

current simulated time: 32040 min (max: 60480 min)
total agents: 3863
interval wall time: 0 days, 0 hours, 0 minutes, and 23.576 seconds 
total wall time: 0 days, 0 hours, 30 minutes, and 21.4292 seconds 

current simulated time: 32400 min (max: 60480 min)
total agents: 3931
interval wall time: 0 days, 0 hours, 0 minutes, and 23.7227 seconds 
total wall time: 0 days, 0 hours, 30 minutes, and 45.1519 seconds 

current simulated time: 32760 min (max: 60480 min)
total agents: 3992
interval wall time: 0 days, 0 hours, 0 minutes, and 23.6919 seconds 
total wall time: 0 days, 0 hours, 31 minutes, and 8.84377 seconds 

current simulated time: 33120 min (max: 60480 min)
total agents: 4049
interval wall time: 0 days, 0 hours, 0 minutes, and 23.766 seconds 
total wall time: 0 days, 0 hours, 31 minutes, and 32.6098 seconds 

current simulated time: 33480 min (max: 60480 min)
total agents: 4134
interval wall time: 0 days, 0 hours, 0 minutes, and 23.8228 seconds 
total wall time: 0 days, 0 hours, 31 minutes, and 56.4326 seconds 

current simulated time: 33840 min (max: 60480 min)
total agents: 4215
interval wall time: 0 days, 0 hours, 0 minutes, and 24.0901 seconds 
total wall time: 0 days, 0 hours, 32 minutes, and 20.5227 seconds 

current simulated time: 34200 min (max: 60480 min)
total agents: 4278
interval wall time: 0 days, 0 hours, 0 minutes, and 24.1392 seconds 
total wall time: 0 days, 0 hours, 32 minutes, and 44.6619 seconds 

current simulated time: 34560 min (max: 60480 min)
total agents: 4356
interval wall time: 0 days, 0 hours, 0 minutes, and 24.539 seconds 
total wall time: 0 days, 0 hours, 33 minutes, and 9.20094 seconds 

current simulated time: 34920 min (max: 60480 min)
total agents: 4431
interval wall time: 0 days, 0 hours, 0 minutes, and 24.9245 seconds 
total wall time: 0 days, 0 hours, 33 minutes, and 34.1255 seconds 

current simulated time: 35280 min (max: 60480 min)
total agents: 4499
interval wall time: 0 days, 0 hours, 0 minutes, and 24.9358 seconds 
total wall time: 0 days, 0 hours, 33 minutes, and 59.0613 seconds 

current simulated time: 35640 min (max: 60480 min)
total agents: 4562
interval wall time: 0 days, 0 hours, 0 minutes, and 24.9621 seconds 
total wall time: 0 days, 0 hours, 34 minutes, and 24.0234 seconds 

current simulated time: 36000 min (max: 60480 min)
total agents: 4635
interval wall time: 0 days, 0 hours, 0 minutes, and 25.1127 seconds 
total wall time: 0 days, 0 hours, 34 minutes, and 49.1362 seconds 

current simulated time: 36360 min (max: 60480 min)
total agents: 4706
interval wall time: 0 days, 0 hours, 0 minutes, and 25.3032 seconds 
total wall time: 0 days, 0 hours, 35 minutes, and 14.4394 seconds 

current simulated time: 36720 min (max: 60480 min)
total agents: 4788
interval wall time: 0 days, 0 hours, 0 minutes, and 25.3953 seconds 
total wall time: 0 days, 0 hours, 35 minutes, and 39.8347 seconds 

current simulated time: 37080 min (max: 60480 min)
total agents: 4870
interval wall time: 0 days, 0 hours, 0 minutes, and 25.5118 seconds 
total wall time: 0 days, 0 hours, 36 minutes, and 5.34655 seconds 

current simulated time: 37440 min (max: 60480 min)
total agents: 4954
interval wall time: 0 days, 0 hours, 0 minutes, and 25.6541 seconds 
total wall time: 0 days, 0 hours, 36 minutes, and 31.0007 seconds 

current simulated time: 37800 min (max: 60480 min)
total agents: 5018
interval wall time: 0 days, 0 hours, 0 minutes, and 25.6629 seconds 
total wall time: 0 days, 0 hours, 36 minutes, and 56.6635 seconds 

current simulated time: 38160 min (max: 60480 min)
total agents: 5100
interval wall time: 0 days, 0 hours, 0 minutes, and 25.782 seconds 
total wall time: 0 days, 0 hours, 37 minutes, and 22.4455 seconds 

current simulated time: 38520 min (max: 60480 min)
total agents: 5175
interval wall time: 0 days, 0 hours, 0 minutes, and 26.0245 seconds 
total wall time: 0 days, 0 hours, 37 minutes, and 48.47 seconds 

current simulated time: 38880 min (max: 60480 min)
total agents: 5263
interval wall time: 0 days, 0 hours, 0 minutes, and 26.229 seconds 
total wall time: 0 days, 0 hours, 38 minutes, and 14.699 seconds 

current simulated time: 39240 min (max: 60480 min)
total agents: 5339
interval wall time: 0 days, 0 hours, 0 minutes, and 26.3232 seconds 
total wall time: 0 days, 0 hours, 38 minutes, and 41.0223 seconds 

current simulated time: 39600 min (max: 60480 min)
total agents: 5420
interval wall time: 0 days, 0 hours, 0 minutes, and 26.3232 seconds 
total wall time: 0 days, 0 hours, 39 minutes, and 7.34548 seconds 

current simulated time: 39960 min (max: 60480 min)
total agents: 5514
interval wall time: 0 days, 0 hours, 0 minutes, and 26.4297 seconds 
total wall time: 0 days, 0 hours, 39 minutes, and 33.7752 seconds 

current simulated time: 40320 min (max: 60480 min)
total agents: 5583
interval wall time: 0 days, 0 hours, 0 minutes, and 26.5233 seconds 
total wall time: 0 days, 0 hours, 40 minutes, and 0.298458 seconds 

current simulated time: 40680 min (max: 60480 min)
total agents: 5689
interval wall time: 0 days, 0 hours, 0 minutes, and 26.671 seconds 
total wall time: 0 days, 0 hours, 40 minutes, and 26.9695 seconds 

current simulated time: 41040 min (max: 60480 min)
total agents: 5755
interval wall time: 0 days, 0 hours, 0 minutes, and 26.7404 seconds 
total wall time: 0 days, 0 hours, 40 minutes, and 53.7099 seconds 

current simulated time: 41400 min (max: 60480 min)
total agents: 5835
interval wall time: 0 days, 0 hours, 0 minutes, and 26.7711 seconds 
total wall time: 0 days, 0 hours, 41 minutes, and 20.481 seconds 

current simulated time: 41760 min (max: 60480 min)
total agents: 5921
interval wall time: 0 days, 0 hours, 0 minutes, and 26.93 seconds 
total wall time: 0 days, 0 hours, 41 minutes, and 47.411 seconds 

current simulated time: 42120 min (max: 60480 min)
total agents: 5999
interval wall time: 0 days, 0 hours, 0 minutes, and 27.067 seconds 
total wall time: 0 days, 0 hours, 42 minutes, and 14.478 seconds 

current simulated time: 42480 min (max: 60480 min)
total agents: 6092
interval wall time: 0 days, 0 hours, 0 minutes, and 27.2038 seconds 
total wall time: 0 days, 0 hours, 42 minutes, and 41.6819 seconds 

current simulated time: 42840 min (max: 60480 min)
total agents: 6164
interval wall time: 0 days, 0 hours, 0 minutes, and 27.253 seconds 
total wall time: 0 days, 0 hours, 43 minutes, and 8.93492 seconds 

current simulated time: 43200 min (max: 60480 min)
total agents: 6253
interval wall time: 0 days, 0 hours, 0 minutes, and 27.4175 seconds 
total wall time: 0 days, 0 hours, 43 minutes, and 36.3524 seconds 

current simulated time: 43560 min (max: 60480 min)
total agents: 6341
interval wall time: 0 days, 0 hours, 0 minutes, and 27.6284 seconds 
total wall time: 0 days, 0 hours, 44 minutes, and 3.98083 seconds 

current simulated time: 43920 min (max: 60480 min)
total agents: 6450
interval wall time: 0 days, 0 hours, 0 minutes, and 27.6755 seconds 
total wall time: 0 days, 0 hours, 44 minutes, and 31.6563 seconds 

current simulated time: 44280 min (max: 60480 min)
total agents: 6523
interval wall time: 0 days, 0 hours, 0 minutes, and 27.8203 seconds 
total wall time: 0 days, 0 hours, 44 minutes, and 59.4766 seconds 

current simulated time: 44640 min (max: 60480 min)
total agents: 6613
interval wall time: 0 days, 0 hours, 0 minutes, and 27.8848 seconds 
total wall time: 0 days, 0 hours, 45 minutes, and 27.3614 seconds 

current simulated time: 45000 min (max: 60480 min)
total agents: 6713
interval wall time: 0 days, 0 hours, 0 minutes, and 28.0008 seconds 
total wall time: 0 days, 0 hours, 45 minutes, and 55.3622 seconds 

current simulated time: 45360 min (max: 60480 min)
total agents: 6798
interval wall time: 0 days, 0 hours, 0 minutes, and 28.1455 seconds 
total wall time: 0 days, 0 hours, 46 minutes, and 23.5077 seconds 

current simulated time: 45720 min (max: 60480 min)
total agents: 6896
interval wall time: 0 days, 0 hours, 0 minutes, and 28.2761 seconds 
total wall time: 0 days, 0 hours, 46 minutes, and 51.7838 seconds 

current simulated time: 46080 min (max: 60480 min)
total agents: 7000
interval wall time: 0 days, 0 hours, 0 minutes, and 28.4624 seconds 
total wall time: 0 days, 0 hours, 47 minutes, and 20.2461 seconds 

current simulated time: 46440 min (max: 60480 min)
total agents: 7078
interval wall time: 0 days, 0 hours, 0 minutes, and 28.6174 seconds 
total wall time: 0 days, 0 hours, 47 minutes, and 48.8635 seconds 

current simulated time: 46800 min (max: 60480 min)
total agents: 7194
interval wall time: 0 days, 0 hours, 0 minutes, and 28.7419 seconds 
total wall time: 0 days, 0 hours, 48 minutes, and 17.6054 seconds 

current simulated time: 47160 min (max: 60480 min)
total agents: 7310
interval wall time: 0 days, 0 hours, 0 minutes, and 28.9348 seconds 
total wall time: 0 days, 0 hours, 48 minutes, and 46.5402 seconds 

current simulated time: 47520 min (max: 60480 min)
total agents: 7414
interval wall time: 0 days, 0 hours, 0 minutes, and 29.0837 seconds 
total wall time: 0 days, 0 hours, 49 minutes, and 15.6239 seconds 

current simulated time: 47880 min (max: 60480 min)
total agents: 7498
interval wall time: 0 days, 0 hours, 0 minutes, and 29.2525 seconds 
total wall time: 0 days, 0 hours, 49 minutes, and 44.8765 seconds 

current simulated time: 48240 min (max: 60480 min)
total agents: 7610
interval wall time: 0 days, 0 hours, 0 minutes, and 29.3957 seconds 
total wall time: 0 days, 0 hours, 50 minutes, and 14.2721 seconds 

current simulated time: 48600 min (max: 60480 min)
total agents: 7728
interval wall time: 0 days, 0 hours, 0 minutes, and 29.5838 seconds 
total wall time: 0 days, 0 hours, 50 minutes, and 43.856 seconds 

current simulated time: 48960 min (max: 60480 min)
total agents: 7829
interval wall time: 0 days, 0 hours, 0 minutes, and 29.7921 seconds 
total wall time: 0 days, 0 hours, 51 minutes, and 13.6481 seconds 

current simulated time: 49320 min (max: 60480 min)
total agents: 7928
interval wall time: 0 days, 0 hours, 0 minutes, and 29.892 seconds 
total wall time: 0 days, 0 hours, 51 minutes, and 43.5401 seconds 

current simulated time: 49680 min (max: 60480 min)
total agents: 8045
interval wall time: 0 days, 0 hours, 0 minutes, and 30.0187 seconds 
total wall time: 0 days, 0 hours, 52 minutes, and 13.5588 seconds 

current simulated time: 50040 min (max: 60480 min)
total agents: 8163
interval wall time: 0 days, 0 hours, 0 minutes, and 30.1811 seconds 
total wall time: 0 days, 0 hours, 52 minutes, and 43.7399 seconds 

current simulated time: 50400 min (max: 60480 min)
total agents: 8278
interval wall time: 0 days, 0 hours, 0 minutes, and 30.364 seconds 
total wall time: 0 days, 0 hours, 53 minutes, and 14.1039 seconds 

current simulated time: 50760 min (max: 60480 min)
total agents: 8383
interval wall time: 0 days, 0 hours, 0 minutes, and 30.4924 seconds 
total wall time: 0 days, 0 hours, 53 minutes, and 44.5963 seconds 

current simulated time: 51120 min (max: 60480 min)
total agents: 8485
interval wall time: 0 days, 0 hours, 0 minutes, and 30.6307 seconds 
total wall time: 0 days, 0 hours, 54 minutes, and 15.2271 seconds 

current simulated time: 51480 min (max: 60480 min)
total agents: 8595
interval wall time: 0 days, 0 hours, 0 minutes, and 30.7672 seconds 
total wall time: 0 days, 0 hours, 54 minutes, and 45.9942 seconds 

current simulated time: 51840 min (max: 60480 min)
total agents: 8733
interval wall time: 0 days, 0 hours, 0 minutes, and 30.9296 seconds 
total wall time: 0 days, 0 hours, 55 minutes, and 16.9238 seconds 

current simulated time: 52200 min (max: 60480 min)
total agents: 8838
interval wall time: 0 days, 0 hours, 0 minutes, and 31.1155 seconds 
total wall time: 0 days, 0 hours, 55 minutes, and 48.0393 seconds 

current simulated time: 52560 min (max: 60480 min)
total agents: 8956
interval wall time: 0 days, 0 hours, 0 minutes, and 31.2715 seconds 
total wall time: 0 days, 0 hours, 56 minutes, and 19.3109 seconds 

current simulated time: 52920 min (max: 60480 min)
total agents: 9082
interval wall time: 0 days, 0 hours, 0 minutes, and 31.4758 seconds 
total wall time: 0 days, 0 hours, 56 minutes, and 50.7867 seconds 

current simulated time: 53280 min (max: 60480 min)
total agents: 9206
interval wall time: 0 days, 0 hours, 0 minutes, and 31.6246 seconds 
total wall time: 0 days, 0 hours, 57 minutes, and 22.4113 seconds 

current simulated time: 53640 min (max: 60480 min)
total agents: 9345
interval wall time: 0 days, 0 hours, 0 minutes, and 31.8918 seconds 
total wall time: 0 days, 0 hours, 57 minutes, and 54.3031 seconds 

current simulated time: 54000 min (max: 60480 min)
total agents: 9473
interval wall time: 0 days, 0 hours, 0 minutes, and 32.1134 seconds 
total wall time: 0 days, 0 hours, 58 minutes, and 26.4165 seconds 

current simulated time: 54360 min (max: 60480 min)
total agents: 9615
interval wall time: 0 days, 0 hours, 0 minutes, and 32.3033 seconds 
total wall time: 0 days, 0 hours, 58 minutes, and 58.7199 seconds 

current simulated time: 54720 min (max: 60480 min)
total agents: 9734
interval wall time: 0 days, 0 hours, 0 minutes, and 32.5321 seconds 
total wall time: 0 days, 0 hours, 59 minutes, and 31.252 seconds 

current simulated time: 55080 min (max: 60480 min)
total agents: 9872
interval wall time: 0 days, 0 hours, 0 minutes, and 32.7257 seconds 
total wall time: 0 days, 1 hours, 0 minutes, and 3.97775 seconds 

current simulated time: 55440 min (max: 60480 min)
total agents: 10006
interval wall time: 0 days, 0 hours, 0 minutes, and 32.9568 seconds 
total wall time: 0 days, 1 hours, 0 minutes, and 36.9345 seconds 

current simulated time: 55800 min (max: 60480 min)
total agents: 10131
interval wall time: 0 days, 0 hours, 0 minutes, and 33.0594 seconds 
total wall time: 0 days, 1 hours, 1 minutes, and 9.99397 seconds 

current simulated time: 56160 min (max: 60480 min)
total agents: 10276
interval wall time: 0 days, 0 hours, 0 minutes, and 33.2761 seconds 
total wall time: 0 days, 1 hours, 1 minutes, and 43.2701 seconds 

current simulated time: 56520 min (max: 60480 min)
total agents: 10431
interval wall time: 0 days, 0 hours, 0 minutes, and 33.4683 seconds 
total wall time: 0 days, 1 hours, 2 minutes, and 16.7384 seconds 

current simulated time: 56880 min (max: 60480 min)
total agents: 10560
interval wall time: 0 days, 0 hours, 0 minutes, and 33.5524 seconds 
total wall time: 0 days, 1 hours, 2 minutes, and 50.2908 seconds 

current simulated time: 57240 min (max: 60480 min)
total agents: 10668
interval wall time: 0 days, 0 hours, 0 minutes, and 33.7574 seconds 
total wall time: 0 days, 1 hours, 3 minutes, and 24.0483 seconds 

current simulated time: 57600 min (max: 60480 min)
total agents: 10781
interval wall time: 0 days, 0 hours, 0 minutes, and 33.9401 seconds 
total wall time: 0 days, 1 hours, 3 minutes, and 57.9884 seconds 

current simulated time: 57960 min (max: 60480 min)
total agents: 10904
interval wall time: 0 days, 0 hours, 0 minutes, and 34.1174 seconds 
total wall time: 0 days, 1 hours, 4 minutes, and 32.1057 seconds 

current simulated time: 58320 min (max: 60480 min)
total agents: 11043
interval wall time: 0 days, 0 hours, 0 minutes, and 34.3465 seconds 
total wall time: 0 days, 1 hours, 5 minutes, and 6.45221 seconds 

current simulated time: 58680 min (max: 60480 min)
total agents: 11160
interval wall time: 0 days, 0 hours, 0 minutes, and 34.2738 seconds 
total wall time: 0 days, 1 hours, 5 minutes, and 40.726 seconds 

current simulated time: 59040 min (max: 60480 min)
total agents: 11301
interval wall time: 0 days, 0 hours, 0 minutes, and 34.4257 seconds 
total wall time: 0 days, 1 hours, 6 minutes, and 15.1517 seconds 

current simulated time: 59400 min (max: 60480 min)
total agents: 11442
interval wall time: 0 days, 0 hours, 0 minutes, and 34.6978 seconds 
total wall time: 0 days, 1 hours, 6 minutes, and 49.8495 seconds 

current simulated time: 59760 min (max: 60480 min)
total agents: 11600
interval wall time: 0 days, 0 hours, 0 minutes, and 34.9362 seconds 
total wall time: 0 days, 1 hours, 7 minutes, and 24.7858 seconds 

current simulated time: 60120 min (max: 60480 min)
total agents: 11735
interval wall time: 0 days, 0 hours, 0 minutes, and 35.1409 seconds 
total wall time: 0 days, 1 hours, 7 minutes, and 59.9267 seconds 

current simulated time: 60480 min (max: 60480 min)
total agents: 11874
interval wall time: 0 days, 0 hours, 0 minutes, and 35.2729 seconds 
total wall time: 0 days, 1 hours, 8 minutes, and 35.1996 seconds 


Total simulation runtime: 
0 days, 1 hours, 8 minutes, and 35.6306 seconds [stage2] simulation done:  Wed Mar 25 06:09:02 UTC 2026
[stage2] output: /home/a0hirs04/PROJECT-NORTHSTAR/build/rc2_full_seed42/replicate_01_seed42/output
[stage2] job: 10615
